mode: atomic
github.com/go-php/gateway/internal/config/config.go:69.30,97.2 1 17
github.com/go-php/gateway/internal/config/config.go:100.41,104.16 3 4
github.com/go-php/gateway/internal/config/config.go:104.16,106.3 1 1
github.com/go-php/gateway/internal/config/config.go:108.2,108.50 1 3
github.com/go-php/gateway/internal/config/config.go:108.50,110.3 1 1
github.com/go-php/gateway/internal/config/config.go:112.2,112.38 1 2
github.com/go-php/gateway/internal/config/config.go:112.38,114.3 1 1
github.com/go-php/gateway/internal/config/config.go:116.2,116.17 1 1
github.com/go-php/gateway/internal/config/reload.go:24.75,33.2 4 4
github.com/go-php/gateway/internal/config/reload.go:36.40,38.2 1 4
github.com/go-php/gateway/internal/config/reload.go:42.49,44.41 1 4
github.com/go-php/gateway/internal/config/reload.go:44.41,46.3 1 1
github.com/go-php/gateway/internal/config/reload.go:49.2,60.23 4 3
github.com/go-php/gateway/internal/config/reload.go:60.23,61.44 1 1
github.com/go-php/gateway/internal/config/reload.go:61.44,63.4 1 0
github.com/go-php/gateway/internal/config/reload.go:66.2,66.12 1 3
github.com/go-php/gateway/internal/config/reload.go:70.37,72.2 1 3
github.com/go-php/gateway/internal/config/reload.go:80.89,81.48 1 1
github.com/go-php/gateway/internal/config/reload.go:81.48,83.3 1 0
github.com/go-php/gateway/internal/config/reload.go:86.2,86.31 1 1
github.com/go-php/gateway/internal/config/reload.go:86.31,88.3 1 1
github.com/go-php/gateway/internal/config/reload.go:90.2,90.12 1 1
github.com/go-php/gateway/internal/config/validate.go:10.34,11.22 1 10
github.com/go-php/gateway/internal/config/validate.go:11.22,13.3 1 3
github.com/go-php/gateway/internal/config/validate.go:16.2,16.27 1 7
github.com/go-php/gateway/internal/config/validate.go:16.27,18.3 1 1
github.com/go-php/gateway/internal/config/validate.go:19.2,20.16 2 6
github.com/go-php/gateway/internal/config/validate.go:20.16,22.3 1 1
github.com/go-php/gateway/internal/config/validate.go:23.2,23.16 1 5
github.com/go-php/gateway/internal/config/validate.go:23.16,24.41 1 0
github.com/go-php/gateway/internal/config/validate.go:24.41,26.4 1 0
github.com/go-php/gateway/internal/config/validate.go:28.2,28.16 1 5
github.com/go-php/gateway/internal/config/validate.go:28.16,30.3 1 0
github.com/go-php/gateway/internal/config/validate.go:33.2,33.30 1 5
github.com/go-php/gateway/internal/config/validate.go:33.30,35.3 1 0
github.com/go-php/gateway/internal/config/validate.go:36.2,36.31 1 5
github.com/go-php/gateway/internal/config/validate.go:36.31,38.3 1 0
github.com/go-php/gateway/internal/config/validate.go:39.2,39.33 1 5
github.com/go-php/gateway/internal/config/validate.go:39.33,41.3 1 0
github.com/go-php/gateway/internal/config/validate.go:44.2,44.28 1 5
github.com/go-php/gateway/internal/config/validate.go:45.22,45.22 0 4
github.com/go-php/gateway/internal/config/validate.go:47.10,48.30 1 1
github.com/go-php/gateway/internal/config/validate.go:49.10,50.91 1 0
github.com/go-php/gateway/internal/config/validate.go:54.2,54.34 1 5
github.com/go-php/gateway/internal/config/validate.go:55.29,55.29 0 4
github.com/go-php/gateway/internal/config/validate.go:57.10,58.43 1 1
github.com/go-php/gateway/internal/config/validate.go:59.10,60.111 1 0
github.com/go-php/gateway/internal/config/validate.go:63.2,63.12 1 5
github.com/go-php/gateway/internal/admin/api.go:25.35,31.2 1 5
github.com/go-php/gateway/internal/admin/api.go:44.81,55.2 3 5
github.com/go-php/gateway/internal/admin/api.go:57.27,64.2 6 5
github.com/go-php/gateway/internal/admin/api.go:66.68,68.36 1 7
github.com/go-php/gateway/internal/admin/api.go:68.36,71.3 2 0
github.com/go-php/gateway/internal/admin/api.go:74.2,74.24 1 7
github.com/go-php/gateway/internal/admin/api.go:74.24,78.3 3 2
github.com/go-php/gateway/internal/admin/api.go:80.2,81.23 2 5
github.com/go-php/gateway/internal/admin/api.go:84.53,85.23 1 7
github.com/go-php/gateway/internal/admin/api.go:85.23,87.3 1 4
github.com/go-php/gateway/internal/admin/api.go:89.2,90.41 2 3
github.com/go-php/gateway/internal/admin/api.go:90.41,92.3 1 1
github.com/go-php/gateway/internal/admin/api.go:94.2,95.76 2 2
github.com/go-php/gateway/internal/admin/api.go:98.71,110.2 3 2
github.com/go-php/gateway/internal/admin/api.go:112.79,119.2 2 0
github.com/go-php/gateway/internal/admin/api.go:121.76,126.2 2 0
github.com/go-php/gateway/internal/admin/api.go:128.72,139.2 3 1
github.com/go-php/gateway/internal/admin/api.go:141.73,148.2 3 1
github.com/go-php/gateway/internal/admin/api.go:150.71,153.2 2 1
github.com/go-php/gateway/internal/admin/api.go:169.56,175.2 1 5
github.com/go-php/gateway/internal/admin/api.go:178.44,180.2 1 2
github.com/go-php/gateway/internal/admin/api.go:198.30,200.2 1 6
github.com/go-php/gateway/internal/admin/api.go:203.53,214.32 4 8
github.com/go-php/gateway/internal/admin/api.go:214.32,216.3 1 0
github.com/go-php/gateway/internal/admin/api.go:220.47,224.24 3 2
github.com/go-php/gateway/internal/admin/api.go:224.24,226.3 1 2
github.com/go-php/gateway/internal/admin/api.go:228.2,230.15 3 2
github.com/go-php/gateway/internal/admin/api.go:247.44,252.2 1 6
github.com/go-php/gateway/internal/admin/api.go:255.47,260.9 4 13
github.com/go-php/gateway/internal/admin/api.go:260.9,263.3 2 6
github.com/go-php/gateway/internal/admin/api.go:265.2,267.33 3 13
github.com/go-php/gateway/internal/admin/api.go:267.33,269.3 1 6
github.com/go-php/gateway/internal/admin/api.go:270.2,272.18 2 13
github.com/go-php/gateway/internal/admin/api.go:272.18,274.3 1 1
github.com/go-php/gateway/internal/admin/api.go:276.2,277.13 2 12
github.com/go-php/gateway/internal/admin/api.go:281.34,286.31 4 0
github.com/go-php/gateway/internal/admin/api.go:286.31,287.33 1 0
github.com/go-php/gateway/internal/admin/api.go:287.33,289.4 1 0
github.com/go-php/gateway/internal/admin/csrf.go:23.68,30.2 1 9
github.com/go-php/gateway/internal/admin/csrf.go:33.46,48.2 9 4
github.com/go-php/gateway/internal/admin/csrf.go:51.51,52.17 1 3
github.com/go-php/gateway/internal/admin/csrf.go:52.17,54.3 1 1
github.com/go-php/gateway/internal/admin/csrf.go:56.2,60.9 4 2
github.com/go-php/gateway/internal/admin/csrf.go:60.9,62.3 1 0
github.com/go-php/gateway/internal/admin/csrf.go:64.2,64.33 1 2
github.com/go-php/gateway/internal/admin/csrf.go:64.33,66.3 1 1
github.com/go-php/gateway/internal/admin/csrf.go:68.2,68.13 1 1
github.com/go-php/gateway/internal/admin/csrf.go:72.50,77.9 4 4
github.com/go-php/gateway/internal/admin/csrf.go:77.9,79.3 1 2
github.com/go-php/gateway/internal/admin/csrf.go:81.2,81.33 1 2
github.com/go-php/gateway/internal/admin/csrf.go:81.33,84.3 2 0
github.com/go-php/gateway/internal/admin/csrf.go:86.2,87.13 2 2
github.com/go-php/gateway/internal/admin/csrf.go:90.31,91.34 1 4
github.com/go-php/gateway/internal/admin/csrf.go:91.34,93.3 1 4
github.com/go-php/gateway/internal/admin/csrf.go:95.2,96.35 2 0
github.com/go-php/gateway/internal/admin/csrf.go:96.35,97.29 1 0
github.com/go-php/gateway/internal/admin/csrf.go:97.29,99.4 1 0
github.com/go-php/gateway/internal/admin/csrf.go:104.66,105.71 1 4
github.com/go-php/gateway/internal/admin/csrf.go:105.71,107.71 1 4
github.com/go-php/gateway/internal/admin/csrf.go:107.71,110.4 2 2
github.com/go-php/gateway/internal/admin/csrf.go:113.3,114.18 2 2
github.com/go-php/gateway/internal/admin/csrf.go:114.18,118.4 2 1
github.com/go-php/gateway/internal/admin/csrf.go:120.3,120.24 1 2
github.com/go-php/gateway/internal/admin/csrf.go:120.24,123.4 2 1
github.com/go-php/gateway/internal/admin/csrf.go:125.3,125.23 1 1
github.com/go-php/gateway/internal/admin/csrf.go:130.40,134.19 1 4
github.com/go-php/gateway/internal/admin/csrf.go:134.19,136.3 1 0
github.com/go-php/gateway/internal/admin/csrf.go:139.2,141.19 3 4
github.com/go-php/gateway/internal/admin/csrf.go:145.44,153.33 6 4
github.com/go-php/gateway/internal/admin/csrf.go:153.33,154.17 1 256
github.com/go-php/gateway/internal/admin/csrf.go:154.17,157.4 2 256
github.com/go-php/gateway/internal/admin/csrf.go:160.2,163.3 1 4
github.com/go-php/gateway/internal/admin/csrf.go:172.51,175.2 2 4
github.com/go-php/gateway/internal/admin/csrf.go:177.43,183.2 3 4
github.com/go-php/gateway/internal/admin/csrf.go:186.36,204.25 4 8
github.com/go-php/gateway/internal/admin/csrf.go:204.25,206.3 1 184
github.com/go-php/gateway/internal/admin/csrf.go:207.2,212.37 3 8
github.com/go-php/gateway/internal/admin/csrf.go:212.37,214.27 2 16
github.com/go-php/gateway/internal/admin/csrf.go:214.27,217.4 1 256
github.com/go-php/gateway/internal/admin/csrf.go:219.3,219.28 1 16
github.com/go-php/gateway/internal/admin/csrf.go:219.28,223.4 3 768
github.com/go-php/gateway/internal/admin/csrf.go:225.3,227.27 2 16
github.com/go-php/gateway/internal/admin/csrf.go:227.27,243.4 14 1024
github.com/go-php/gateway/internal/admin/csrf.go:245.3,252.13 8 16
github.com/go-php/gateway/internal/admin/csrf.go:255.2,256.22 2 8
github.com/go-php/gateway/internal/admin/csrf.go:256.22,261.3 4 64
github.com/go-php/gateway/internal/admin/csrf.go:263.2,263.15 1 8
github.com/go-php/gateway/internal/admin/csrf.go:266.36,268.2 1 9216
github.com/go-php/gateway/internal/admin/csrf.go:282.68,284.18 2 6
github.com/go-php/gateway/internal/admin/csrf.go:284.18,286.3 1 1
github.com/go-php/gateway/internal/admin/csrf.go:288.2,288.41 1 5
github.com/go-php/gateway/internal/admin/csrf.go:288.41,289.71 1 7
github.com/go-php/gateway/internal/admin/csrf.go:289.71,291.4 1 3
github.com/go-php/gateway/internal/admin/csrf.go:294.2,294.14 1 2
github.com/go-php/gateway/internal/admin/csrf.go:298.40,302.2 3 2
github.com/go-php/gateway/internal/admin/csrf.go:305.45,308.2 2 3
github.com/go-php/gateway/internal/admin/csrf.go:311.43,317.2 5 3
github.com/go-php/gateway/internal/admin/csrf.go:320.97,323.46 2 2
github.com/go-php/gateway/internal/admin/csrf.go:323.46,324.72 1 2
github.com/go-php/gateway/internal/admin/csrf.go:324.72,327.42 2 2
github.com/go-php/gateway/internal/admin/csrf.go:327.42,330.5 2 1
github.com/go-php/gateway/internal/admin/csrf.go:332.4,332.41 1 1
github.com/go-php/gateway/internal/deploy/canary.go:30.113,36.2 1 5
github.com/go-php/gateway/internal/deploy/canary.go:39.124,43.54 3 3
github.com/go-php/gateway/internal/deploy/canary.go:43.54,45.3 1 0
github.com/go-php/gateway/internal/deploy/canary.go:47.2,61.12 3 3
github.com/go-php/gateway/internal/deploy/canary.go:65.59,69.54 3 2
github.com/go-php/gateway/internal/deploy/canary.go:69.54,71.3 1 0
github.com/go-php/gateway/internal/deploy/canary.go:73.2,74.28 2 2
github.com/go-php/gateway/internal/deploy/canary.go:74.28,76.3 1 1
github.com/go-php/gateway/internal/deploy/canary.go:78.2,79.12 2 2
github.com/go-php/gateway/internal/deploy/canary.go:83.62,87.54 3 0
github.com/go-php/gateway/internal/deploy/canary.go:87.54,89.3 1 0
github.com/go-php/gateway/internal/deploy/canary.go:91.2,95.68 3 0
github.com/go-php/gateway/internal/deploy/canary.go:95.68,98.3 2 0
github.com/go-php/gateway/internal/deploy/canary.go:100.2,103.12 3 0
github.com/go-php/gateway/internal/deploy/canary.go:107.63,111.22 3 2
github.com/go-php/gateway/internal/deploy/canary.go:111.22,113.3 1 1
github.com/go-php/gateway/internal/deploy/canary.go:115.2,119.12 4 1
github.com/go-php/gateway/internal/deploy/canary.go:123.47,127.22 3 5
github.com/go-php/gateway/internal/deploy/canary.go:127.22,129.3 1 2
github.com/go-php/gateway/internal/deploy/canary.go:130.2,130.25 1 3
github.com/go-php/gateway/internal/deploy/canary.go:134.54,138.54 3 1
github.com/go-php/gateway/internal/deploy/canary.go:138.54,140.3 1 1
github.com/go-php/gateway/internal/deploy/canary.go:144.2,144.42 1 0
github.com/go-php/gateway/internal/deploy/canary.go:148.58,152.22 3 1
github.com/go-php/gateway/internal/deploy/canary.go:152.22,154.3 1 0
github.com/go-php/gateway/internal/deploy/canary.go:156.2,157.14 2 1
github.com/go-php/gateway/internal/deploy/canary.go:160.29,162.2 1 0
github.com/go-php/gateway/internal/deploy/canary.go:172.109,175.2 2 0
github.com/go-php/gateway/internal/deploy/canary.go:178.76,181.2 2 0
github.com/go-php/gateway/internal/deploy/canary.go:184.48,186.2 1 0
github.com/go-php/gateway/internal/deploy/hooks.go:49.51,55.2 1 11
github.com/go-php/gateway/internal/deploy/hooks.go:58.79,60.2 1 7
github.com/go-php/gateway/internal/deploy/hooks.go:63.80,65.2 1 4
github.com/go-php/gateway/internal/deploy/hooks.go:68.81,70.2 1 0
github.com/go-php/gateway/internal/deploy/hooks.go:73.82,75.2 1 0
github.com/go-php/gateway/internal/deploy/hooks.go:77.106,78.29 1 11
github.com/go-php/gateway/internal/deploy/hooks.go:78.29,79.68 1 5
github.com/go-php/gateway/internal/deploy/hooks.go:79.68,81.4 1 3
github.com/go-php/gateway/internal/deploy/hooks.go:83.2,83.12 1 8
github.com/go-php/gateway/internal/deploy/hooks.go:86.108,88.18 2 5
github.com/go-php/gateway/internal/deploy/hooks.go:88.18,90.3 1 4
github.com/go-php/gateway/internal/deploy/hooks.go:92.2,96.19 4 5
github.com/go-php/gateway/internal/deploy/hooks.go:96.19,98.3 1 5
github.com/go-php/gateway/internal/deploy/hooks.go:101.2,101.48 1 5
github.com/go-php/gateway/internal/deploy/hooks.go:101.48,103.3 1 1
github.com/go-php/gateway/internal/deploy/hooks.go:106.2,117.20 5 4
github.com/go-php/gateway/internal/deploy/hooks.go:117.20,119.22 2 3
github.com/go-php/gateway/internal/deploy/hooks.go:119.22,121.4 1 1
github.com/go-php/gateway/internal/deploy/hooks.go:122.3,123.21 2 2
github.com/go-php/gateway/internal/deploy/hooks.go:123.21,125.4 1 0
github.com/go-php/gateway/internal/deploy/hooks.go:128.2,154.16 11 3
github.com/go-php/gateway/internal/deploy/hooks.go:154.16,156.3 1 1
github.com/go-php/gateway/internal/deploy/hooks.go:158.2,158.12 1 2
github.com/go-php/gateway/internal/deploy/hooks.go:182.38,184.2 1 12
github.com/go-php/gateway/internal/deploy/hooks.go:187.52,189.36 2 4
github.com/go-php/gateway/internal/deploy/hooks.go:189.36,191.3 1 0
github.com/go-php/gateway/internal/deploy/hooks.go:195.57,196.26 1 2
github.com/go-php/gateway/internal/deploy/hooks.go:196.26,198.3 1 2
github.com/go-php/gateway/internal/deploy/hooks.go:199.2,201.15 3 2
github.com/go-php/gateway/internal/deploy/hooks.go:204.30,205.16 1 4
github.com/go-php/gateway/internal/deploy/hooks.go:205.16,207.3 1 2
github.com/go-php/gateway/internal/deploy/hooks.go:208.2,208.46 1 2
github.com/go-php/gateway/internal/deploy/hooks.go:208.46,210.3 1 2
github.com/go-php/gateway/internal/deploy/hooks.go:211.2,211.11 1 0
github.com/go-php/gateway/internal/deploy/hooks.go:214.31,215.16 1 3
github.com/go-php/gateway/internal/deploy/hooks.go:215.16,217.3 1 2
github.com/go-php/gateway/internal/deploy/hooks.go:218.2,218.20 1 1
github.com/go-php/gateway/internal/deploy/hooks.go:221.41,222.18 1 6
github.com/go-php/gateway/internal/deploy/hooks.go:222.18,224.3 1 0
github.com/go-php/gateway/internal/deploy/hooks.go:225.2,225.10 1 6
github.com/go-php/gateway/internal/deploy/hooks.go:229.48,234.26 4 4
github.com/go-php/gateway/internal/deploy/hooks.go:234.26,235.22 1 4
github.com/go-php/gateway/internal/deploy/hooks.go:235.22,237.4 1 1
github.com/go-php/gateway/internal/deploy/hooks.go:238.3,238.46 1 3
github.com/go-php/gateway/internal/deploy/hooks.go:238.46,240.4 1 1
github.com/go-php/gateway/internal/deploy/hooks.go:241.3,241.32 1 2
github.com/go-php/gateway/internal/deploy/hooks.go:241.32,243.4 1 1
github.com/go-php/gateway/internal/deploy/hooks.go:246.2,246.12 1 1
github.com/go-php/gateway/internal/deploy/lock.go:33.51,35.16 2 4
github.com/go-php/gateway/internal/deploy/lock.go:35.16,37.3 1 1
github.com/go-php/gateway/internal/deploy/lock.go:38.2,39.50 2 3
github.com/go-php/gateway/internal/deploy/lock.go:39.50,41.3 1 0
github.com/go-php/gateway/internal/deploy/lock.go:42.2,42.21 1 3
github.com/go-php/gateway/internal/deploy/lock.go:42.21,44.3 1 1
github.com/go-php/gateway/internal/deploy/lock.go:45.2,45.17 1 2
github.com/go-php/gateway/internal/deploy/lock.go:49.52,55.16 4 2
github.com/go-php/gateway/internal/deploy/lock.go:55.16,57.3 1 0
github.com/go-php/gateway/internal/deploy/lock.go:58.2,63.16 4 2
github.com/go-php/gateway/internal/deploy/lock.go:63.16,65.3 1 0
github.com/go-php/gateway/internal/deploy/lock.go:67.2,68.54 2 2
github.com/go-php/gateway/internal/deploy/lock.go:68.54,70.3 1 0
github.com/go-php/gateway/internal/deploy/lock.go:71.2,71.29 1 2
github.com/go-php/gateway/internal/deploy/lock.go:75.36,79.16 4 2
github.com/go-php/gateway/internal/deploy/lock.go:79.16,81.3 1 0
github.com/go-php/gateway/internal/deploy/lock.go:82.2,85.35 3 2
github.com/go-php/gateway/internal/deploy/lock.go:85.35,87.3 1 1
github.com/go-php/gateway/internal/deploy/lock.go:88.2,88.12 1 1
github.com/go-php/gateway/internal/deploy/lock.go:92.120,102.2 1 3
github.com/go-php/gateway/internal/deploy/release.go:47.60,52.2 1 15
github.com/go-php/gateway/internal/deploy/release.go:55.40,61.25 2 10
github.com/go-php/gateway/internal/deploy/release.go:61.25,62.46 1 30
github.com/go-php/gateway/internal/deploy/release.go:62.46,64.4 1 0
github.com/go-php/gateway/internal/deploy/release.go:68.2,69.12 2 10
github.com/go-php/gateway/internal/deploy/release.go:73.122,81.55 5 23
github.com/go-php/gateway/internal/deploy/release.go:81.55,83.3 1 0
github.com/go-php/gateway/internal/deploy/release.go:85.2,97.44 3 23
github.com/go-php/gateway/internal/deploy/release.go:97.44,100.3 2 0
github.com/go-php/gateway/internal/deploy/release.go:102.2,103.17 2 23
github.com/go-php/gateway/internal/deploy/release.go:107.53,112.9 4 13
github.com/go-php/gateway/internal/deploy/release.go:112.9,114.3 1 0
github.com/go-php/gateway/internal/deploy/release.go:116.2,116.30 1 13
github.com/go-php/gateway/internal/deploy/release.go:116.30,118.3 1 0
github.com/go-php/gateway/internal/deploy/release.go:121.2,121.23 1 13
github.com/go-php/gateway/internal/deploy/release.go:121.23,122.46 1 5
github.com/go-php/gateway/internal/deploy/release.go:122.46,127.4 4 5
github.com/go-php/gateway/internal/deploy/release.go:131.2,144.53 9 13
github.com/go-php/gateway/internal/deploy/release.go:144.53,147.3 2 0
github.com/go-php/gateway/internal/deploy/release.go:149.2,149.55 1 13
github.com/go-php/gateway/internal/deploy/release.go:149.55,153.3 3 0
github.com/go-php/gateway/internal/deploy/release.go:155.2,157.12 3 13
github.com/go-php/gateway/internal/deploy/release.go:161.46,165.23 3 4
github.com/go-php/gateway/internal/deploy/release.go:165.23,167.3 1 0
github.com/go-php/gateway/internal/deploy/release.go:169.2,170.9 2 4
github.com/go-php/gateway/internal/deploy/release.go:170.9,172.3 1 0
github.com/go-php/gateway/internal/deploy/release.go:174.2,183.12 7 4
github.com/go-php/gateway/internal/deploy/release.go:187.56,191.23 3 3
github.com/go-php/gateway/internal/deploy/release.go:191.23,193.3 1 0
github.com/go-php/gateway/internal/deploy/release.go:196.2,197.34 2 3
github.com/go-php/gateway/internal/deploy/release.go:197.34,198.28 1 5
github.com/go-php/gateway/internal/deploy/release.go:198.28,199.12 1 3
github.com/go-php/gateway/internal/deploy/release.go:201.3,201.31 1 2
github.com/go-php/gateway/internal/deploy/release.go:201.31,202.67 1 2
github.com/go-php/gateway/internal/deploy/release.go:202.67,205.5 2 2
github.com/go-php/gateway/internal/deploy/release.go:209.2,209.17 1 3
github.com/go-php/gateway/internal/deploy/release.go:209.17,211.3 1 1
github.com/go-php/gateway/internal/deploy/release.go:214.2,215.45 2 2
github.com/go-php/gateway/internal/deploy/release.go:215.45,217.3 1 0
github.com/go-php/gateway/internal/deploy/release.go:218.2,220.34 2 2
github.com/go-php/gateway/internal/deploy/release.go:224.45,228.23 3 5
github.com/go-php/gateway/internal/deploy/release.go:228.23,230.3 1 1
github.com/go-php/gateway/internal/deploy/release.go:231.2,232.12 2 4
github.com/go-php/gateway/internal/deploy/release.go:236.45,241.34 4 2
github.com/go-php/gateway/internal/deploy/release.go:241.34,243.3 1 6
github.com/go-php/gateway/internal/deploy/release.go:245.2,245.41 1 2
github.com/go-php/gateway/internal/deploy/release.go:245.41,247.3 1 10
github.com/go-php/gateway/internal/deploy/release.go:249.2,249.15 1 2
github.com/go-php/gateway/internal/deploy/release.go:253.60,258.9 4 3
github.com/go-php/gateway/internal/deploy/release.go:258.9,260.3 1 1
github.com/go-php/gateway/internal/deploy/release.go:261.2,261.17 1 2
github.com/go-php/gateway/internal/deploy/release.go:265.58,270.34 4 1
github.com/go-php/gateway/internal/deploy/release.go:270.34,271.60 1 5
github.com/go-php/gateway/internal/deploy/release.go:271.60,273.4 1 3
github.com/go-php/gateway/internal/deploy/release.go:276.2,276.42 1 1
github.com/go-php/gateway/internal/deploy/release.go:276.42,278.3 1 2
github.com/go-php/gateway/internal/deploy/release.go:280.2,281.41 2 1
github.com/go-php/gateway/internal/deploy/release.go:281.41,287.3 5 2
github.com/go-php/gateway/internal/deploy/release.go:289.2,289.21 1 1
github.com/go-php/gateway/internal/deploy/release.go:292.59,294.16 2 45
github.com/go-php/gateway/internal/deploy/release.go:294.16,296.3 1 0
github.com/go-php/gateway/internal/deploy/release.go:297.2,298.39 2 45
github.com/go-php/gateway/internal/deploy/release.go:301.42,304.16 3 10
github.com/go-php/gateway/internal/deploy/release.go:304.16,306.3 1 0
github.com/go-php/gateway/internal/deploy/release.go:308.2,308.28 1 10
github.com/go-php/gateway/internal/deploy/release.go:308.28,309.53 1 0
github.com/go-php/gateway/internal/deploy/release.go:309.53,310.12 1 0
github.com/go-php/gateway/internal/deploy/release.go:313.3,315.17 3 0
github.com/go-php/gateway/internal/deploy/release.go:315.17,316.12 1 0
github.com/go-php/gateway/internal/deploy/release.go:319.3,320.52 2 0
github.com/go-php/gateway/internal/deploy/release.go:320.52,321.12 1 0
github.com/go-php/gateway/internal/deploy/release.go:324.3,325.31 2 0
github.com/go-php/gateway/internal/deploy/release.go:325.31,327.4 1 0
github.com/go-php/gateway/internal/deploy/release.go:331.44,332.81 1 23
github.com/go-php/gateway/internal/deploy/release.go:332.81,333.17 1 40
github.com/go-php/gateway/internal/deploy/release.go:333.17,335.4 1 0
github.com/go-php/gateway/internal/deploy/release.go:337.3,338.17 2 40
github.com/go-php/gateway/internal/deploy/release.go:338.17,340.4 1 0
github.com/go-php/gateway/internal/deploy/release.go:342.3,344.19 2 40
github.com/go-php/gateway/internal/deploy/release.go:344.19,346.4 1 23
github.com/go-php/gateway/internal/deploy/release.go:348.3,349.17 2 17
github.com/go-php/gateway/internal/deploy/release.go:349.17,351.4 1 0
github.com/go-php/gateway/internal/deploy/release.go:353.3,353.49 1 17
github.com/go-php/gateway/internal/deploy/switcher.go:21.101,28.2 1 2
github.com/go-php/gateway/internal/deploy/switcher.go:48.134,55.16 5 3
github.com/go-php/gateway/internal/deploy/switcher.go:55.16,57.3 1 0
github.com/go-php/gateway/internal/deploy/switcher.go:58.2,63.62 4 3
github.com/go-php/gateway/internal/deploy/switcher.go:63.62,68.3 4 0
github.com/go-php/gateway/internal/deploy/switcher.go:69.2,74.28 4 3
github.com/go-php/gateway/internal/deploy/switcher.go:74.28,79.3 4 0
github.com/go-php/gateway/internal/deploy/switcher.go:80.2,84.54 3 3
github.com/go-php/gateway/internal/deploy/switcher.go:84.54,86.3 1 0
github.com/go-php/gateway/internal/deploy/switcher.go:87.2,91.63 3 3
github.com/go-php/gateway/internal/deploy/switcher.go:91.63,93.3 1 0
github.com/go-php/gateway/internal/deploy/switcher.go:94.2,98.20 4 3
github.com/go-php/gateway/internal/deploy/switcher.go:102.73,107.16 4 1
github.com/go-php/gateway/internal/deploy/switcher.go:107.16,109.3 1 0
github.com/go-php/gateway/internal/deploy/switcher.go:111.2,114.20 4 1
github.com/go-php/gateway/internal/deploy/switcher.go:117.55,120.2 2 15
github.com/go-php/gateway/internal/deploy/switcher.go:122.73,125.2 2 15
github.com/go-php/gateway/internal/deploy/switcher.go:127.99,133.2 5 0
github.com/go-php/gateway/internal/deploy/switcher.go:141.73,142.25 1 3
github.com/go-php/gateway/internal/deploy/switcher.go:142.25,144.3 1 2
github.com/go-php/gateway/internal/deploy/switcher.go:147.2,147.19 1 3
github.com/go-php/gateway/internal/deploy/switcher.go:147.19,149.3 1 0
github.com/go-php/gateway/internal/deploy/switcher.go:157.2,162.18 4 3
github.com/go-php/gateway/internal/deploy/switcher.go:173.42,175.2 1 0
github.com/go-php/gateway/internal/deploy/switcher.go:178.51,182.25 4 0
github.com/go-php/gateway/internal/deploy/switcher.go:182.25,184.3 1 0
github.com/go-php/gateway/internal/errors/errors.go:34.39,35.20 1 2
github.com/go-php/gateway/internal/errors/errors.go:35.20,37.3 1 1
github.com/go-php/gateway/internal/errors/errors.go:38.2,38.49 1 1
github.com/go-php/gateway/internal/errors/errors.go:41.39,43.2 1 1
github.com/go-php/gateway/internal/errors/errors.go:46.51,48.2 1 3
github.com/go-php/gateway/internal/errors/errors.go:51.65,53.2 1 3
github.com/go-php/gateway/internal/errors/errors.go:56.40,58.25 2 5
github.com/go-php/gateway/internal/errors/errors.go:58.25,60.3 1 3
github.com/go-php/gateway/internal/errors/errors.go:61.2,61.14 1 2
github.com/go-php/gateway/internal/observability/access.go:18.63,20.2 1 4
github.com/go-php/gateway/internal/observability/access.go:22.49,23.21 1 4
github.com/go-php/gateway/internal/observability/access.go:23.21,26.3 2 3
github.com/go-php/gateway/internal/observability/access.go:27.2,27.37 1 4
github.com/go-php/gateway/internal/observability/access.go:30.56,31.21 1 2
github.com/go-php/gateway/internal/observability/access.go:31.21,34.3 2 1
github.com/go-php/gateway/internal/observability/access.go:35.2,37.15 3 2
github.com/go-php/gateway/internal/observability/access.go:41.40,43.2 1 4
github.com/go-php/gateway/internal/observability/access.go:46.48,48.2 1 1
github.com/go-php/gateway/internal/observability/access.go:51.91,63.2 1 0
github.com/go-php/gateway/internal/observability/access.go:66.70,67.46 1 0
github.com/go-php/gateway/internal/observability/access.go:67.46,68.72 1 0
github.com/go-php/gateway/internal/observability/access.go:68.72,73.4 4 0
github.com/go-php/gateway/internal/observability/metrics.go:34.28,39.2 1 4
github.com/go-php/gateway/internal/observability/metrics.go:42.86,44.19 2 4
github.com/go-php/gateway/internal/observability/metrics.go:44.19,46.3 1 1
github.com/go-php/gateway/internal/observability/metrics.go:48.2,54.9 6 4
github.com/go-php/gateway/internal/observability/metrics.go:54.9,60.3 2 4
github.com/go-php/gateway/internal/observability/metrics.go:61.2,63.22 2 4
github.com/go-php/gateway/internal/observability/metrics.go:67.38,69.2 1 3
github.com/go-php/gateway/internal/observability/metrics.go:72.38,74.2 1 2
github.com/go-php/gateway/internal/observability/metrics.go:76.43,79.35 3 7
github.com/go-php/gateway/internal/observability/metrics.go:79.35,80.22 1 17
github.com/go-php/gateway/internal/observability/metrics.go:80.22,83.4 2 6
github.com/go-php/gateway/internal/observability/metrics.go:85.2,85.28 1 1
github.com/go-php/gateway/internal/observability/metrics.go:89.52,90.71 1 1
github.com/go-php/gateway/internal/observability/metrics.go:90.71,109.49 14 1
github.com/go-php/gateway/internal/observability/metrics.go:109.49,114.4 4 1
github.com/go-php/gateway/internal/observability/metrics.go:117.3,118.36 2 1
github.com/go-php/gateway/internal/observability/metrics.go:118.36,122.22 4 1
github.com/go-php/gateway/internal/observability/metrics.go:122.22,124.5 1 0
github.com/go-php/gateway/internal/observability/metrics.go:126.4,130.37 4 1
github.com/go-php/gateway/internal/observability/metrics.go:130.37,134.5 2 10
github.com/go-php/gateway/internal/observability/metrics.go:135.4,143.16 5 1
github.com/go-php/gateway/internal/observability/metrics.go:145.3,145.17 1 1
github.com/go-php/gateway/internal/observability/metrics.go:150.62,151.71 1 1
github.com/go-php/gateway/internal/observability/metrics.go:151.71,161.3 7 1
github.com/go-php/gateway/internal/observability/redact.go:22.78,33.31 3 2
github.com/go-php/gateway/internal/observability/redact.go:33.31,35.3 1 18
github.com/go-php/gateway/internal/observability/redact.go:38.2,38.29 1 2
github.com/go-php/gateway/internal/observability/redact.go:38.29,39.47 1 0
github.com/go-php/gateway/internal/observability/redact.go:39.47,41.4 1 0
github.com/go-php/gateway/internal/observability/redact.go:44.2,44.10 1 2
github.com/go-php/gateway/internal/observability/redact.go:47.78,49.2 1 1
github.com/go-php/gateway/internal/observability/redact.go:51.80,54.38 2 0
github.com/go-php/gateway/internal/observability/redact.go:54.38,58.3 3 0
github.com/go-php/gateway/internal/observability/redact.go:61.2,62.26 2 0
github.com/go-php/gateway/internal/observability/redact.go:62.26,64.3 1 0
github.com/go-php/gateway/internal/observability/redact.go:66.2,66.38 1 0
github.com/go-php/gateway/internal/observability/redact.go:69.68,71.26 2 0
github.com/go-php/gateway/internal/observability/redact.go:71.26,73.3 1 0
github.com/go-php/gateway/internal/observability/redact.go:74.2,78.3 1 0
github.com/go-php/gateway/internal/observability/redact.go:81.62,87.2 1 0
github.com/go-php/gateway/internal/observability/redact.go:89.60,97.14 5 0
github.com/go-php/gateway/internal/observability/redact.go:97.14,100.3 2 0
github.com/go-php/gateway/internal/observability/redact.go:103.2,103.39 1 0
github.com/go-php/gateway/internal/observability/redact.go:103.39,105.33 2 0
github.com/go-php/gateway/internal/observability/redact.go:105.33,106.27 1 0
github.com/go-php/gateway/internal/observability/redact.go:106.27,109.5 2 0
github.com/go-php/gateway/internal/observability/redact.go:113.2,113.10 1 0
github.com/go-php/gateway/internal/observability/redact.go:117.45,121.2 3 1
github.com/go-php/gateway/internal/observability/redact.go:124.48,128.2 3 1
github.com/go-php/gateway/internal/observability/redact.go:131.55,137.32 2 5
github.com/go-php/gateway/internal/observability/redact.go:137.32,141.3 2 25
github.com/go-php/gateway/internal/observability/redact.go:144.2,147.29 2 5
github.com/go-php/gateway/internal/observability/redact.go:147.29,148.47 1 1
github.com/go-php/gateway/internal/observability/redact.go:148.47,150.4 1 1
github.com/go-php/gateway/internal/observability/redact.go:153.2,153.10 1 5
github.com/go-php/gateway/internal/observability/redact.go:157.69,159.2 1 0
github.com/go-php/gateway/internal/observability/redact.go:162.56,167.2 1 0
github.com/go-php/gateway/internal/observability/redact.go:170.54,171.16 1 1
github.com/go-php/gateway/internal/observability/redact.go:171.16,173.3 1 1
github.com/go-php/gateway/internal/observability/redact.go:174.2,174.62 1 0
github.com/go-php/gateway/internal/observability/tracing.go:50.65,56.2 1 9
github.com/go-php/gateway/internal/observability/tracing.go:59.59,77.2 7 9
github.com/go-php/gateway/internal/observability/tracing.go:80.85,98.2 6 4
github.com/go-php/gateway/internal/observability/tracing.go:101.41,104.2 2 6
github.com/go-php/gateway/internal/observability/tracing.go:107.61,110.16 3 1
github.com/go-php/gateway/internal/observability/tracing.go:110.16,113.3 2 0
github.com/go-php/gateway/internal/observability/tracing.go:117.77,123.2 1 1
github.com/go-php/gateway/internal/observability/tracing.go:126.52,130.2 3 2
github.com/go-php/gateway/internal/observability/tracing.go:133.37,137.2 3 2
github.com/go-php/gateway/internal/observability/tracing.go:140.52,145.38 4 2
github.com/go-php/gateway/internal/observability/tracing.go:145.38,146.22 1 4
github.com/go-php/gateway/internal/observability/tracing.go:146.22,147.12 1 0
github.com/go-php/gateway/internal/observability/tracing.go:150.3,150.46 1 4
github.com/go-php/gateway/internal/observability/tracing.go:150.46,153.4 2 1
github.com/go-php/gateway/internal/observability/tracing.go:155.2,155.16 1 2
github.com/go-php/gateway/internal/observability/tracing.go:168.92,173.2 1 4
github.com/go-php/gateway/internal/observability/tracing.go:176.57,179.2 2 1
github.com/go-php/gateway/internal/observability/tracing.go:182.70,183.46 1 3
github.com/go-php/gateway/internal/observability/tracing.go:183.46,184.72 1 3
github.com/go-php/gateway/internal/observability/tracing.go:184.72,187.21 2 3
github.com/go-php/gateway/internal/observability/tracing.go:187.21,189.5 1 2
github.com/go-php/gateway/internal/observability/tracing.go:191.4,211.28 12 3
github.com/go-php/gateway/internal/observability/tracing.go:211.28,213.5 1 1
github.com/go-php/gateway/internal/observability/tracing.go:214.4,217.28 2 3
github.com/go-php/gateway/internal/observability/tracing.go:217.28,226.5 1 0
github.com/go-php/gateway/internal/observability/tracing.go:236.53,239.2 2 3
github.com/go-php/gateway/internal/observability/tracing.go:241.31,245.2 3 29
github.com/go-php/gateway/internal/observability/tracing.go:248.74,251.2 2 0
github.com/go-php/gateway/internal/observability/tracing.go:254.61,257.2 1 0
github.com/go-php/gateway/internal/filesystem/cache.go:20.40,31.2 1 4
github.com/go-php/gateway/internal/filesystem/cache.go:40.102,41.18 1 5
github.com/go-php/gateway/internal/filesystem/cache.go:41.18,43.3 1 4
github.com/go-php/gateway/internal/filesystem/cache.go:44.2,50.3 1 5
github.com/go-php/gateway/internal/filesystem/cache.go:53.87,57.27 2 6
github.com/go-php/gateway/internal/filesystem/cache.go:57.27,59.3 1 1
github.com/go-php/gateway/internal/filesystem/cache.go:59.8,59.36 1 5
github.com/go-php/gateway/internal/filesystem/cache.go:59.36,61.3 1 1
github.com/go-php/gateway/internal/filesystem/cache.go:61.8,64.3 2 4
github.com/go-php/gateway/internal/filesystem/cache.go:67.2,67.18 1 6
github.com/go-php/gateway/internal/filesystem/cache.go:67.18,69.3 1 5
github.com/go-php/gateway/internal/filesystem/cache.go:71.2,71.43 1 6
github.com/go-php/gateway/internal/filesystem/cache.go:74.69,75.41 1 6
github.com/go-php/gateway/internal/filesystem/cache.go:75.41,76.33 1 10
github.com/go-php/gateway/internal/filesystem/cache.go:76.33,78.4 1 1
github.com/go-php/gateway/internal/filesystem/cache.go:80.2,80.14 1 5
github.com/go-php/gateway/internal/filesystem/cache.go:83.71,84.43 1 5
github.com/go-php/gateway/internal/filesystem/cache.go:84.43,85.33 1 14
github.com/go-php/gateway/internal/filesystem/cache.go:85.33,87.4 1 1
github.com/go-php/gateway/internal/filesystem/cache.go:89.2,89.14 1 4
github.com/go-php/gateway/internal/filesystem/cache.go:92.98,95.32 3 5
github.com/go-php/gateway/internal/filesystem/cache.go:95.32,97.3 1 0
github.com/go-php/gateway/internal/filesystem/cache.go:100.2,104.59 3 5
github.com/go-php/gateway/internal/filesystem/cache.go:104.59,107.3 2 1
github.com/go-php/gateway/internal/filesystem/cache.go:111.25,112.12 1 20
github.com/go-php/gateway/internal/filesystem/cache.go:112.12,114.3 1 1
github.com/go-php/gateway/internal/filesystem/cache.go:115.2,118.11 4 19
github.com/go-php/gateway/internal/filesystem/cache.go:118.11,121.3 2 2
github.com/go-php/gateway/internal/filesystem/cache.go:122.2,122.12 1 19
github.com/go-php/gateway/internal/filesystem/cache.go:122.12,126.3 3 127
github.com/go-php/gateway/internal/filesystem/cache.go:127.2,127.9 1 19
github.com/go-php/gateway/internal/filesystem/cache.go:127.9,130.3 2 2
github.com/go-php/gateway/internal/filesystem/cache.go:131.2,131.24 1 19
github.com/go-php/gateway/internal/filesystem/path.go:39.55,42.56 2 73
github.com/go-php/gateway/internal/filesystem/path.go:42.56,44.3 1 3
github.com/go-php/gateway/internal/filesystem/path.go:46.2,52.38 2 73
github.com/go-php/gateway/internal/filesystem/path.go:52.38,54.3 1 2
github.com/go-php/gateway/internal/filesystem/path.go:57.2,57.28 1 71
github.com/go-php/gateway/internal/filesystem/path.go:57.28,58.16 1 1984
github.com/go-php/gateway/internal/filesystem/path.go:58.16,60.4 1 1
github.com/go-php/gateway/internal/filesystem/path.go:61.3,61.37 1 1983
github.com/go-php/gateway/internal/filesystem/path.go:61.37,63.4 1 3
github.com/go-php/gateway/internal/filesystem/path.go:67.2,67.41 1 67
github.com/go-php/gateway/internal/filesystem/path.go:67.41,70.3 2 2
github.com/go-php/gateway/internal/filesystem/path.go:73.2,73.74 1 65
github.com/go-php/gateway/internal/filesystem/path.go:73.74,76.3 2 2
github.com/go-php/gateway/internal/filesystem/path.go:79.2,79.74 1 63
github.com/go-php/gateway/internal/filesystem/path.go:79.74,82.3 2 3
github.com/go-php/gateway/internal/filesystem/path.go:85.2,86.16 2 60
github.com/go-php/gateway/internal/filesystem/path.go:86.16,88.3 1 6
github.com/go-php/gateway/internal/filesystem/path.go:92.2,92.38 1 54
github.com/go-php/gateway/internal/filesystem/path.go:92.38,94.3 1 2
github.com/go-php/gateway/internal/filesystem/path.go:98.2,98.28 1 52
github.com/go-php/gateway/internal/filesystem/path.go:98.28,99.13 1 1764
github.com/go-php/gateway/internal/filesystem/path.go:99.13,101.4 1 1
github.com/go-php/gateway/internal/filesystem/path.go:102.3,102.27 1 1763
github.com/go-php/gateway/internal/filesystem/path.go:102.27,104.4 1 2
github.com/go-php/gateway/internal/filesystem/path.go:108.2,114.16 5 49
github.com/go-php/gateway/internal/filesystem/path.go:119.46,124.17 4 60
github.com/go-php/gateway/internal/filesystem/path.go:124.17,125.18 1 1841
github.com/go-php/gateway/internal/filesystem/path.go:125.18,126.21 1 23
github.com/go-php/gateway/internal/filesystem/path.go:126.21,128.5 1 2
github.com/go-php/gateway/internal/filesystem/path.go:129.4,131.24 3 21
github.com/go-php/gateway/internal/filesystem/path.go:131.24,133.5 1 4
github.com/go-php/gateway/internal/filesystem/path.go:134.4,135.10 2 17
github.com/go-php/gateway/internal/filesystem/path.go:136.9,136.25 1 1818
github.com/go-php/gateway/internal/filesystem/path.go:136.25,139.4 2 2
github.com/go-php/gateway/internal/filesystem/path.go:139.9,142.4 2 1816
github.com/go-php/gateway/internal/filesystem/path.go:144.2,144.24 1 54
github.com/go-php/gateway/internal/filesystem/path.go:147.27,148.9 1 46
github.com/go-php/gateway/internal/filesystem/path.go:149.28,150.22 1 30
github.com/go-php/gateway/internal/filesystem/path.go:151.28,152.25 1 9
github.com/go-php/gateway/internal/filesystem/path.go:153.28,154.25 1 1
github.com/go-php/gateway/internal/filesystem/path.go:155.10,156.12 1 6
github.com/go-php/gateway/internal/filesystem/path.go:161.45,162.31 1 49
github.com/go-php/gateway/internal/filesystem/path.go:162.31,164.3 1 8
github.com/go-php/gateway/internal/filesystem/path.go:166.2,169.31 3 41
github.com/go-php/gateway/internal/filesystem/path.go:169.31,170.14 1 344
github.com/go-php/gateway/internal/filesystem/path.go:171.16,171.16 0 57
github.com/go-php/gateway/internal/filesystem/path.go:173.13,174.23 1 18
github.com/go-php/gateway/internal/filesystem/path.go:174.23,176.5 1 9
github.com/go-php/gateway/internal/filesystem/path.go:177.11,178.39 1 269
github.com/go-php/gateway/internal/filesystem/path.go:182.2,183.27 2 41
github.com/go-php/gateway/internal/filesystem/path.go:183.27,185.3 1 260
github.com/go-php/gateway/internal/filesystem/path.go:186.2,186.12 1 41
github.com/go-php/gateway/internal/filesystem/path.go:193.45,194.32 1 64
github.com/go-php/gateway/internal/filesystem/path.go:194.32,195.68 1 1912
github.com/go-php/gateway/internal/filesystem/path.go:195.68,197.4 1 2
github.com/go-php/gateway/internal/filesystem/path.go:199.2,199.14 1 62
github.com/go-php/gateway/internal/filesystem/resolver.go:31.86,37.2 1 8
github.com/go-php/gateway/internal/filesystem/resolver.go:58.74,59.45 1 15
github.com/go-php/gateway/internal/filesystem/resolver.go:59.45,61.3 1 0
github.com/go-php/gateway/internal/filesystem/resolver.go:64.2,64.35 1 15
github.com/go-php/gateway/internal/filesystem/resolver.go:64.35,66.3 1 3
github.com/go-php/gateway/internal/filesystem/resolver.go:70.2,74.16 3 12
github.com/go-php/gateway/internal/filesystem/resolver.go:74.16,76.3 1 0
github.com/go-php/gateway/internal/filesystem/resolver.go:77.2,77.35 1 12
github.com/go-php/gateway/internal/filesystem/resolver.go:77.35,79.3 1 3
github.com/go-php/gateway/internal/filesystem/resolver.go:82.2,83.16 2 9
github.com/go-php/gateway/internal/filesystem/resolver.go:83.16,84.37 1 1
github.com/go-php/gateway/internal/filesystem/resolver.go:84.37,86.4 1 1
github.com/go-php/gateway/internal/filesystem/resolver.go:87.3,87.55 1 0
github.com/go-php/gateway/internal/filesystem/resolver.go:91.2,91.37 1 8
github.com/go-php/gateway/internal/filesystem/resolver.go:91.37,92.21 1 3
github.com/go-php/gateway/internal/filesystem/resolver.go:93.20,94.32 1 1
github.com/go-php/gateway/internal/filesystem/resolver.go:95.26,98.18 2 2
github.com/go-php/gateway/internal/filesystem/resolver.go:98.18,100.5 1 0
github.com/go-php/gateway/internal/filesystem/resolver.go:101.4,101.38 1 2
github.com/go-php/gateway/internal/filesystem/resolver.go:101.38,103.5 1 1
github.com/go-php/gateway/internal/filesystem/resolver.go:105.4,106.18 2 1
github.com/go-php/gateway/internal/filesystem/resolver.go:106.18,107.39 1 0
github.com/go-php/gateway/internal/filesystem/resolver.go:107.39,109.6 1 0
github.com/go-php/gateway/internal/filesystem/resolver.go:110.5,110.61 1 0
github.com/go-php/gateway/internal/filesystem/resolver.go:112.4,112.36 1 1
github.com/go-php/gateway/internal/filesystem/resolver.go:112.36,114.5 1 0
github.com/go-php/gateway/internal/filesystem/resolver.go:116.4,117.18 2 1
github.com/go-php/gateway/internal/filesystem/resolver.go:117.18,119.5 1 0
github.com/go-php/gateway/internal/filesystem/resolver.go:120.4,124.10 1 1
github.com/go-php/gateway/internal/filesystem/resolver.go:125.11,126.32 1 0
github.com/go-php/gateway/internal/filesystem/resolver.go:131.2,131.30 1 5
github.com/go-php/gateway/internal/filesystem/resolver.go:131.30,133.3 1 0
github.com/go-php/gateway/internal/filesystem/resolver.go:136.2,137.86 2 5
github.com/go-php/gateway/internal/filesystem/resolver.go:137.86,139.3 1 0
github.com/go-php/gateway/internal/filesystem/resolver.go:142.2,143.16 2 5
github.com/go-php/gateway/internal/filesystem/resolver.go:143.16,144.37 1 0
github.com/go-php/gateway/internal/filesystem/resolver.go:144.37,146.4 1 0
github.com/go-php/gateway/internal/filesystem/resolver.go:147.3,147.54 1 0
github.com/go-php/gateway/internal/filesystem/resolver.go:150.2,154.8 1 5
github.com/go-php/gateway/internal/filesystem/resolver.go:158.76,159.45 1 1
github.com/go-php/gateway/internal/filesystem/resolver.go:159.45,161.3 1 0
github.com/go-php/gateway/internal/filesystem/resolver.go:163.2,163.35 1 1
github.com/go-php/gateway/internal/filesystem/resolver.go:163.35,165.3 1 0
github.com/go-php/gateway/internal/filesystem/resolver.go:167.2,169.16 3 1
github.com/go-php/gateway/internal/filesystem/resolver.go:169.16,171.3 1 0
github.com/go-php/gateway/internal/filesystem/resolver.go:172.2,172.35 1 1
github.com/go-php/gateway/internal/filesystem/resolver.go:172.35,174.3 1 0
github.com/go-php/gateway/internal/filesystem/resolver.go:176.2,177.16 2 1
github.com/go-php/gateway/internal/filesystem/resolver.go:177.16,178.37 1 0
github.com/go-php/gateway/internal/filesystem/resolver.go:178.37,180.4 1 0
github.com/go-php/gateway/internal/filesystem/resolver.go:181.3,181.54 1 0
github.com/go-php/gateway/internal/filesystem/resolver.go:184.2,184.18 1 1
github.com/go-php/gateway/internal/filesystem/resolver.go:188.60,189.34 1 16
github.com/go-php/gateway/internal/filesystem/resolver.go:189.34,193.32 2 122
github.com/go-php/gateway/internal/filesystem/resolver.go:193.32,194.55 1 272
github.com/go-php/gateway/internal/filesystem/resolver.go:194.55,196.5 1 3
github.com/go-php/gateway/internal/filesystem/resolver.go:199.3,200.55 2 119
github.com/go-php/gateway/internal/filesystem/resolver.go:200.55,202.4 1 0
github.com/go-php/gateway/internal/filesystem/resolver.go:204.3,204.65 1 119
github.com/go-php/gateway/internal/filesystem/resolver.go:204.65,206.4 1 0
github.com/go-php/gateway/internal/filesystem/resolver.go:208.2,208.14 1 13
github.com/go-php/gateway/internal/filesystem/resolver.go:212.43,213.37 1 15
github.com/go-php/gateway/internal/filesystem/resolver.go:213.37,215.3 1 4
github.com/go-php/gateway/internal/filesystem/resolver.go:217.2,217.55 1 11
github.com/go-php/gateway/internal/filesystem/resolver.go:217.55,219.3 1 0
github.com/go-php/gateway/internal/filesystem/resolver.go:220.2,220.13 1 11
github.com/go-php/gateway/internal/filesystem/resolver.go:224.42,239.2 1 1
github.com/go-php/gateway/internal/filesystem/resolver.go:242.33,243.17 1 6
github.com/go-php/gateway/internal/filesystem/resolver.go:243.17,245.3 1 6
github.com/go-php/gateway/internal/filesystem/resolver.go:249.64,250.30 1 2
github.com/go-php/gateway/internal/filesystem/resolver.go:250.30,252.3 1 1
github.com/go-php/gateway/internal/filesystem/resolver.go:253.2,253.50 1 1
github.com/go-php/gateway/internal/filesystem/static.go:18.85,20.17 2 14
github.com/go-php/gateway/internal/filesystem/static.go:20.17,22.3 1 1
github.com/go-php/gateway/internal/filesystem/static.go:25.2,25.34 1 14
github.com/go-php/gateway/internal/filesystem/static.go:25.34,28.3 2 1
github.com/go-php/gateway/internal/filesystem/static.go:30.2,35.67 3 13
github.com/go-php/gateway/internal/filesystem/static.go:35.67,36.54 1 2
github.com/go-php/gateway/internal/filesystem/static.go:36.54,37.56 1 3
github.com/go-php/gateway/internal/filesystem/static.go:37.56,39.80 2 2
github.com/go-php/gateway/internal/filesystem/static.go:39.80,41.20 2 2
github.com/go-php/gateway/internal/filesystem/static.go:41.20,44.7 2 0
github.com/go-php/gateway/internal/filesystem/static.go:45.6,49.12 5 2
github.com/go-php/gateway/internal/filesystem/static.go:56.2,57.24 2 11
github.com/go-php/gateway/internal/filesystem/static.go:57.24,60.3 2 1
github.com/go-php/gateway/internal/filesystem/static.go:61.2,61.16 1 10
github.com/go-php/gateway/internal/filesystem/static.go:61.16,64.3 2 0
github.com/go-php/gateway/internal/filesystem/static.go:65.2,65.18 1 10
github.com/go-php/gateway/internal/filesystem/static.go:65.18,69.25 3 1
github.com/go-php/gateway/internal/filesystem/static.go:69.25,72.4 2 0
github.com/go-php/gateway/internal/filesystem/static.go:73.3,73.17 1 1
github.com/go-php/gateway/internal/filesystem/static.go:73.17,76.4 2 0
github.com/go-php/gateway/internal/filesystem/static.go:79.2,80.16 2 10
github.com/go-php/gateway/internal/filesystem/static.go:80.16,83.3 2 0
github.com/go-php/gateway/internal/filesystem/static.go:84.2,86.57 2 10
github.com/go-php/gateway/internal/filesystem/static.go:89.40,90.13 1 5
github.com/go-php/gateway/internal/filesystem/static.go:91.13,92.16 1 3
github.com/go-php/gateway/internal/filesystem/static.go:93.13,94.14 1 2
github.com/go-php/gateway/internal/filesystem/static.go:95.14,96.16 1 0
github.com/go-php/gateway/internal/filesystem/static.go:97.10,98.12 1 0
github.com/go-php/gateway/internal/filesystem/writable.go:26.51,31.2 1 0
github.com/go-php/gateway/internal/filesystem/writable.go:34.81,44.2 3 0
github.com/go-php/gateway/internal/filesystem/writable.go:47.55,58.2 8 0
github.com/go-php/gateway/internal/filesystem/writable.go:61.41,65.34 3 0
github.com/go-php/gateway/internal/filesystem/writable.go:65.34,70.53 3 0
github.com/go-php/gateway/internal/filesystem/writable.go:70.53,72.4 1 0
github.com/go-php/gateway/internal/filesystem/writable.go:75.3,75.50 1 0
github.com/go-php/gateway/internal/filesystem/writable.go:75.50,77.4 1 0
github.com/go-php/gateway/internal/filesystem/writable.go:80.2,80.12 1 0
github.com/go-php/gateway/internal/filesystem/writable.go:84.43,88.34 3 0
github.com/go-php/gateway/internal/filesystem/writable.go:88.34,92.17 3 0
github.com/go-php/gateway/internal/filesystem/writable.go:92.17,94.4 1 0
github.com/go-php/gateway/internal/filesystem/writable.go:96.3,96.20 1 0
github.com/go-php/gateway/internal/filesystem/writable.go:96.20,98.4 1 0
github.com/go-php/gateway/internal/filesystem/writable.go:101.2,101.12 1 0
github.com/go-php/gateway/internal/filesystem/writable.go:105.63,110.9 4 0
github.com/go-php/gateway/internal/filesystem/writable.go:110.9,112.3 1 0
github.com/go-php/gateway/internal/filesystem/writable.go:114.2,114.46 1 0
github.com/go-php/gateway/internal/filesystem/writable.go:118.50,123.29 4 0
github.com/go-php/gateway/internal/filesystem/writable.go:123.29,125.3 1 0
github.com/go-php/gateway/internal/filesystem/writable.go:126.2,126.15 1 0
github.com/go-php/gateway/internal/filesystem/writable.go:129.38,131.22 2 0
github.com/go-php/gateway/internal/filesystem/writable.go:131.22,132.27 1 0
github.com/go-php/gateway/internal/filesystem/writable.go:132.27,134.4 1 0
github.com/go-php/gateway/internal/filesystem/writable.go:136.2,136.13 1 0
github.com/go-php/gateway/internal/diagnostics/compat.go:37.49,39.2 1 7
github.com/go-php/gateway/internal/diagnostics/compat.go:42.52,60.2 11 7
github.com/go-php/gateway/internal/diagnostics/compat.go:62.64,78.27 2 7
github.com/go-php/gateway/internal/diagnostics/compat.go:78.27,79.67 1 43
github.com/go-php/gateway/internal/diagnostics/compat.go:79.67,83.4 3 3
github.com/go-php/gateway/internal/diagnostics/compat.go:87.62,90.34 2 7
github.com/go-php/gateway/internal/diagnostics/compat.go:90.34,92.42 2 14
github.com/go-php/gateway/internal/diagnostics/compat.go:92.42,106.49 5 1
github.com/go-php/gateway/internal/diagnostics/compat.go:106.49,107.45 1 4
github.com/go-php/gateway/internal/diagnostics/compat.go:107.45,115.6 1 1
github.com/go-php/gateway/internal/diagnostics/compat.go:121.63,124.16 3 7
github.com/go-php/gateway/internal/diagnostics/compat.go:124.16,132.3 2 5
github.com/go-php/gateway/internal/diagnostics/compat.go:134.2,134.19 1 2
github.com/go-php/gateway/internal/diagnostics/compat.go:134.19,141.3 2 0
github.com/go-php/gateway/internal/diagnostics/compat.go:143.2,146.74 2 2
github.com/go-php/gateway/internal/diagnostics/compat.go:146.74,148.3 1 2
github.com/go-php/gateway/internal/diagnostics/compat.go:148.8,155.3 1 0
github.com/go-php/gateway/internal/diagnostics/compat.go:158.62,161.77 2 7
github.com/go-php/gateway/internal/diagnostics/compat.go:161.77,162.33 1 22
github.com/go-php/gateway/internal/diagnostics/compat.go:162.33,164.4 1 10
github.com/go-php/gateway/internal/diagnostics/compat.go:165.3,165.38 1 12
github.com/go-php/gateway/internal/diagnostics/compat.go:165.38,168.4 2 5
github.com/go-php/gateway/internal/diagnostics/compat.go:169.3,169.13 1 12
github.com/go-php/gateway/internal/diagnostics/compat.go:172.2,175.29 2 7
github.com/go-php/gateway/internal/diagnostics/compat.go:175.29,178.17 3 5
github.com/go-php/gateway/internal/diagnostics/compat.go:178.17,179.12 1 0
github.com/go-php/gateway/internal/diagnostics/compat.go:181.3,185.33 3 5
github.com/go-php/gateway/internal/diagnostics/compat.go:185.33,186.37 1 20
github.com/go-php/gateway/internal/diagnostics/compat.go:186.37,193.5 1 2
github.com/go-php/gateway/internal/diagnostics/compat.go:197.3,197.75 1 5
github.com/go-php/gateway/internal/diagnostics/compat.go:197.76,199.4 0 0
github.com/go-php/gateway/internal/diagnostics/compat.go:203.65,217.33 2 7
github.com/go-php/gateway/internal/diagnostics/compat.go:217.33,218.68 1 42
github.com/go-php/gateway/internal/diagnostics/compat.go:218.68,220.32 2 2
github.com/go-php/gateway/internal/diagnostics/compat.go:220.32,227.5 1 0
github.com/go-php/gateway/internal/diagnostics/compat.go:232.66,235.35 2 7
github.com/go-php/gateway/internal/diagnostics/compat.go:235.35,237.61 2 35
github.com/go-php/gateway/internal/diagnostics/compat.go:237.61,239.4 1 0
github.com/go-php/gateway/internal/diagnostics/compat.go:243.64,256.27 2 7
github.com/go-php/gateway/internal/diagnostics/compat.go:256.27,258.23 2 42
github.com/go-php/gateway/internal/diagnostics/compat.go:258.23,265.4 1 0
github.com/go-php/gateway/internal/diagnostics/compat.go:269.64,272.56 2 7
github.com/go-php/gateway/internal/diagnostics/compat.go:272.56,274.40 2 1
github.com/go-php/gateway/internal/diagnostics/compat.go:274.40,276.4 1 0
github.com/go-php/gateway/internal/diagnostics/compat.go:280.67,283.33 2 7
github.com/go-php/gateway/internal/diagnostics/compat.go:283.33,284.25 1 0
github.com/go-php/gateway/internal/diagnostics/compat.go:285.16,286.15 1 0
github.com/go-php/gateway/internal/diagnostics/compat.go:287.18,288.14 1 0
github.com/go-php/gateway/internal/diagnostics/compat.go:292.2,292.31 1 7
github.com/go-php/gateway/internal/diagnostics/compat.go:292.31,293.30 1 9
github.com/go-php/gateway/internal/diagnostics/compat.go:293.30,295.4 1 9
github.com/go-php/gateway/internal/diagnostics/compat.go:298.2,298.15 1 7
github.com/go-php/gateway/internal/diagnostics/compat.go:298.15,300.3 1 0
github.com/go-php/gateway/internal/diagnostics/compat.go:301.2,301.14 1 7
github.com/go-php/gateway/internal/diagnostics/contract.go:46.69,50.2 1 8
github.com/go-php/gateway/internal/diagnostics/contract.go:53.56,55.2 1 10
github.com/go-php/gateway/internal/diagnostics/contract.go:58.59,61.31 2 8
github.com/go-php/gateway/internal/diagnostics/contract.go:61.31,66.3 4 10
github.com/go-php/gateway/internal/diagnostics/contract.go:68.2,68.16 1 8
github.com/go-php/gateway/internal/diagnostics/contract.go:72.74,75.28 3 1
github.com/go-php/gateway/internal/diagnostics/contract.go:75.28,76.15 1 2
github.com/go-php/gateway/internal/diagnostics/contract.go:76.15,78.4 1 1
github.com/go-php/gateway/internal/diagnostics/contract.go:78.9,80.4 1 1
github.com/go-php/gateway/internal/diagnostics/contract.go:83.2,83.100 1 1
github.com/go-php/gateway/internal/diagnostics/contract.go:86.77,96.33 3 10
github.com/go-php/gateway/internal/diagnostics/contract.go:96.33,98.3 1 0
github.com/go-php/gateway/internal/diagnostics/contract.go:100.2,103.35 2 10
github.com/go-php/gateway/internal/diagnostics/contract.go:103.35,104.19 1 6
github.com/go-php/gateway/internal/diagnostics/contract.go:104.19,107.4 2 0
github.com/go-php/gateway/internal/diagnostics/contract.go:108.3,108.46 1 6
github.com/go-php/gateway/internal/diagnostics/contract.go:108.46,111.4 2 2
github.com/go-php/gateway/internal/diagnostics/contract.go:112.8,112.31 1 4
github.com/go-php/gateway/internal/diagnostics/contract.go:112.31,114.40 1 0
github.com/go-php/gateway/internal/diagnostics/contract.go:114.41,116.4 0 0
github.com/go-php/gateway/internal/diagnostics/contract.go:120.2,120.35 1 8
github.com/go-php/gateway/internal/diagnostics/contract.go:120.35,121.19 1 1
github.com/go-php/gateway/internal/diagnostics/contract.go:121.19,124.4 2 0
github.com/go-php/gateway/internal/diagnostics/contract.go:125.3,126.43 2 1
github.com/go-php/gateway/internal/diagnostics/contract.go:126.43,129.4 2 0
github.com/go-php/gateway/internal/diagnostics/contract.go:132.2,133.15 2 8
github.com/go-php/gateway/internal/diagnostics/contract.go:137.45,171.2 1 1
github.com/go-php/gateway/internal/diagnostics/doctor.go:21.26,26.2 1 3
github.com/go-php/gateway/internal/diagnostics/doctor.go:45.38,60.2 7 3
github.com/go-php/gateway/internal/diagnostics/doctor.go:62.49,63.33 1 3
github.com/go-php/gateway/internal/diagnostics/doctor.go:63.33,65.17 2 9
github.com/go-php/gateway/internal/diagnostics/doctor.go:65.17,71.12 2 3
github.com/go-php/gateway/internal/diagnostics/doctor.go:75.3,79.5 1 6
github.com/go-php/gateway/internal/diagnostics/doctor.go:83.46,84.31 1 3
github.com/go-php/gateway/internal/diagnostics/doctor.go:84.31,87.17 3 9
github.com/go-php/gateway/internal/diagnostics/doctor.go:87.17,93.12 2 6
github.com/go-php/gateway/internal/diagnostics/doctor.go:95.3,100.5 2 3
github.com/go-php/gateway/internal/diagnostics/doctor.go:104.49,106.29 1 3
github.com/go-php/gateway/internal/diagnostics/doctor.go:106.29,108.3 1 0
github.com/go-php/gateway/internal/diagnostics/doctor.go:110.2,111.16 2 3
github.com/go-php/gateway/internal/diagnostics/doctor.go:111.16,113.3 1 0
github.com/go-php/gateway/internal/diagnostics/doctor.go:115.2,120.4 2 3
github.com/go-php/gateway/internal/diagnostics/doctor.go:123.50,124.29 1 3
github.com/go-php/gateway/internal/diagnostics/doctor.go:124.29,126.3 1 0
github.com/go-php/gateway/internal/diagnostics/doctor.go:129.2,130.16 2 3
github.com/go-php/gateway/internal/diagnostics/doctor.go:130.16,132.3 1 0
github.com/go-php/gateway/internal/diagnostics/doctor.go:134.2,134.57 1 3
github.com/go-php/gateway/internal/diagnostics/doctor.go:134.57,135.47 1 27
github.com/go-php/gateway/internal/diagnostics/doctor.go:135.47,142.4 2 3
github.com/go-php/gateway/internal/diagnostics/doctor.go:146.50,150.69 3 3
github.com/go-php/gateway/internal/diagnostics/doctor.go:150.69,157.3 2 0
github.com/go-php/gateway/internal/diagnostics/doctor.go:158.2,164.4 2 3
github.com/go-php/gateway/internal/diagnostics/doctor.go:168.41,174.29 5 3
github.com/go-php/gateway/internal/diagnostics/doctor.go:174.29,176.19 2 11
github.com/go-php/gateway/internal/diagnostics/doctor.go:177.15,178.21 1 4
github.com/go-php/gateway/internal/diagnostics/doctor.go:179.15,180.21 1 0
github.com/go-php/gateway/internal/diagnostics/doctor.go:182.3,182.81 1 11
github.com/go-php/gateway/internal/diagnostics/doctor.go:185.2,185.34 1 3
github.com/go-php/gateway/internal/diagnostics/doctor.go:189.43,190.29 1 3
github.com/go-php/gateway/internal/diagnostics/doctor.go:190.29,191.25 1 5
github.com/go-php/gateway/internal/diagnostics/doctor.go:191.25,193.4 1 1
github.com/go-php/gateway/internal/diagnostics/doctor.go:195.2,195.14 1 2
github.com/go-php/gateway/internal/diagnostics/doctor.go:198.24,200.16 2 3
github.com/go-php/gateway/internal/diagnostics/doctor.go:200.16,202.3 1 0
github.com/go-php/gateway/internal/diagnostics/doctor.go:203.2,203.10 1 3
github.com/go-php/gateway/internal/diagnostics/explain.go:24.143,31.2 1 6
github.com/go-php/gateway/internal/diagnostics/explain.go:34.59,35.28 1 5
github.com/go-php/gateway/internal/diagnostics/explain.go:35.28,37.3 1 1
github.com/go-php/gateway/internal/diagnostics/explain.go:38.2,38.24 1 5
github.com/go-php/gateway/internal/diagnostics/explain.go:105.67,120.96 3 6
github.com/go-php/gateway/internal/diagnostics/explain.go:120.96,121.36 1 24
github.com/go-php/gateway/internal/diagnostics/explain.go:121.36,123.4 1 0
github.com/go-php/gateway/internal/diagnostics/explain.go:127.2,128.16 2 6
github.com/go-php/gateway/internal/diagnostics/explain.go:128.16,137.3 4 1
github.com/go-php/gateway/internal/diagnostics/explain.go:139.2,164.37 6 5
github.com/go-php/gateway/internal/diagnostics/explain.go:164.37,168.3 3 1
github.com/go-php/gateway/internal/diagnostics/explain.go:171.2,171.22 1 4
github.com/go-php/gateway/internal/diagnostics/explain.go:171.22,172.48 1 2
github.com/go-php/gateway/internal/diagnostics/explain.go:172.48,181.4 3 2
github.com/go-php/gateway/internal/diagnostics/explain.go:185.2,186.16 2 4
github.com/go-php/gateway/internal/diagnostics/explain.go:186.16,193.3 2 2
github.com/go-php/gateway/internal/diagnostics/explain.go:193.8,198.3 1 2
github.com/go-php/gateway/internal/diagnostics/explain.go:201.2,204.57 2 4
github.com/go-php/gateway/internal/diagnostics/explain.go:204.57,206.23 2 4
github.com/go-php/gateway/internal/diagnostics/explain.go:206.23,212.4 1 4
github.com/go-php/gateway/internal/diagnostics/explain.go:212.9,217.4 1 0
github.com/go-php/gateway/internal/diagnostics/explain.go:221.2,223.16 3 4
github.com/go-php/gateway/internal/diagnostics/explain.go:226.65,229.41 2 4
github.com/go-php/gateway/internal/diagnostics/explain.go:229.41,231.3 1 0
github.com/go-php/gateway/internal/diagnostics/explain.go:233.2,233.26 1 4
github.com/go-php/gateway/internal/diagnostics/explain.go:233.26,235.3 1 2
github.com/go-php/gateway/internal/diagnostics/explain.go:237.2,237.23 1 4
github.com/go-php/gateway/internal/diagnostics/explain.go:237.23,239.3 1 2
github.com/go-php/gateway/internal/diagnostics/explain.go:239.8,239.32 1 2
github.com/go-php/gateway/internal/diagnostics/explain.go:239.32,241.3 1 2
github.com/go-php/gateway/internal/diagnostics/explain.go:241.8,243.3 1 0
github.com/go-php/gateway/internal/diagnostics/explain.go:245.2,245.21 1 4
github.com/go-php/gateway/internal/diagnostics/explain.go:245.21,247.3 1 0
github.com/go-php/gateway/internal/diagnostics/explain.go:248.2,248.33 1 4
github.com/go-php/gateway/internal/diagnostics/explain.go:251.75,253.43 1 4
github.com/go-php/gateway/internal/diagnostics/explain.go:253.43,255.3 1 2
github.com/go-php/gateway/internal/diagnostics/explain.go:256.2,256.66 1 2
github.com/go-php/gateway/internal/diagnostics/explain.go:256.66,258.3 1 2
github.com/go-php/gateway/internal/diagnostics/explain.go:259.2,259.15 1 0
github.com/go-php/gateway/internal/diagnostics/explain.go:262.40,264.16 2 5
github.com/go-php/gateway/internal/diagnostics/explain.go:264.16,266.3 1 5
github.com/go-php/gateway/internal/diagnostics/explain.go:267.2,267.26 1 0
github.com/go-php/gateway/internal/diagnostics/htaccess.go:15.50,17.2 1 6
github.com/go-php/gateway/internal/diagnostics/htaccess.go:30.86,37.29 5 6
github.com/go-php/gateway/internal/diagnostics/htaccess.go:37.29,39.49 2 11
github.com/go-php/gateway/internal/diagnostics/htaccess.go:39.49,40.12 1 3
github.com/go-php/gateway/internal/diagnostics/htaccess.go:44.3,44.50 1 8
github.com/go-php/gateway/internal/diagnostics/htaccess.go:44.50,46.12 2 3
github.com/go-php/gateway/internal/diagnostics/htaccess.go:50.3,50.80 1 5
github.com/go-php/gateway/internal/diagnostics/htaccess.go:50.80,51.12 1 0
github.com/go-php/gateway/internal/diagnostics/htaccess.go:55.3,55.62 1 5
github.com/go-php/gateway/internal/diagnostics/htaccess.go:55.62,58.12 2 1
github.com/go-php/gateway/internal/diagnostics/htaccess.go:62.3,62.62 1 4
github.com/go-php/gateway/internal/diagnostics/htaccess.go:62.62,64.18 2 3
github.com/go-php/gateway/internal/diagnostics/htaccess.go:64.18,66.13 2 0
github.com/go-php/gateway/internal/diagnostics/htaccess.go:68.4,69.12 2 3
github.com/go-php/gateway/internal/diagnostics/htaccess.go:73.3,73.59 1 1
github.com/go-php/gateway/internal/diagnostics/htaccess.go:73.59,75.18 2 1
github.com/go-php/gateway/internal/diagnostics/htaccess.go:75.18,77.13 2 0
github.com/go-php/gateway/internal/diagnostics/htaccess.go:79.4,80.12 2 1
github.com/go-php/gateway/internal/diagnostics/htaccess.go:84.3,85.51 1 0
github.com/go-php/gateway/internal/diagnostics/htaccess.go:88.2,88.27 1 6
github.com/go-php/gateway/internal/diagnostics/htaccess.go:93.86,100.20 4 3
github.com/go-php/gateway/internal/diagnostics/htaccess.go:100.20,102.3 1 0
github.com/go-php/gateway/internal/diagnostics/htaccess.go:104.2,107.22 4 3
github.com/go-php/gateway/internal/diagnostics/htaccess.go:107.22,109.3 1 3
github.com/go-php/gateway/internal/diagnostics/htaccess.go:112.2,124.34 4 3
github.com/go-php/gateway/internal/diagnostics/htaccess.go:124.34,127.35 2 2
github.com/go-php/gateway/internal/diagnostics/htaccess.go:127.36,129.4 0 2
github.com/go-php/gateway/internal/diagnostics/htaccess.go:130.3,131.24 2 2
github.com/go-php/gateway/internal/diagnostics/htaccess.go:132.8,132.41 1 1
github.com/go-php/gateway/internal/diagnostics/htaccess.go:132.41,135.3 1 1
github.com/go-php/gateway/internal/diagnostics/htaccess.go:137.2,137.19 1 3
github.com/go-php/gateway/internal/diagnostics/htaccess.go:142.83,146.20 3 1
github.com/go-php/gateway/internal/diagnostics/htaccess.go:146.20,148.3 1 0
github.com/go-php/gateway/internal/diagnostics/htaccess.go:150.2,154.21 3 1
github.com/go-php/gateway/internal/diagnostics/htaccess.go:154.21,157.3 2 1
github.com/go-php/gateway/internal/diagnostics/htaccess.go:159.2,163.8 1 1
github.com/go-php/gateway/internal/diagnostics/htaccess.go:167.45,176.26 2 6
github.com/go-php/gateway/internal/diagnostics/htaccess.go:176.26,178.3 1 54
github.com/go-php/gateway/internal/diagnostics/htaccess.go:180.2,180.15 1 6
github.com/go-php/gateway/internal/diagnostics/htaccess.go:183.47,185.46 2 3
github.com/go-php/gateway/internal/diagnostics/htaccess.go:185.46,187.14 2 5
github.com/go-php/gateway/internal/diagnostics/htaccess.go:187.14,190.50 2 5
github.com/go-php/gateway/internal/diagnostics/htaccess.go:190.50,192.5 1 2
github.com/go-php/gateway/internal/diagnostics/htaccess.go:193.4,194.20 2 5
github.com/go-php/gateway/internal/diagnostics/htaccess.go:197.2,197.15 1 3
github.com/go-php/gateway/internal/diagnostics/htaccess.go:201.50,203.2 1 0
github.com/go-php/gateway/internal/diagnostics/shadow.go:40.68,47.2 1 5
github.com/go-php/gateway/internal/diagnostics/shadow.go:50.125,61.16 5 18
github.com/go-php/gateway/internal/diagnostics/shadow.go:61.16,63.3 1 0
github.com/go-php/gateway/internal/diagnostics/shadow.go:63.8,66.3 2 18
github.com/go-php/gateway/internal/diagnostics/shadow.go:69.2,72.16 4 18
github.com/go-php/gateway/internal/diagnostics/shadow.go:72.16,74.3 1 0
github.com/go-php/gateway/internal/diagnostics/shadow.go:74.8,77.3 2 18
github.com/go-php/gateway/internal/diagnostics/shadow.go:80.2,86.37 5 18
github.com/go-php/gateway/internal/diagnostics/shadow.go:86.37,88.3 1 0
github.com/go-php/gateway/internal/diagnostics/shadow.go:89.2,91.20 2 18
github.com/go-php/gateway/internal/diagnostics/shadow.go:94.126,96.16 2 36
github.com/go-php/gateway/internal/diagnostics/shadow.go:96.16,98.3 1 0
github.com/go-php/gateway/internal/diagnostics/shadow.go:100.2,100.28 1 36
github.com/go-php/gateway/internal/diagnostics/shadow.go:100.28,102.3 1 0
github.com/go-php/gateway/internal/diagnostics/shadow.go:105.2,108.16 3 36
github.com/go-php/gateway/internal/diagnostics/shadow.go:108.16,110.3 1 0
github.com/go-php/gateway/internal/diagnostics/shadow.go:111.2,115.16 3 36
github.com/go-php/gateway/internal/diagnostics/shadow.go:115.16,117.3 1 0
github.com/go-php/gateway/internal/diagnostics/shadow.go:119.2,120.54 2 36
github.com/go-php/gateway/internal/diagnostics/shadow.go:124.50,131.2 5 0
github.com/go-php/gateway/internal/diagnostics/shadow.go:134.49,142.31 4 2
github.com/go-php/gateway/internal/diagnostics/shadow.go:142.31,143.20 1 15
github.com/go-php/gateway/internal/diagnostics/shadow.go:143.20,145.12 2 0
github.com/go-php/gateway/internal/diagnostics/shadow.go:148.3,148.20 1 15
github.com/go-php/gateway/internal/diagnostics/shadow.go:148.20,150.4 1 15
github.com/go-php/gateway/internal/diagnostics/shadow.go:150.9,152.4 1 0
github.com/go-php/gateway/internal/diagnostics/shadow.go:154.3,154.18 1 15
github.com/go-php/gateway/internal/diagnostics/shadow.go:154.18,156.4 1 15
github.com/go-php/gateway/internal/diagnostics/shadow.go:156.9,158.4 1 0
github.com/go-php/gateway/internal/diagnostics/shadow.go:160.3,161.46 2 15
github.com/go-php/gateway/internal/diagnostics/shadow.go:164.2,164.23 1 2
github.com/go-php/gateway/internal/diagnostics/shadow.go:164.23,166.12 2 2
github.com/go-php/gateway/internal/diagnostics/shadow.go:166.12,169.4 2 2
github.com/go-php/gateway/internal/diagnostics/shadow.go:172.2,172.16 1 2
github.com/go-php/gateway/internal/diagnostics/shadow.go:188.40,194.2 1 1
github.com/go-php/gateway/internal/diagnostics/shadow.go:197.38,199.2 1 1
github.com/go-php/gateway/internal/diagnostics/snapshot.go:61.39,86.2 4 8
github.com/go-php/gateway/internal/diagnostics/snapshot.go:89.63,96.2 1 3
github.com/go-php/gateway/internal/diagnostics/snapshot.go:99.56,101.2 1 3
github.com/go-php/gateway/internal/diagnostics/snapshot.go:104.58,106.2 1 2
github.com/go-php/gateway/internal/diagnostics/snapshot.go:109.53,110.47 1 3
github.com/go-php/gateway/internal/diagnostics/snapshot.go:110.47,112.3 1 0
github.com/go-php/gateway/internal/diagnostics/snapshot.go:114.2,117.16 3 3
github.com/go-php/gateway/internal/diagnostics/snapshot.go:117.16,119.3 1 0
github.com/go-php/gateway/internal/diagnostics/snapshot.go:121.2,121.55 1 3
github.com/go-php/gateway/internal/diagnostics/snapshot.go:121.55,123.3 1 0
github.com/go-php/gateway/internal/diagnostics/snapshot.go:125.2,125.18 1 3
github.com/go-php/gateway/internal/diagnostics/snapshot.go:129.51,131.16 2 5
github.com/go-php/gateway/internal/diagnostics/snapshot.go:131.16,133.3 1 1
github.com/go-php/gateway/internal/diagnostics/snapshot.go:135.2,136.52 2 4
github.com/go-php/gateway/internal/diagnostics/snapshot.go:136.52,138.3 1 1
github.com/go-php/gateway/internal/diagnostics/snapshot.go:140.2,140.19 1 3
github.com/go-php/gateway/internal/diagnostics/snapshot.go:144.53,146.16 2 1
github.com/go-php/gateway/internal/diagnostics/snapshot.go:146.16,148.3 1 0
github.com/go-php/gateway/internal/diagnostics/snapshot.go:150.2,151.28 2 1
github.com/go-php/gateway/internal/diagnostics/snapshot.go:151.28,152.53 1 3
github.com/go-php/gateway/internal/diagnostics/snapshot.go:152.53,153.12 1 1
github.com/go-php/gateway/internal/diagnostics/snapshot.go:155.3,156.17 2 2
github.com/go-php/gateway/internal/diagnostics/snapshot.go:156.17,157.12 1 0
github.com/go-php/gateway/internal/diagnostics/snapshot.go:159.3,159.30 1 2
github.com/go-php/gateway/internal/diagnostics/snapshot.go:162.2,162.19 1 1
github.com/go-php/gateway/internal/diagnostics/snapshot.go:166.70,176.24 3 5
github.com/go-php/gateway/internal/diagnostics/snapshot.go:176.24,177.19 1 9
github.com/go-php/gateway/internal/diagnostics/snapshot.go:177.19,179.12 2 3
github.com/go-php/gateway/internal/diagnostics/snapshot.go:183.3,183.51 1 6
github.com/go-php/gateway/internal/diagnostics/snapshot.go:183.51,185.4 1 3
github.com/go-php/gateway/internal/diagnostics/snapshot.go:185.9,187.4 1 3
github.com/go-php/gateway/internal/diagnostics/snapshot.go:190.2,190.17 1 5
github.com/go-php/gateway/internal/php/cgi/params.go:13.102,31.67 12 7
github.com/go-php/gateway/internal/php/cgi/params.go:31.67,34.3 2 4
github.com/go-php/gateway/internal/php/cgi/params.go:37.2,38.16 2 7
github.com/go-php/gateway/internal/php/cgi/params.go:38.16,41.3 2 0
github.com/go-php/gateway/internal/php/cgi/params.go:42.2,47.16 4 7
github.com/go-php/gateway/internal/php/cgi/params.go:47.16,50.19 3 6
github.com/go-php/gateway/internal/php/cgi/params.go:50.19,52.4 1 1
github.com/go-php/gateway/internal/php/cgi/params.go:54.2,58.18 3 7
github.com/go-php/gateway/internal/php/cgi/params.go:58.18,60.3 1 1
github.com/go-php/gateway/internal/php/cgi/params.go:63.2,63.50 1 7
github.com/go-php/gateway/internal/php/cgi/params.go:63.50,65.3 1 1
github.com/go-php/gateway/internal/php/cgi/params.go:66.2,66.26 1 7
github.com/go-php/gateway/internal/php/cgi/params.go:66.26,68.3 1 7
github.com/go-php/gateway/internal/php/cgi/params.go:71.2,71.37 1 7
github.com/go-php/gateway/internal/php/cgi/params.go:71.37,74.3 2 3
github.com/go-php/gateway/internal/php/cgi/params.go:77.2,79.15 2 7
github.com/go-php/gateway/internal/php/cgi/params.go:83.41,85.15 2 7
github.com/go-php/gateway/internal/php/cgi/params.go:85.15,87.3 1 0
github.com/go-php/gateway/internal/php/cgi/params.go:88.2,88.12 1 7
github.com/go-php/gateway/internal/php/cgi/params.go:93.42,96.2 2 3
github.com/go-php/gateway/internal/php/cgi/response.go:39.62,40.22 1 21
github.com/go-php/gateway/internal/php/cgi/response.go:40.22,47.3 1 2
github.com/go-php/gateway/internal/php/cgi/response.go:50.2,51.17 2 19
github.com/go-php/gateway/internal/php/cgi/response.go:51.17,59.3 1 3
github.com/go-php/gateway/internal/php/cgi/response.go:61.2,65.16 4 16
github.com/go-php/gateway/internal/php/cgi/response.go:65.16,67.3 1 7
github.com/go-php/gateway/internal/php/cgi/response.go:69.2,70.59 2 9
github.com/go-php/gateway/internal/php/cgi/response.go:70.59,72.17 2 5
github.com/go-php/gateway/internal/php/cgi/response.go:72.17,74.4 1 1
github.com/go-php/gateway/internal/php/cgi/response.go:75.3,75.24 1 4
github.com/go-php/gateway/internal/php/cgi/response.go:78.2,83.8 1 8
github.com/go-php/gateway/internal/php/cgi/response.go:87.78,97.21 8 0
github.com/go-php/gateway/internal/php/cgi/response.go:97.21,101.17 2 0
github.com/go-php/gateway/internal/php/cgi/response.go:101.17,103.9 2 0
github.com/go-php/gateway/internal/php/cgi/response.go:106.3,107.33 2 0
github.com/go-php/gateway/internal/php/cgi/response.go:107.33,109.4 1 0
github.com/go-php/gateway/internal/php/cgi/response.go:110.3,111.33 2 0
github.com/go-php/gateway/internal/php/cgi/response.go:111.33,113.4 1 0
github.com/go-php/gateway/internal/php/cgi/response.go:116.3,117.17 2 0
github.com/go-php/gateway/internal/php/cgi/response.go:117.17,119.4 1 0
github.com/go-php/gateway/internal/php/cgi/response.go:120.3,120.27 1 0
github.com/go-php/gateway/internal/php/cgi/response.go:123.2,123.38 1 0
github.com/go-php/gateway/internal/php/cgi/response.go:123.38,125.3 1 0
github.com/go-php/gateway/internal/php/cgi/response.go:127.2,128.59 2 0
github.com/go-php/gateway/internal/php/cgi/response.go:128.59,131.17 3 0
github.com/go-php/gateway/internal/php/cgi/response.go:131.17,133.4 1 0
github.com/go-php/gateway/internal/php/cgi/response.go:134.3,134.24 1 0
github.com/go-php/gateway/internal/php/cgi/response.go:138.2,139.21 2 0
github.com/go-php/gateway/internal/php/cgi/response.go:139.21,141.3 1 0
github.com/go-php/gateway/internal/php/cgi/response.go:141.8,144.3 1 0
github.com/go-php/gateway/internal/php/cgi/response.go:146.2,151.8 1 0
github.com/go-php/gateway/internal/php/cgi/response.go:155.53,161.29 5 16
github.com/go-php/gateway/internal/php/cgi/response.go:161.29,162.21 1 121
github.com/go-php/gateway/internal/php/cgi/response.go:162.21,163.12 1 0
github.com/go-php/gateway/internal/php/cgi/response.go:167.3,167.33 1 121
github.com/go-php/gateway/internal/php/cgi/response.go:167.33,169.4 1 1
github.com/go-php/gateway/internal/php/cgi/response.go:171.3,172.33 2 120
github.com/go-php/gateway/internal/php/cgi/response.go:172.33,174.4 1 0
github.com/go-php/gateway/internal/php/cgi/response.go:175.3,176.33 2 120
github.com/go-php/gateway/internal/php/cgi/response.go:176.33,178.4 1 1
github.com/go-php/gateway/internal/php/cgi/response.go:180.3,181.17 2 119
github.com/go-php/gateway/internal/php/cgi/response.go:181.17,183.4 1 5
github.com/go-php/gateway/internal/php/cgi/response.go:184.3,184.27 1 114
github.com/go-php/gateway/internal/php/cgi/response.go:187.2,187.21 1 9
github.com/go-php/gateway/internal/php/cgi/response.go:191.67,193.18 2 119
github.com/go-php/gateway/internal/php/cgi/response.go:193.18,195.3 1 1
github.com/go-php/gateway/internal/php/cgi/response.go:197.2,200.16 3 118
github.com/go-php/gateway/internal/php/cgi/response.go:200.16,202.3 1 1
github.com/go-php/gateway/internal/php/cgi/response.go:205.2,205.25 1 117
github.com/go-php/gateway/internal/php/cgi/response.go:205.25,206.25 1 945
github.com/go-php/gateway/internal/php/cgi/response.go:206.25,208.4 1 2
github.com/go-php/gateway/internal/php/cgi/response.go:210.2,210.26 1 115
github.com/go-php/gateway/internal/php/cgi/response.go:210.26,211.40 1 605
github.com/go-php/gateway/internal/php/cgi/response.go:211.40,213.4 1 1
github.com/go-php/gateway/internal/php/cgi/response.go:216.2,216.25 1 114
github.com/go-php/gateway/internal/php/cgi/response.go:220.45,224.44 4 5
github.com/go-php/gateway/internal/php/cgi/response.go:224.44,226.3 1 1
github.com/go-php/gateway/internal/php/cgi/response.go:227.2,227.18 1 4
github.com/go-php/gateway/internal/php/cgi/response.go:231.86,232.29 1 0
github.com/go-php/gateway/internal/php/cgi/response.go:232.29,234.3 1 0
github.com/go-php/gateway/internal/php/cgi/response.go:237.2,237.35 1 0
github.com/go-php/gateway/internal/php/cgi/response.go:237.35,238.43 1 0
github.com/go-php/gateway/internal/php/cgi/response.go:238.43,241.4 2 0
github.com/go-php/gateway/internal/php/cgi/response.go:245.2,245.78 1 0
github.com/go-php/gateway/internal/php/cgi/response.go:245.78,247.3 1 0
github.com/go-php/gateway/internal/php/cgi/response.go:250.2,250.12 1 0
github.com/go-php/gateway/internal/php/cgi/response.go:250.12,252.3 1 0
github.com/go-php/gateway/internal/php/cgi/response.go:255.2,255.29 1 0
github.com/go-php/gateway/internal/php/fastcgi/protocol.go:81.69,83.16 2 0
github.com/go-php/gateway/internal/php/fastcgi/protocol.go:83.16,85.3 1 0
github.com/go-php/gateway/internal/php/fastcgi/protocol.go:86.2,90.8 1 0
github.com/go-php/gateway/internal/php/fastcgi/protocol.go:94.32,96.2 1 0
github.com/go-php/gateway/internal/php/fastcgi/protocol.go:101.128,108.77 5 0
github.com/go-php/gateway/internal/php/fastcgi/protocol.go:108.77,110.3 1 0
github.com/go-php/gateway/internal/php/fastcgi/protocol.go:113.2,113.50 1 0
github.com/go-php/gateway/internal/php/fastcgi/protocol.go:113.50,115.3 1 0
github.com/go-php/gateway/internal/php/fastcgi/protocol.go:118.2,118.52 1 0
github.com/go-php/gateway/internal/php/fastcgi/protocol.go:118.52,120.3 1 0
github.com/go-php/gateway/internal/php/fastcgi/protocol.go:123.2,123.50 1 0
github.com/go-php/gateway/internal/php/fastcgi/protocol.go:123.50,125.3 1 0
github.com/go-php/gateway/internal/php/fastcgi/protocol.go:128.2,128.30 1 0
github.com/go-php/gateway/internal/php/fastcgi/protocol.go:131.55,143.2 4 0
github.com/go-php/gateway/internal/php/fastcgi/protocol.go:145.75,149.27 2 0
github.com/go-php/gateway/internal/php/fastcgi/protocol.go:149.27,150.57 1 0
github.com/go-php/gateway/internal/php/fastcgi/protocol.go:150.57,152.4 1 0
github.com/go-php/gateway/internal/php/fastcgi/protocol.go:156.2,162.17 1 0
github.com/go-php/gateway/internal/php/fastcgi/protocol.go:162.17,164.3 1 0
github.com/go-php/gateway/internal/php/fastcgi/protocol.go:167.2,172.4 1 0
github.com/go-php/gateway/internal/php/fastcgi/protocol.go:175.65,176.18 1 0
github.com/go-php/gateway/internal/php/fastcgi/protocol.go:176.18,184.3 1 0
github.com/go-php/gateway/internal/php/fastcgi/protocol.go:186.2,187.6 2 0
github.com/go-php/gateway/internal/php/fastcgi/protocol.go:187.6,189.12 2 0
github.com/go-php/gateway/internal/php/fastcgi/protocol.go:189.12,196.19 1 0
github.com/go-php/gateway/internal/php/fastcgi/protocol.go:196.19,198.5 1 0
github.com/go-php/gateway/internal/php/fastcgi/protocol.go:200.3,200.21 1 0
github.com/go-php/gateway/internal/php/fastcgi/protocol.go:200.21,201.34 1 0
github.com/go-php/gateway/internal/php/fastcgi/protocol.go:201.34,202.10 1 0
github.com/go-php/gateway/internal/php/fastcgi/protocol.go:204.4,204.57 1 0
github.com/go-php/gateway/internal/php/fastcgi/protocol.go:209.2,214.4 1 0
github.com/go-php/gateway/internal/php/fastcgi/protocol.go:217.104,220.6 2 0
github.com/go-php/gateway/internal/php/fastcgi/protocol.go:220.6,222.17 2 0
github.com/go-php/gateway/internal/php/fastcgi/protocol.go:222.17,224.4 1 0
github.com/go-php/gateway/internal/php/fastcgi/protocol.go:226.3,226.29 1 0
github.com/go-php/gateway/internal/php/fastcgi/protocol.go:226.29,227.12 1 0
github.com/go-php/gateway/internal/php/fastcgi/protocol.go:230.3,230.19 1 0
github.com/go-php/gateway/internal/php/fastcgi/protocol.go:231.19,232.29 1 0
github.com/go-php/gateway/internal/php/fastcgi/protocol.go:232.29,234.13 1 0
github.com/go-php/gateway/internal/php/fastcgi/protocol.go:236.4,236.32 1 0
github.com/go-php/gateway/internal/php/fastcgi/protocol.go:237.19,238.29 1 0
github.com/go-php/gateway/internal/php/fastcgi/protocol.go:238.29,239.13 1 0
github.com/go-php/gateway/internal/php/fastcgi/protocol.go:241.4,241.32 1 0
github.com/go-php/gateway/internal/php/fastcgi/protocol.go:242.23,243.28 1 0
github.com/go-php/gateway/internal/php/fastcgi/protocol.go:243.28,245.5 1 0
github.com/go-php/gateway/internal/php/fastcgi/protocol.go:246.4,250.60 2 0
github.com/go-php/gateway/internal/php/fastcgi/protocol.go:251.11,251.11 0 0
github.com/go-php/gateway/internal/php/fastcgi/protocol.go:257.48,275.27 11 0
github.com/go-php/gateway/internal/php/fastcgi/protocol.go:275.27,277.3 1 0
github.com/go-php/gateway/internal/php/fastcgi/protocol.go:279.2,280.12 2 0
github.com/go-php/gateway/internal/php/fastcgi/protocol.go:283.48,285.57 2 0
github.com/go-php/gateway/internal/php/fastcgi/protocol.go:285.57,287.3 1 0
github.com/go-php/gateway/internal/php/fastcgi/protocol.go:289.2,300.20 4 0
github.com/go-php/gateway/internal/php/fastcgi/protocol.go:300.20,302.63 2 0
github.com/go-php/gateway/internal/php/fastcgi/protocol.go:302.63,304.4 1 0
github.com/go-php/gateway/internal/php/fastcgi/protocol.go:308.2,308.16 1 0
github.com/go-php/gateway/internal/php/fastcgi/protocol.go:308.16,310.55 2 0
github.com/go-php/gateway/internal/php/fastcgi/protocol.go:310.55,312.4 1 0
github.com/go-php/gateway/internal/php/fastcgi/protocol.go:315.2,315.17 1 0
github.com/go-php/gateway/internal/php/fastcgi/protocol.go:319.65,324.46 3 13
github.com/go-php/gateway/internal/php/fastcgi/protocol.go:324.46,326.3 1 0
github.com/go-php/gateway/internal/php/fastcgi/protocol.go:328.2,328.46 1 13
github.com/go-php/gateway/internal/php/fastcgi/protocol.go:328.46,330.3 1 0
github.com/go-php/gateway/internal/php/fastcgi/protocol.go:333.2,333.51 1 13
[...]
github.com/go-php/gateway/internal/runtime/manifest.go:50.22,52.3 1 0
github.com/go-php/gateway/internal/runtime/manifest.go:53.2,53.18 1 0
github.com/go-php/gateway/internal/runtime/manifest.go:53.18,55.3 1 0
github.com/go-php/gateway/internal/runtime/manifest.go:56.2,56.16 1 0
github.com/go-php/gateway/internal/runtime/manifest.go:60.51,62.16 2 0
github.com/go-php/gateway/internal/runtime/manifest.go:62.16,64.3 1 0
github.com/go-php/gateway/internal/runtime/manifest.go:65.2,66.54 2 0
github.com/go-php/gateway/internal/runtime/manifest.go:66.54,68.3 1 0
github.com/go-php/gateway/internal/runtime/manifest.go:69.2,69.29 1 0
github.com/go-php/gateway/internal/runtime/manifest.go:73.45,75.16 2 0
github.com/go-php/gateway/internal/runtime/manifest.go:75.16,77.3 1 0
github.com/go-php/gateway/internal/runtime/manifest.go:78.2,79.51 2 0
github.com/go-php/gateway/internal/runtime/manifest.go:79.51,81.3 1 0
github.com/go-php/gateway/internal/runtime/manifest.go:82.2,82.18 1 0
github.com/go-php/gateway/internal/runtime/manifest.go:86.65,89.16 3 0
github.com/go-php/gateway/internal/runtime/manifest.go:89.16,91.3 1 0
github.com/go-php/gateway/internal/runtime/manifest.go:92.2,92.21 1 0
github.com/go-php/gateway/internal/runtime/policy.go:20.100,21.25 1 5
github.com/go-php/gateway/internal/runtime/policy.go:21.25,23.3 1 0
github.com/go-php/gateway/internal/runtime/policy.go:25.2,25.16 1 5
github.com/go-php/gateway/internal/runtime/policy.go:26.19,27.28 1 2
github.com/go-php/gateway/internal/runtime/policy.go:27.28,28.42 1 6
github.com/go-php/gateway/internal/runtime/policy.go:28.42,30.5 1 1
github.com/go-php/gateway/internal/runtime/policy.go:32.3,32.69 1 1
github.com/go-php/gateway/internal/runtime/policy.go:34.19,35.50 1 1
github.com/go-php/gateway/internal/runtime/policy.go:37.19,38.50 1 1
github.com/go-php/gateway/internal/runtime/policy.go:40.20,42.28 1 1
github.com/go-php/gateway/internal/runtime/policy.go:42.28,43.42 1 1
github.com/go-php/gateway/internal/runtime/policy.go:43.42,45.5 1 1
github.com/go-php/gateway/internal/runtime/policy.go:47.3,47.68 1 0
github.com/go-php/gateway/internal/runtime/policy.go:49.10,50.63 1 0
github.com/go-php/gateway/internal/runtime/policy.go:54.90,58.30 3 2
github.com/go-php/gateway/internal/runtime/policy.go:58.30,59.43 1 8
github.com/go-php/gateway/internal/runtime/policy.go:59.43,61.4 1 3
github.com/go-php/gateway/internal/runtime/policy.go:64.2,64.23 1 2
github.com/go-php/gateway/internal/runtime/policy.go:64.23,66.3 1 0
github.com/go-php/gateway/internal/runtime/policy.go:69.2,69.42 1 2
github.com/go-php/gateway/internal/runtime/policy.go:69.42,71.3 1 1
github.com/go-php/gateway/internal/runtime/policy.go:73.2,73.25 1 2
github.com/go-php/gateway/internal/runtime/policy.go:76.54,78.21 2 2
github.com/go-php/gateway/internal/runtime/policy.go:78.21,80.3 1 2
github.com/go-php/gateway/internal/runtime/policy.go:81.2,81.16 1 0
github.com/go-php/gateway/internal/runtime/policy.go:85.39,90.22 4 1
github.com/go-php/gateway/internal/runtime/policy.go:90.22,92.3 1 0
github.com/go-php/gateway/internal/runtime/policy.go:94.2,94.30 1 1
github.com/go-php/gateway/internal/runtime/policy.go:94.30,96.18 2 3
github.com/go-php/gateway/internal/runtime/policy.go:96.18,98.4 1 3
github.com/go-php/gateway/internal/runtime/policy.go:99.3,99.18 1 3
github.com/go-php/gateway/internal/runtime/policy.go:99.18,101.4 1 3
github.com/go-php/gateway/internal/runtime/policy.go:102.3,102.14 1 3
github.com/go-php/gateway/internal/runtime/policy.go:102.14,104.4 1 1
github.com/go-php/gateway/internal/runtime/policy.go:105.3,105.14 1 2
github.com/go-php/gateway/internal/runtime/policy.go:105.14,107.4 1 0
github.com/go-php/gateway/internal/runtime/policy.go:109.2,109.10 1 0
github.com/go-php/gateway/internal/runtime/registry.go:19.41,24.2 1 0
github.com/go-php/gateway/internal/runtime/registry.go:27.33,29.25 2 0
github.com/go-php/gateway/internal/runtime/registry.go:29.25,30.46 1 0
github.com/go-php/gateway/internal/runtime/registry.go:30.46,32.4 1 0
github.com/go-php/gateway/internal/runtime/registry.go:34.2,34.12 1 0
github.com/go-php/gateway/internal/runtime/registry.go:38.81,50.44 3 0
github.com/go-php/gateway/internal/runtime/registry.go:50.44,52.3 1 0
github.com/go-php/gateway/internal/runtime/registry.go:55.2,55.49 1 0
github.com/go-php/gateway/internal/runtime/registry.go:55.49,57.3 1 0
github.com/go-php/gateway/internal/runtime/registry.go:60.2,60.88 1 0
github.com/go-php/gateway/internal/runtime/registry.go:60.88,62.3 1 0
github.com/go-php/gateway/internal/runtime/registry.go:64.2,72.16 2 0
github.com/go-php/gateway/internal/runtime/registry.go:76.46,78.16 2 0
github.com/go-php/gateway/internal/runtime/registry.go:78.16,79.25 1 0
github.com/go-php/gateway/internal/runtime/registry.go:79.25,81.4 1 0
github.com/go-php/gateway/internal/runtime/registry.go:82.3,82.51 1 0
github.com/go-php/gateway/internal/runtime/registry.go:85.2,86.28 2 0
github.com/go-php/gateway/internal/runtime/registry.go:86.28,87.17 1 0
github.com/go-php/gateway/internal/runtime/registry.go:87.17,88.12 1 0
github.com/go-php/gateway/internal/runtime/registry.go:90.3,90.28 1 0
github.com/go-php/gateway/internal/runtime/registry.go:90.28,91.12 1 0
github.com/go-php/gateway/internal/runtime/registry.go:94.3,96.17 3 0
github.com/go-php/gateway/internal/runtime/registry.go:96.17,97.12 1 0
github.com/go-php/gateway/internal/runtime/registry.go:100.3,107.34 2 0
github.com/go-php/gateway/internal/runtime/registry.go:110.2,110.22 1 0
github.com/go-php/gateway/internal/runtime/registry.go:114.44,116.43 2 0
github.com/go-php/gateway/internal/runtime/registry.go:116.43,118.3 1 0
github.com/go-php/gateway/internal/runtime/registry.go:121.2,124.54 2 0
github.com/go-php/gateway/internal/runtime/registry.go:124.54,126.3 1 0
github.com/go-php/gateway/internal/runtime/registry.go:128.2,128.12 1 0
github.com/go-php/gateway/internal/runtime/registry.go:132.47,134.43 2 0
github.com/go-php/gateway/internal/runtime/registry.go:134.43,136.3 1 0
github.com/go-php/gateway/internal/runtime/registry.go:139.2,139.53 1 0
github.com/go-php/gateway/internal/runtime/registry.go:139.53,140.21 1 0
github.com/go-php/gateway/internal/runtime/registry.go:140.21,142.4 1 0
github.com/go-php/gateway/internal/runtime/registry.go:145.2,145.29 1 0
github.com/go-php/gateway/internal/runtime/registry.go:149.46,151.16 2 0
github.com/go-php/gateway/internal/runtime/registry.go:151.16,153.3 1 0
github.com/go-php/gateway/internal/runtime/registry.go:155.2,157.16 3 0
github.com/go-php/gateway/internal/runtime/registry.go:157.16,159.3 1 0
github.com/go-php/gateway/internal/runtime/registry.go:161.2,167.3 1 0
github.com/go-php/gateway/internal/runtime/registry.go:171.52,173.2 1 0
github.com/go-php/gateway/internal/runtime/registry.go:183.38,185.16 2 0
github.com/go-php/gateway/internal/runtime/registry.go:185.16,187.3 1 0
github.com/go-php/gateway/internal/runtime/registry.go:189.2,190.30 2 0
github.com/go-php/gateway/internal/runtime/registry.go:190.30,192.3 1 0
github.com/go-php/gateway/internal/runtime/registry.go:194.2,195.53 2 0
github.com/go-php/gateway/internal/runtime/registry.go:195.53,197.3 1 0
github.com/go-php/gateway/internal/runtime/registry.go:199.2,206.16 3 0
github.com/go-php/gateway/internal/runtime/registry.go:206.16,208.3 1 0
github.com/go-php/gateway/internal/runtime/registry.go:210.2,210.70 1 0
github.com/go-php/gateway/internal/runtime/registry.go:213.37,214.81 1 0
github.com/go-php/gateway/internal/runtime/registry.go:214.81,215.17 1 0
github.com/go-php/gateway/internal/runtime/registry.go:215.17,217.4 1 0
github.com/go-php/gateway/internal/runtime/registry.go:219.3,220.17 2 0
github.com/go-php/gateway/internal/runtime/registry.go:220.17,222.4 1 0
github.com/go-php/gateway/internal/runtime/registry.go:224.3,226.19 2 0
github.com/go-php/gateway/internal/runtime/registry.go:226.19,228.4 1 0
github.com/go-php/gateway/internal/runtime/registry.go:231.3,231.38 1 0
github.com/go-php/gateway/internal/runtime/registry.go:231.38,233.18 2 0
github.com/go-php/gateway/internal/runtime/registry.go:233.18,235.5 1 0
github.com/go-php/gateway/internal/runtime/registry.go:236.4,236.35 1 0
github.com/go-php/gateway/internal/runtime/registry.go:239.3,240.17 2 0
github.com/go-php/gateway/internal/runtime/registry.go:240.17,242.4 1 0
github.com/go-php/gateway/internal/runtime/registry.go:244.3,244.65 1 0
github.com/go-php/gateway/internal/runtime/registry.go:244.65,246.4 1 0
github.com/go-php/gateway/internal/runtime/registry.go:248.3,248.13 1 0
github.com/go-php/gateway/internal/runtime/registry.go:253.71,255.16 2 0
github.com/go-php/gateway/internal/runtime/registry.go:255.16,257.3 1 0
github.com/go-php/gateway/internal/runtime/registry.go:259.2,259.26 1 0
github.com/go-php/gateway/internal/runtime/registry.go:259.26,260.52 1 0
github.com/go-php/gateway/internal/runtime/registry.go:260.52,262.4 1 0
github.com/go-php/gateway/internal/runtime/registry.go:265.2,265.62 1 0
github.com/go-php/gateway/internal/runtime/registry.go:269.52,270.43 1 0
github.com/go-php/gateway/internal/runtime/registry.go:270.43,272.3 1 0
github.com/go-php/gateway/internal/runtime/registry.go:275.2,275.27 1 0
github.com/go-php/gateway/internal/runtime/registry.go:275.27,277.3 1 0
github.com/go-php/gateway/internal/runtime/registry.go:280.2,280.44 1 0
github.com/go-php/gateway/internal/runtime/registry.go:280.44,282.3 1 0
github.com/go-php/gateway/internal/runtime/registry.go:284.2,284.14 1 0
github.com/go-php/gateway/internal/runtime/runtime.go:33.85,36.41 3 0
github.com/go-php/gateway/internal/runtime/runtime.go:36.41,38.3 1 0
github.com/go-php/gateway/internal/runtime/runtime.go:40.2,41.27 2 0
github.com/go-php/gateway/internal/runtime/runtime.go:41.27,45.3 3 0
github.com/go-php/gateway/internal/runtime/runtime.go:46.2,48.95 2 0
github.com/go-php/gateway/internal/runtime/runtime.go:52.87,54.42 2 0
github.com/go-php/gateway/internal/runtime/runtime.go:54.42,56.3 1 0
github.com/go-php/gateway/internal/runtime/runtime.go:57.2,57.63 1 0
github.com/go-php/gateway/internal/runtime/runtime.go:61.32,63.2 1 0
github.com/go-php/gateway/internal/runtime/runtime.go:66.48,68.2 1 0
github.com/go-php/gateway/internal/runtime/runtime.go:71.29,73.2 1 0
github.com/go-php/gateway/internal/runtime/signed.go:31.79,37.2 1 3
github.com/go-php/gateway/internal/runtime/signed.go:40.67,42.16 2 2
github.com/go-php/gateway/internal/runtime/signed.go:42.16,44.3 1 0
github.com/go-php/gateway/internal/runtime/signed.go:45.2,47.38 2 2
github.com/go-php/gateway/internal/runtime/signed.go:47.38,49.3 1 0
github.com/go-php/gateway/internal/runtime/signed.go:51.2,52.16 2 2
github.com/go-php/gateway/internal/runtime/signed.go:52.16,54.3 1 0
github.com/go-php/gateway/internal/runtime/signed.go:57.2,58.54 2 2
github.com/go-php/gateway/internal/runtime/signed.go:58.54,60.3 1 0
github.com/go-php/gateway/internal/runtime/signed.go:63.2,64.16 2 2
github.com/go-php/gateway/internal/runtime/signed.go:64.16,66.3 1 0
github.com/go-php/gateway/internal/runtime/signed.go:67.2,67.35 1 2
github.com/go-php/gateway/internal/runtime/signed.go:67.35,69.3 1 0
github.com/go-php/gateway/internal/runtime/signed.go:72.2,73.16 2 2
github.com/go-php/gateway/internal/runtime/signed.go:73.16,75.3 1 0
github.com/go-php/gateway/internal/runtime/signed.go:78.2,82.16 3 2
github.com/go-php/gateway/internal/runtime/signed.go:82.16,84.3 1 0
github.com/go-php/gateway/internal/runtime/signed.go:87.2,87.53 1 2
github.com/go-php/gateway/internal/runtime/signed.go:87.53,89.3 1 1
github.com/go-php/gateway/internal/runtime/signed.go:92.2,92.22 1 1
github.com/go-php/gateway/internal/runtime/signed.go:92.22,94.3 1 1
github.com/go-php/gateway/internal/runtime/signed.go:96.2,96.26 1 1
github.com/go-php/gateway/internal/runtime/signed.go:100.68,101.22 1 1
github.com/go-php/gateway/internal/runtime/signed.go:101.22,103.3 1 0
github.com/go-php/gateway/internal/runtime/signed.go:105.2,107.16 3 1
github.com/go-php/gateway/internal/runtime/signed.go:107.16,109.3 1 0
github.com/go-php/gateway/internal/runtime/signed.go:111.2,112.54 2 1
github.com/go-php/gateway/internal/runtime/signed.go:112.54,114.3 1 0
github.com/go-php/gateway/internal/runtime/signed.go:116.2,116.26 1 1
github.com/go-php/gateway/internal/runtime/signed.go:119.60,122.2 2 1
github.com/go-php/gateway/internal/runtime/signed.go:124.53,127.2 2 3
github.com/go-php/gateway/internal/runtime/signed.go:136.73,138.2 1 3
github.com/go-php/gateway/internal/runtime/signed.go:141.58,143.9 2 2
github.com/go-php/gateway/internal/runtime/signed.go:143.9,145.3 1 0
github.com/go-php/gateway/internal/runtime/signed.go:147.2,148.16 2 2
github.com/go-php/gateway/internal/runtime/signed.go:148.16,150.3 1 0
github.com/go-php/gateway/internal/runtime/signed.go:152.2,152.24 1 2
github.com/go-php/gateway/internal/runtime/signed.go:152.24,154.3 1 1
github.com/go-php/gateway/internal/runtime/signed.go:156.2,156.12 1 1
github.com/go-php/gateway/internal/runtime/signed.go:160.56,161.54 1 1
github.com/go-php/gateway/internal/runtime/signed.go:161.54,164.17 3 2
github.com/go-php/gateway/internal/runtime/signed.go:164.17,166.4 1 0
github.com/go-php/gateway/internal/runtime/signed.go:167.3,167.25 1 2
github.com/go-php/gateway/internal/runtime/signed.go:167.25,169.4 1 0
github.com/go-php/gateway/internal/runtime/signed.go:171.2,171.12 1 1
github.com/go-php/gateway/internal/runtime/signed.go:175.46,177.16 2 5
github.com/go-php/gateway/internal/runtime/signed.go:177.16,179.3 1 0
github.com/go-php/gateway/internal/runtime/signed.go:180.2,183.41 3 5
github.com/go-php/gateway/internal/runtime/signed.go:183.41,185.3 1 0
github.com/go-php/gateway/internal/runtime/signed.go:187.2,187.44 1 5
github.com/go-php/gateway/internal/runtime/signed.go:191.42,194.2 2 6
github.com/go-php/gateway/internal/runtime/signed.go:203.62,205.16 2 2
github.com/go-php/gateway/internal/runtime/signed.go:205.16,207.3 1 0
github.com/go-php/gateway/internal/runtime/signed.go:209.2,219.8 4 2
github.com/go-php/gateway/internal/runtime/signed.go:223.64,226.2 2 4
github.com/go-php/gateway/internal/runtime/signed.go:229.53,231.2 1 1
github.com/go-php/gateway/internal/runtime/signed.go:234.53,236.2 1 1
github.com/go-php/gateway/internal/tls/acme.go:32.58,39.2 1 8
github.com/go-php/gateway/internal/tls/acme.go:42.36,44.2 1 1
github.com/go-php/gateway/internal/tls/acme.go:48.95,49.23 1 7
github.com/go-php/gateway/internal/tls/acme.go:49.23,51.3 1 1
github.com/go-php/gateway/internal/tls/acme.go:53.2,57.33 3 6
github.com/go-php/gateway/internal/tls/acme.go:57.33,59.3 1 0
github.com/go-php/gateway/internal/tls/acme.go:63.2,64.16 2 6
github.com/go-php/gateway/internal/tls/acme.go:64.16,66.3 1 0
github.com/go-php/gateway/internal/tls/acme.go:69.2,69.50 1 6
github.com/go-php/gateway/internal/tls/acme.go:69.50,72.3 1 0
github.com/go-php/gateway/internal/tls/acme.go:74.2,78.18 4 6
github.com/go-php/gateway/internal/tls/acme.go:82.78,87.2 4 4
github.com/go-php/gateway/internal/tls/acme.go:90.61,93.2 2 0
github.com/go-php/gateway/internal/tls/acme.go:96.43,97.28 1 0
github.com/go-php/gateway/internal/tls/acme.go:97.28,99.3 1 0
github.com/go-php/gateway/internal/tls/acme.go:102.83,104.16 2 6
github.com/go-php/gateway/internal/tls/acme.go:104.16,106.3 1 0
github.com/go-php/gateway/internal/tls/acme.go:108.2,119.16 3 6
github.com/go-php/gateway/internal/tls/acme.go:119.16,121.3 1 0
github.com/go-php/gateway/internal/tls/acme.go:123.2,128.16 5 6
github.com/go-php/gateway/internal/tls/acme.go:128.16,130.3 1 0
github.com/go-php/gateway/internal/tls/acme.go:132.2,132.25 1 6
github.com/go-php/gateway/internal/tls/acme.go:135.77,143.32 5 6
github.com/go-php/gateway/internal/tls/acme.go:143.32,145.3 1 0
github.com/go-php/gateway/internal/tls/acme.go:147.2,152.62 2 6
github.com/go-php/gateway/internal/tls/acme.go:152.62,154.3 1 0
github.com/go-php/gateway/internal/tls/acme.go:157.2,157.28 1 6
github.com/go-php/gateway/internal/tls/acme.go:157.28,159.3 1 0
github.com/go-php/gateway/internal/tls/acme.go:161.2,162.16 2 6
github.com/go-php/gateway/internal/tls/acme.go:162.16,164.3 1 0
github.com/go-php/gateway/internal/tls/acme.go:166.2,171.44 2 6
github.com/go-php/gateway/internal/tls/acme.go:174.75,175.22 1 7
github.com/go-php/gateway/internal/tls/acme.go:175.22,177.3 1 0
github.com/go-php/gateway/internal/tls/acme.go:179.2,183.16 4 7
github.com/go-php/gateway/internal/tls/acme.go:183.16,185.3 1 6
github.com/go-php/gateway/internal/tls/acme.go:187.2,187.19 1 1
github.com/go-php/gateway/internal/tls/acme.go:199.51,204.2 1 3
github.com/go-php/gateway/internal/tls/acme.go:207.58,211.2 3 2
github.com/go-php/gateway/internal/tls/acme.go:214.39,222.2 3 0
github.com/go-php/gateway/internal/tls/acme.go:225.32,226.21 1 0
github.com/go-php/gateway/internal/tls/acme.go:226.21,230.3 3 0
github.com/go-php/gateway/internal/tls/acme.go:234.75,241.9 5 2
github.com/go-php/gateway/internal/tls/acme.go:241.9,244.3 2 1
github.com/go-php/gateway/internal/tls/acme.go:246.2,247.27 2 1
github.com/go-php/gateway/internal/tls/manager.go:24.50,29.2 1 9
github.com/go-php/gateway/internal/tls/manager.go:32.74,34.16 2 4
github.com/go-php/gateway/internal/tls/manager.go:34.16,36.3 1 0
github.com/go-php/gateway/internal/tls/manager.go:38.2,44.12 5 4
github.com/go-php/gateway/internal/tls/manager.go:49.53,51.16 2 2
github.com/go-php/gateway/internal/tls/manager.go:51.16,53.3 1 0
github.com/go-php/gateway/internal/tls/manager.go:56.2,57.28 2 2
github.com/go-php/gateway/internal/tls/manager.go:57.28,58.16 1 4
github.com/go-php/gateway/internal/tls/manager.go:58.16,59.12 1 0
github.com/go-php/gateway/internal/tls/manager.go:61.3,64.37 3 4
github.com/go-php/gateway/internal/tls/manager.go:64.37,65.12 1 0
github.com/go-php/gateway/internal/tls/manager.go:68.3,68.26 1 4
github.com/go-php/gateway/internal/tls/manager.go:68.26,70.4 1 2
github.com/go-php/gateway/internal/tls/manager.go:71.3,71.51 1 4
github.com/go-php/gateway/internal/tls/manager.go:74.2,74.34 1 2
github.com/go-php/gateway/internal/tls/manager.go:74.34,77.26 3 2
github.com/go-php/gateway/internal/tls/manager.go:77.26,78.12 1 0
github.com/go-php/gateway/internal/tls/manager.go:80.3,80.61 1 2
github.com/go-php/gateway/internal/tls/manager.go:80.61,82.4 1 0
github.com/go-php/gateway/internal/tls/manager.go:85.2,85.12 1 2
github.com/go-php/gateway/internal/tls/manager.go:89.66,91.16 2 2
github.com/go-php/gateway/internal/tls/manager.go:91.16,93.3 1 1
github.com/go-php/gateway/internal/tls/manager.go:95.2,99.12 4 1
github.com/go-php/gateway/internal/tls/manager.go:103.92,108.47 3 2
github.com/go-php/gateway/internal/tls/manager.go:108.47,110.3 1 0
github.com/go-php/gateway/internal/tls/manager.go:113.2,113.36 1 2
github.com/go-php/gateway/internal/tls/manager.go:113.36,114.38 1 1
github.com/go-php/gateway/internal/tls/manager.go:114.38,116.53 2 1
github.com/go-php/gateway/internal/tls/manager.go:116.53,118.5 1 1
github.com/go-php/gateway/internal/tls/manager.go:123.2,123.26 1 1
github.com/go-php/gateway/internal/tls/manager.go:123.26,125.3 1 1
github.com/go-php/gateway/internal/tls/manager.go:127.2,127.67 1 0
github.com/go-php/gateway/internal/tls/manager.go:131.56,142.2 1 1
github.com/go-php/gateway/internal/tls/manager.go:145.42,152.2 5 3
github.com/go-php/gateway/internal/tls/manager.go:155.53,161.2 4 3
github.com/go-php/gateway/internal/tls/manager.go:164.51,166.16 2 1
github.com/go-php/gateway/internal/tls/manager.go:166.16,168.3 1 1
github.com/go-php/gateway/internal/tls/manager.go:169.2,172.3 1 1
github.com/go-php/gateway/internal/tls/manager.go:176.57,178.2 1 1
github.com/go-php/gateway/internal/tls/manager.go:184.77,186.23 2 1
github.com/go-php/gateway/internal/tls/manager.go:186.23,188.34 2 1
github.com/go-php/gateway/internal/tls/manager.go:188.34,190.18 2 0
github.com/go-php/gateway/internal/tls/manager.go:190.18,192.5 1 0
github.com/go-php/gateway/internal/tls/manager.go:193.4,193.43 1 0
github.com/go-php/gateway/internal/tls/manager.go:196.2,197.58 2 1
