mode: set
github.com/go-php/gateway/internal/admin/api.go:25.35,31.2 1 1
github.com/go-php/gateway/internal/admin/api.go:44.81,55.2 3 1
github.com/go-php/gateway/internal/admin/api.go:57.27,64.2 6 1
github.com/go-php/gateway/internal/admin/api.go:66.68,68.36 1 1
github.com/go-php/gateway/internal/admin/api.go:68.36,71.3 2 0
github.com/go-php/gateway/internal/admin/api.go:74.2,74.24 1 1
github.com/go-php/gateway/internal/admin/api.go:74.24,78.3 3 1
github.com/go-php/gateway/internal/admin/api.go:80.2,81.23 2 1
github.com/go-php/gateway/internal/admin/api.go:91.53,92.23 1 1
github.com/go-php/gateway/internal/admin/api.go:92.23,94.3 1 1
github.com/go-php/gateway/internal/admin/api.go:96.2,97.41 2 1
github.com/go-php/gateway/internal/admin/api.go:97.41,99.3 1 1
github.com/go-php/gateway/internal/admin/api.go:101.2,102.76 2 1
github.com/go-php/gateway/internal/admin/api.go:105.71,117.2 3 1
github.com/go-php/gateway/internal/admin/api.go:119.79,126.2 2 0
github.com/go-php/gateway/internal/admin/api.go:128.76,133.2 2 0
github.com/go-php/gateway/internal/admin/api.go:135.72,146.2 3 1
github.com/go-php/gateway/internal/admin/api.go:148.73,155.2 3 1
github.com/go-php/gateway/internal/admin/api.go:157.71,160.2 2 1
github.com/go-php/gateway/internal/admin/api.go:175.56,181.2 1 1
github.com/go-php/gateway/internal/admin/api.go:184.44,186.2 1 1
github.com/go-php/gateway/internal/admin/api.go:204.30,206.2 1 1
github.com/go-php/gateway/internal/admin/api.go:209.53,220.32 4 1
github.com/go-php/gateway/internal/admin/api.go:220.32,222.3 1 0
github.com/go-php/gateway/internal/admin/api.go:226.47,230.24 3 1
github.com/go-php/gateway/internal/admin/api.go:230.24,232.3 1 1
github.com/go-php/gateway/internal/admin/api.go:234.2,236.15 3 1
github.com/go-php/gateway/internal/admin/api.go:252.44,257.2 1 1
github.com/go-php/gateway/internal/admin/api.go:260.47,265.9 4 1
github.com/go-php/gateway/internal/admin/api.go:265.9,268.3 2 1
github.com/go-php/gateway/internal/admin/api.go:270.2,272.33 3 1
github.com/go-php/gateway/internal/admin/api.go:272.33,274.3 1 1
github.com/go-php/gateway/internal/admin/api.go:275.2,277.18 2 1
github.com/go-php/gateway/internal/admin/api.go:277.18,279.3 1 1
github.com/go-php/gateway/internal/admin/api.go:281.2,282.13 2 1
github.com/go-php/gateway/internal/admin/api.go:286.34,291.31 4 0
github.com/go-php/gateway/internal/admin/api.go:291.31,292.33 1 0
github.com/go-php/gateway/internal/admin/api.go:292.33,294.4 1 0
github.com/go-php/gateway/internal/admin/csrf.go:25.68,32.2 1 1
github.com/go-php/gateway/internal/admin/csrf.go:35.40,39.2 3 1
github.com/go-php/gateway/internal/admin/csrf.go:48.58,50.12 2 1
github.com/go-php/gateway/internal/admin/csrf.go:50.12,52.3 1 1
github.com/go-php/gateway/internal/admin/csrf.go:54.2,55.16 2 1
github.com/go-php/gateway/internal/admin/csrf.go:55.16,57.3 1 1
github.com/go-php/gateway/internal/admin/csrf.go:58.2,59.16 2 1
github.com/go-php/gateway/internal/admin/csrf.go:59.16,61.3 1 0
github.com/go-php/gateway/internal/admin/csrf.go:63.2,63.54 1 1
github.com/go-php/gateway/internal/admin/csrf.go:67.46,69.40 2 1
github.com/go-php/gateway/internal/admin/csrf.go:69.40,72.53 1 0
github.com/go-php/gateway/internal/admin/csrf.go:75.2,84.14 7 1
github.com/go-php/gateway/internal/admin/csrf.go:88.51,89.46 1 1
github.com/go-php/gateway/internal/admin/csrf.go:89.46,91.3 1 1
github.com/go-php/gateway/internal/admin/csrf.go:93.2,97.9 4 1
github.com/go-php/gateway/internal/admin/csrf.go:97.9,99.3 1 0
github.com/go-php/gateway/internal/admin/csrf.go:101.2,101.37 1 1
github.com/go-php/gateway/internal/admin/csrf.go:105.50,106.46 1 1
github.com/go-php/gateway/internal/admin/csrf.go:106.46,108.3 1 1
github.com/go-php/gateway/internal/admin/csrf.go:110.2,114.9 4 1
github.com/go-php/gateway/internal/admin/csrf.go:114.9,116.3 1 1
github.com/go-php/gateway/internal/admin/csrf.go:118.2,119.37 2 1
github.com/go-php/gateway/internal/admin/csrf.go:122.31,123.34 1 1
github.com/go-php/gateway/internal/admin/csrf.go:123.34,125.3 1 1
github.com/go-php/gateway/internal/admin/csrf.go:127.2,128.35 2 0
github.com/go-php/gateway/internal/admin/csrf.go:128.35,129.29 1 0
github.com/go-php/gateway/internal/admin/csrf.go:129.29,131.4 1 0
github.com/go-php/gateway/internal/admin/csrf.go:136.66,137.71 1 1
github.com/go-php/gateway/internal/admin/csrf.go:137.71,139.71 1 1
github.com/go-php/gateway/internal/admin/csrf.go:139.71,142.4 2 1
github.com/go-php/gateway/internal/admin/csrf.go:145.3,146.18 2 1
github.com/go-php/gateway/internal/admin/csrf.go:146.18,150.4 2 1
github.com/go-php/gateway/internal/admin/csrf.go:152.3,152.24 1 1
github.com/go-php/gateway/internal/admin/csrf.go:152.24,155.4 2 1
github.com/go-php/gateway/internal/admin/csrf.go:157.3,157.23 1 1
github.com/go-php/gateway/internal/admin/csrf.go:162.68,164.18 2 1
github.com/go-php/gateway/internal/admin/csrf.go:164.18,166.3 1 1
github.com/go-php/gateway/internal/admin/csrf.go:168.2,168.41 1 1
github.com/go-php/gateway/internal/admin/csrf.go:168.41,169.71 1 1
github.com/go-php/gateway/internal/admin/csrf.go:169.71,171.4 1 1
github.com/go-php/gateway/internal/admin/csrf.go:174.2,174.14 1 1
github.com/go-php/gateway/internal/admin/csrf.go:178.40,182.2 3 1
github.com/go-php/gateway/internal/admin/csrf.go:185.45,188.2 2 1
github.com/go-php/gateway/internal/admin/csrf.go:191.43,197.2 5 1
github.com/go-php/gateway/internal/admin/csrf.go:200.97,203.46 2 1
github.com/go-php/gateway/internal/admin/csrf.go:203.46,204.72 1 1
github.com/go-php/gateway/internal/admin/csrf.go:204.72,207.42 2 1
github.com/go-php/gateway/internal/admin/csrf.go:207.42,210.5 2 1
github.com/go-php/gateway/internal/admin/csrf.go:212.4,212.41 1 1
github.com/go-php/gateway/internal/admin/guard.go:33.39,38.2 1 1
github.com/go-php/gateway/internal/admin/guard.go:59.60,60.24 1 1
github.com/go-php/gateway/internal/admin/guard.go:60.24,62.3 1 0
github.com/go-php/gateway/internal/admin/guard.go:64.2,65.36 2 1
github.com/go-php/gateway/internal/admin/guard.go:65.36,67.3 1 1
github.com/go-php/gateway/internal/admin/guard.go:69.2,76.3 1 1
github.com/go-php/gateway/internal/admin/guard.go:80.35,80.53 1 0
github.com/go-php/gateway/internal/admin/guard.go:83.31,87.2 3 1
github.com/go-php/gateway/internal/admin/guard.go:89.94,95.21 5 1
github.com/go-php/gateway/internal/admin/guard.go:95.21,98.3 1 0
github.com/go-php/gateway/internal/admin/guard.go:100.2,102.42 3 1
github.com/go-php/gateway/internal/admin/guard.go:111.53,112.42 1 1
github.com/go-php/gateway/internal/admin/guard.go:112.42,114.3 1 0
github.com/go-php/gateway/internal/admin/guard.go:115.2,115.80 1 1
github.com/go-php/gateway/internal/admin/guard.go:122.52,123.23 1 1
github.com/go-php/gateway/internal/admin/guard.go:123.23,125.3 1 1
github.com/go-php/gateway/internal/admin/guard.go:127.2,127.79 1 1
github.com/go-php/gateway/internal/admin/guard.go:127.79,129.3 1 1
github.com/go-php/gateway/internal/admin/guard.go:135.2,135.78 1 1
github.com/go-php/gateway/internal/admin/guard.go:135.78,137.3 1 1
github.com/go-php/gateway/internal/admin/guard.go:142.2,142.44 1 1
github.com/go-php/gateway/internal/admin/guard.go:142.44,144.3 1 1
github.com/go-php/gateway/internal/admin/guard.go:146.2,146.14 1 1
github.com/go-php/gateway/internal/admin/guard.go:151.39,153.2 1 1
github.com/go-php/gateway/internal/admin/guard.go:157.70,167.2 1 1
github.com/go-php/gateway/internal/admin/guard.go:170.47,172.2 1 1
github.com/go-php/gateway/internal/admin/guard.go:180.51,182.18 2 1
github.com/go-php/gateway/internal/admin/guard.go:182.18,184.3 1 1
github.com/go-php/gateway/internal/admin/guard.go:185.2,185.32 1 1
github.com/go-php/gateway/internal/admin/guard.go:185.32,187.3 1 1
github.com/go-php/gateway/internal/admin/guard.go:188.2,188.47 1 1
github.com/go-php/gateway/internal/admin/guard.go:188.47,189.71 1 0
github.com/go-php/gateway/internal/admin/guard.go:189.71,191.4 1 0
github.com/go-php/gateway/internal/admin/guard.go:193.2,193.14 1 1
github.com/go-php/gateway/internal/admin/guard.go:197.43,199.57 2 1
github.com/go-php/gateway/internal/admin/guard.go:199.57,200.41 1 1
github.com/go-php/gateway/internal/admin/guard.go:200.41,202.9 2 1
github.com/go-php/gateway/internal/admin/guard.go:205.2,205.24 1 1
github.com/go-php/gateway/internal/admin/guard.go:209.41,211.16 2 1
github.com/go-php/gateway/internal/admin/guard.go:211.16,213.3 1 0
github.com/go-php/gateway/internal/admin/guard.go:214.2,214.13 1 1
github.com/go-php/gateway/internal/admin/guard.go:218.54,219.71 1 1
github.com/go-php/gateway/internal/admin/guard.go:219.71,222.38 2 1
github.com/go-php/gateway/internal/admin/guard.go:222.38,226.4 3 0
github.com/go-php/gateway/internal/admin/guard.go:230.3,230.24 1 1
github.com/go-php/gateway/internal/admin/guard.go:230.24,233.4 2 1
github.com/go-php/gateway/internal/admin/guard.go:235.3,235.32 1 1
github.com/go-php/gateway/internal/admin/guard.go:235.32,238.4 2 1
github.com/go-php/gateway/internal/admin/guard.go:240.3,240.25 1 1
github.com/go-php/gateway/internal/admin/guard.go:240.25,244.4 3 1
github.com/go-php/gateway/internal/admin/guard.go:249.3,249.56 1 1
github.com/go-php/gateway/internal/admin/guard.go:249.56,251.4 1 1
github.com/go-php/gateway/internal/admin/guard.go:254.3,254.64 1 1
github.com/go-php/gateway/internal/admin/guard.go:254.64,256.4 1 0
github.com/go-php/gateway/internal/admin/guard.go:258.3,258.23 1 1
github.com/go-php/gateway/internal/admin/guard.go:263.29,263.58 1 0
github.com/go-php/gateway/internal/config/bytesize.go:42.45,44.19 2 1
github.com/go-php/gateway/internal/config/bytesize.go:44.19,46.3 1 0
github.com/go-php/gateway/internal/config/bytesize.go:49.2,50.65 2 1
github.com/go-php/gateway/internal/config/bytesize.go:50.65,52.3 1 1
github.com/go-php/gateway/internal/config/bytesize.go:53.2,55.18 2 1
github.com/go-php/gateway/internal/config/bytesize.go:55.18,57.3 1 0
github.com/go-php/gateway/internal/config/bytesize.go:59.2,60.9 2 1
github.com/go-php/gateway/internal/config/bytesize.go:60.9,62.3 1 0
github.com/go-php/gateway/internal/config/bytesize.go:64.2,65.16 2 1
github.com/go-php/gateway/internal/config/bytesize.go:65.16,67.3 1 0
github.com/go-php/gateway/internal/config/bytesize.go:70.2,70.32 1 1
github.com/go-php/gateway/internal/config/bytesize.go:70.32,72.3 1 0
github.com/go-php/gateway/internal/config/bytesize.go:74.2,74.28 1 1
github.com/go-php/gateway/internal/config/config.go:67.35,67.63 1 0
github.com/go-php/gateway/internal/config/config.go:176.46,176.71 1 0
github.com/go-php/gateway/internal/config/config.go:213.30,263.2 1 1
github.com/go-php/gateway/internal/config/config.go:266.41,270.16 3 1
github.com/go-php/gateway/internal/config/config.go:270.16,272.3 1 1
github.com/go-php/gateway/internal/config/config.go:274.2,274.50 1 1
github.com/go-php/gateway/internal/config/config.go:274.50,276.3 1 1
github.com/go-php/gateway/internal/config/config.go:278.2,278.38 1 1
github.com/go-php/gateway/internal/config/config.go:278.38,280.3 1 1
github.com/go-php/gateway/internal/config/config.go:282.2,282.17 1 1
github.com/go-php/gateway/internal/config/extensions.go:18.86,20.16 2 1
github.com/go-php/gateway/internal/config/extensions.go:20.16,22.3 1 1
github.com/go-php/gateway/internal/config/extensions.go:23.2,23.21 1 1
github.com/go-php/gateway/internal/config/extensions.go:23.21,25.3 1 1
github.com/go-php/gateway/internal/config/extensions.go:28.2,29.40 2 1
github.com/go-php/gateway/internal/config/extensions.go:29.40,30.21 1 1
github.com/go-php/gateway/internal/config/extensions.go:30.21,32.4 1 1
github.com/go-php/gateway/internal/config/extensions.go:35.2,36.32 2 1
github.com/go-php/gateway/internal/config/extensions.go:36.32,38.20 2 1
github.com/go-php/gateway/internal/config/extensions.go:38.20,40.4 1 1
github.com/go-php/gateway/internal/config/extensions.go:41.3,44.5 1 1
github.com/go-php/gateway/internal/config/extensions.go:47.2,47.43 1 1
github.com/go-php/gateway/internal/config/extensions.go:47.43,49.3 1 1
github.com/go-php/gateway/internal/config/extensions.go:51.2,51.37 1 1
github.com/go-php/gateway/internal/config/extensions.go:55.65,57.35 1 1
github.com/go-php/gateway/internal/config/extensions.go:57.35,59.17 2 1
github.com/go-php/gateway/internal/config/extensions.go:59.17,61.4 1 1
github.com/go-php/gateway/internal/config/extensions.go:62.3,62.19 1 1
github.com/go-php/gateway/internal/config/extensions.go:66.2,66.32 1 1
github.com/go-php/gateway/internal/config/extensions.go:66.32,68.41 2 1
github.com/go-php/gateway/internal/config/extensions.go:68.41,69.22 1 1
github.com/go-php/gateway/internal/config/extensions.go:69.22,70.13 1 0
github.com/go-php/gateway/internal/config/extensions.go:73.4,73.42 1 1
github.com/go-php/gateway/internal/config/extensions.go:73.42,75.5 1 1
github.com/go-php/gateway/internal/config/extensions.go:77.3,78.20 2 1
github.com/go-php/gateway/internal/config/extensions.go:82.2,82.17 1 1
github.com/go-php/gateway/internal/config/extensions.go:86.105,87.21 1 1
github.com/go-php/gateway/internal/config/extensions.go:87.21,89.3 1 1
github.com/go-php/gateway/internal/config/extensions.go:91.2,92.40 2 1
github.com/go-php/gateway/internal/config/extensions.go:92.40,94.3 1 1
github.com/go-php/gateway/internal/config/extensions.go:96.2,97.39 2 1
github.com/go-php/gateway/internal/config/extensions.go:97.39,99.3 1 1
github.com/go-php/gateway/internal/config/extensions.go:101.2,102.27 2 1
github.com/go-php/gateway/internal/config/extensions.go:102.27,103.27 1 1
github.com/go-php/gateway/internal/config/extensions.go:103.27,104.12 1 1
github.com/go-php/gateway/internal/config/extensions.go:106.3,106.31 1 1
github.com/go-php/gateway/internal/config/extensions.go:110.2,111.27 2 1
github.com/go-php/gateway/internal/config/extensions.go:111.27,113.3 1 1
github.com/go-php/gateway/internal/config/extensions.go:114.2,114.39 1 1
github.com/go-php/gateway/internal/config/extensions.go:114.39,115.43 1 1
github.com/go-php/gateway/internal/config/extensions.go:115.43,117.4 1 1
github.com/go-php/gateway/internal/config/extensions.go:120.2,120.15 1 1
github.com/go-php/gateway/internal/config/reload.go:24.75,33.2 4 1
github.com/go-php/gateway/internal/config/reload.go:36.40,38.2 1 1
github.com/go-php/gateway/internal/config/reload.go:42.49,44.41 1 1
github.com/go-php/gateway/internal/config/reload.go:44.41,46.3 1 1
github.com/go-php/gateway/internal/config/reload.go:49.2,60.23 4 1
github.com/go-php/gateway/internal/config/reload.go:60.23,61.44 1 1
github.com/go-php/gateway/internal/config/reload.go:61.44,63.4 1 0
github.com/go-php/gateway/internal/config/reload.go:66.2,66.12 1 1
github.com/go-php/gateway/internal/config/reload.go:70.37,72.2 1 1
github.com/go-php/gateway/internal/config/reload.go:80.89,81.48 1 1
github.com/go-php/gateway/internal/config/reload.go:81.48,83.3 1 0
github.com/go-php/gateway/internal/config/reload.go:86.2,86.31 1 1
github.com/go-php/gateway/internal/config/reload.go:86.31,88.3 1 1
github.com/go-php/gateway/internal/config/reload.go:90.2,90.12 1 1
github.com/go-php/gateway/internal/config/validate.go:20.34,21.22 1 1
github.com/go-php/gateway/internal/config/validate.go:21.22,23.3 1 1
github.com/go-php/gateway/internal/config/validate.go:26.2,26.27 1 1
github.com/go-php/gateway/internal/config/validate.go:26.27,28.3 1 1
github.com/go-php/gateway/internal/config/validate.go:29.2,30.16 2 1
github.com/go-php/gateway/internal/config/validate.go:30.16,32.3 1 1
github.com/go-php/gateway/internal/config/validate.go:33.2,33.16 1 1
github.com/go-php/gateway/internal/config/validate.go:33.16,34.41 1 0
github.com/go-php/gateway/internal/config/validate.go:34.41,36.4 1 0
github.com/go-php/gateway/internal/config/validate.go:38.2,38.16 1 1
github.com/go-php/gateway/internal/config/validate.go:38.16,40.3 1 0
github.com/go-php/gateway/internal/config/validate.go:43.2,43.30 1 1
github.com/go-php/gateway/internal/config/validate.go:43.30,45.3 1 0
github.com/go-php/gateway/internal/config/validate.go:46.2,46.31 1 1
github.com/go-php/gateway/internal/config/validate.go:46.31,48.3 1 0
github.com/go-php/gateway/internal/config/validate.go:49.2,49.33 1 1
github.com/go-php/gateway/internal/config/validate.go:49.33,51.3 1 0
github.com/go-php/gateway/internal/config/validate.go:54.2,54.67 1 1
github.com/go-php/gateway/internal/config/validate.go:54.67,56.3 1 0
github.com/go-php/gateway/internal/config/validate.go:57.2,57.89 1 1
github.com/go-php/gateway/internal/config/validate.go:57.89,59.3 1 1
github.com/go-php/gateway/internal/config/validate.go:60.2,60.41 1 1
github.com/go-php/gateway/internal/config/validate.go:60.41,61.21 1 1
github.com/go-php/gateway/internal/config/validate.go:61.21,63.4 1 0
github.com/go-php/gateway/internal/config/validate.go:64.3,64.80 1 1
github.com/go-php/gateway/internal/config/validate.go:64.80,66.4 1 1
github.com/go-php/gateway/internal/config/validate.go:68.2,69.41 2 1
github.com/go-php/gateway/internal/config/validate.go:69.41,70.24 1 1
github.com/go-php/gateway/internal/config/validate.go:70.24,72.4 1 1
github.com/go-php/gateway/internal/config/validate.go:73.3,73.27 1 1
github.com/go-php/gateway/internal/config/validate.go:77.2,77.32 1 1
github.com/go-php/gateway/internal/config/validate.go:78.18,79.34 1 1
github.com/go-php/gateway/internal/config/validate.go:80.40,80.40 0 0
github.com/go-php/gateway/internal/config/validate.go:82.10,84.27 1 0
github.com/go-php/gateway/internal/config/validate.go:86.2,86.41 1 1
github.com/go-php/gateway/internal/config/validate.go:86.41,87.73 1 0
github.com/go-php/gateway/internal/config/validate.go:87.73,89.4 1 0
github.com/go-php/gateway/internal/config/validate.go:91.2,91.36 1 1
github.com/go-php/gateway/internal/config/validate.go:91.36,93.3 1 0
github.com/go-php/gateway/internal/config/validate.go:96.2,96.35 1 1
github.com/go-php/gateway/internal/config/validate.go:96.35,97.37 1 0
github.com/go-php/gateway/internal/config/validate.go:97.37,98.56 1 0
github.com/go-php/gateway/internal/config/validate.go:98.56,99.19 1 0
github.com/go-php/gateway/internal/config/validate.go:99.19,101.6 1 0
github.com/go-php/gateway/internal/config/validate.go:103.4,103.57 1 0
github.com/go-php/gateway/internal/config/validate.go:103.57,104.19 1 0
github.com/go-php/gateway/internal/config/validate.go:104.19,106.6 1 0
github.com/go-php/gateway/internal/config/validate.go:109.4,110.56 2 0
github.com/go-php/gateway/internal/config/validate.go:110.56,112.5 1 0
github.com/go-php/gateway/internal/config/validate.go:113.4,113.57 1 0
github.com/go-php/gateway/internal/config/validate.go:113.57,114.24 1 0
github.com/go-php/gateway/internal/config/validate.go:114.24,116.6 1 0
github.com/go-php/gateway/internal/config/validate.go:122.2,122.28 1 1
github.com/go-php/gateway/internal/config/validate.go:123.22,123.22 0 1
github.com/go-php/gateway/internal/config/validate.go:125.10,126.30 1 1
github.com/go-php/gateway/internal/config/validate.go:127.10,128.91 1 0
github.com/go-php/gateway/internal/config/validate.go:132.2,132.34 1 1
github.com/go-php/gateway/internal/config/validate.go:133.29,133.29 0 1
github.com/go-php/gateway/internal/config/validate.go:135.10,136.43 1 1
github.com/go-php/gateway/internal/config/validate.go:137.10,138.111 1 0
github.com/go-php/gateway/internal/config/validate.go:141.2,141.27 1 1
github.com/go-php/gateway/internal/config/validate.go:142.46,142.46 0 1
github.com/go-php/gateway/internal/config/validate.go:144.10,145.33 1 0
github.com/go-php/gateway/internal/config/validate.go:146.10,147.118 1 0
github.com/go-php/gateway/internal/config/validate.go:152.2,152.36 1 1
github.com/go-php/gateway/internal/config/validate.go:152.36,154.3 1 0
github.com/go-php/gateway/internal/config/validate.go:154.8,156.17 2 1
github.com/go-php/gateway/internal/config/validate.go:156.17,158.4 1 0
github.com/go-php/gateway/internal/config/validate.go:159.3,159.32 1 1
github.com/go-php/gateway/internal/config/validate.go:162.2,162.36 1 1
github.com/go-php/gateway/internal/config/validate.go:162.36,163.52 1 0
github.com/go-php/gateway/internal/config/validate.go:163.52,165.4 1 0
github.com/go-php/gateway/internal/config/validate.go:166.3,166.39 1 0
github.com/go-php/gateway/internal/config/validate.go:166.39,168.4 1 0
github.com/go-php/gateway/internal/config/validate.go:169.3,169.40 1 0
github.com/go-php/gateway/internal/config/validate.go:169.40,171.4 1 0
github.com/go-php/gateway/internal/config/validate.go:175.2,175.22 1 1
github.com/go-php/gateway/internal/config/validate.go:176.22,177.28 1 1
github.com/go-php/gateway/internal/config/validate.go:178.15,181.81 1 0
github.com/go-php/gateway/internal/config/validate.go:181.81,183.4 1 0
github.com/go-php/gateway/internal/config/validate.go:184.3,184.58 1 0
github.com/go-php/gateway/internal/config/validate.go:184.58,186.4 1 0
github.com/go-php/gateway/internal/config/validate.go:187.14,190.41 1 0
github.com/go-php/gateway/internal/config/validate.go:191.10,192.84 1 0
github.com/go-php/gateway/internal/config/validate.go:196.2,196.42 1 1
github.com/go-php/gateway/internal/config/validate.go:196.42,198.3 1 0
github.com/go-php/gateway/internal/config/validate.go:199.2,199.61 1 1
github.com/go-php/gateway/internal/config/validate.go:199.61,201.3 1 0
github.com/go-php/gateway/internal/config/validate.go:202.2,202.46 1 1
github.com/go-php/gateway/internal/config/validate.go:202.46,206.3 1 0
github.com/go-php/gateway/internal/config/validate.go:208.2,208.12 1 1
github.com/go-php/gateway/internal/errors/errors.go:34.39,35.20 1 1
github.com/go-php/gateway/internal/errors/errors.go:35.20,37.3 1 1
github.com/go-php/gateway/internal/errors/errors.go:38.2,38.49 1 1
github.com/go-php/gateway/internal/errors/errors.go:41.39,43.2 1 1
github.com/go-php/gateway/internal/errors/errors.go:46.51,48.2 1 1
github.com/go-php/gateway/internal/errors/errors.go:51.65,53.2 1 1
github.com/go-php/gateway/internal/errors/errors.go:56.40,58.25 2 1
github.com/go-php/gateway/internal/errors/errors.go:58.25,60.3 1 1
github.com/go-php/gateway/internal/errors/errors.go:61.2,61.14 1 1
github.com/go-php/gateway/internal/diagnostics/compat.go:37.49,39.2 1 1
github.com/go-php/gateway/internal/diagnostics/compat.go:42.52,60.2 11 1
github.com/go-php/gateway/internal/diagnostics/compat.go:62.64,78.27 2 1
github.com/go-php/gateway/internal/diagnostics/compat.go:78.27,79.67 1 1
github.com/go-php/gateway/internal/diagnostics/compat.go:79.67,83.4 3 1
github.com/go-php/gateway/internal/diagnostics/compat.go:87.62,90.34 2 1
github.com/go-php/gateway/internal/diagnostics/compat.go:90.34,92.42 2 1
github.com/go-php/gateway/internal/diagnostics/compat.go:92.42,106.49 5 1
github.com/go-php/gateway/internal/diagnostics/compat.go:106.49,107.45 1 1
github.com/go-php/gateway/internal/diagnostics/compat.go:107.45,115.6 1 1
github.com/go-php/gateway/internal/diagnostics/compat.go:121.63,124.16 3 1
github.com/go-php/gateway/internal/diagnostics/compat.go:124.16,132.3 2 1
github.com/go-php/gateway/internal/diagnostics/compat.go:134.2,134.19 1 1
github.com/go-php/gateway/internal/diagnostics/compat.go:134.19,141.3 2 0
github.com/go-php/gateway/internal/diagnostics/compat.go:143.2,146.74 2 1
github.com/go-php/gateway/internal/diagnostics/compat.go:146.74,148.3 1 1
github.com/go-php/gateway/internal/diagnostics/compat.go:148.8,155.3 1 0
github.com/go-php/gateway/internal/diagnostics/compat.go:158.62,161.77 2 1
github.com/go-php/gateway/internal/diagnostics/compat.go:161.77,162.33 1 1
github.com/go-php/gateway/internal/diagnostics/compat.go:162.33,164.4 1 1
github.com/go-php/gateway/internal/diagnostics/compat.go:165.3,165.38 1 1
github.com/go-php/gateway/internal/diagnostics/compat.go:165.38,168.4 2 1
github.com/go-php/gateway/internal/diagnostics/compat.go:169.3,169.13 1 1
github.com/go-php/gateway/internal/diagnostics/compat.go:172.2,175.29 2 1
github.com/go-php/gateway/internal/diagnostics/compat.go:175.29,178.17 3 1
github.com/go-php/gateway/internal/diagnostics/compat.go:178.17,179.12 1 0
github.com/go-php/gateway/internal/diagnostics/compat.go:181.3,185.33 3 1
github.com/go-php/gateway/internal/diagnostics/compat.go:185.33,186.37 1 1
github.com/go-php/gateway/internal/diagnostics/compat.go:186.37,193.5 1 1
github.com/go-php/gateway/internal/diagnostics/compat.go:197.3,197.75 1 1
github.com/go-php/gateway/internal/diagnostics/compat.go:197.75,204.4 1 0
github.com/go-php/gateway/internal/diagnostics/compat.go:208.65,222.33 2 1
github.com/go-php/gateway/internal/diagnostics/compat.go:222.33,223.68 1 1
github.com/go-php/gateway/internal/diagnostics/compat.go:223.68,225.32 2 1
github.com/go-php/gateway/internal/diagnostics/compat.go:225.32,232.5 1 0
github.com/go-php/gateway/internal/diagnostics/compat.go:237.66,240.35 2 1
github.com/go-php/gateway/internal/diagnostics/compat.go:240.35,242.61 2 1
github.com/go-php/gateway/internal/diagnostics/compat.go:242.61,244.4 1 0
github.com/go-php/gateway/internal/diagnostics/compat.go:248.64,261.27 2 1
github.com/go-php/gateway/internal/diagnostics/compat.go:261.27,263.23 2 1
github.com/go-php/gateway/internal/diagnostics/compat.go:263.23,270.4 1 0
github.com/go-php/gateway/internal/diagnostics/compat.go:274.64,277.56 2 1
github.com/go-php/gateway/internal/diagnostics/compat.go:277.56,279.40 2 1
github.com/go-php/gateway/internal/diagnostics/compat.go:279.40,281.4 1 0
github.com/go-php/gateway/internal/diagnostics/compat.go:285.67,288.33 2 1
github.com/go-php/gateway/internal/diagnostics/compat.go:288.33,289.25 1 0
github.com/go-php/gateway/internal/diagnostics/compat.go:290.16,291.15 1 0
github.com/go-php/gateway/internal/diagnostics/compat.go:292.18,293.14 1 0
github.com/go-php/gateway/internal/diagnostics/compat.go:297.2,297.31 1 1
github.com/go-php/gateway/internal/diagnostics/compat.go:297.31,298.30 1 1
github.com/go-php/gateway/internal/diagnostics/compat.go:298.30,300.4 1 1
github.com/go-php/gateway/internal/diagnostics/compat.go:303.2,303.15 1 1
github.com/go-php/gateway/internal/diagnostics/compat.go:303.15,305.3 1 0
github.com/go-php/gateway/internal/diagnostics/compat.go:306.2,306.14 1 1
github.com/go-php/gateway/internal/diagnostics/contract.go:46.69,50.2 1 1
github.com/go-php/gateway/internal/diagnostics/contract.go:53.56,55.2 1 1
github.com/go-php/gateway/internal/diagnostics/contract.go:58.59,61.31 2 1
github.com/go-php/gateway/internal/diagnostics/contract.go:61.31,66.3 4 1
github.com/go-php/gateway/internal/diagnostics/contract.go:68.2,68.16 1 1
github.com/go-php/gateway/internal/diagnostics/contract.go:72.74,75.28 3 1
github.com/go-php/gateway/internal/diagnostics/contract.go:75.28,76.15 1 1
github.com/go-php/gateway/internal/diagnostics/contract.go:76.15,78.4 1 1
github.com/go-php/gateway/internal/diagnostics/contract.go:78.9,80.4 1 1
github.com/go-php/gateway/internal/diagnostics/contract.go:83.2,83.100 1 1
github.com/go-php/gateway/internal/diagnostics/contract.go:86.77,96.33 3 1
github.com/go-php/gateway/internal/diagnostics/contract.go:96.33,98.3 1 0
github.com/go-php/gateway/internal/diagnostics/contract.go:100.2,103.35 2 1
github.com/go-php/gateway/internal/diagnostics/contract.go:103.35,104.19 1 1
github.com/go-php/gateway/internal/diagnostics/contract.go:104.19,107.4 2 0
github.com/go-php/gateway/internal/diagnostics/contract.go:108.3,108.46 1 1
github.com/go-php/gateway/internal/diagnostics/contract.go:108.46,111.4 2 1
github.com/go-php/gateway/internal/diagnostics/contract.go:112.8,112.31 1 1
github.com/go-php/gateway/internal/diagnostics/contract.go:112.31,114.40 1 0
github.com/go-php/gateway/internal/diagnostics/contract.go:114.40,117.4 2 0
github.com/go-php/gateway/internal/diagnostics/contract.go:121.2,121.35 1 1
github.com/go-php/gateway/internal/diagnostics/contract.go:121.35,122.19 1 1
github.com/go-php/gateway/internal/diagnostics/contract.go:122.19,125.4 2 0
github.com/go-php/gateway/internal/diagnostics/contract.go:126.3,127.43 2 1
github.com/go-php/gateway/internal/diagnostics/contract.go:127.43,130.4 2 0
github.com/go-php/gateway/internal/diagnostics/contract.go:133.2,134.15 2 1
github.com/go-php/gateway/internal/diagnostics/contract.go:138.45,172.2 1 1
github.com/go-php/gateway/internal/diagnostics/doctor.go:21.26,26.2 1 1
github.com/go-php/gateway/internal/diagnostics/doctor.go:45.38,60.2 7 1
github.com/go-php/gateway/internal/diagnostics/doctor.go:62.49,63.33 1 1
github.com/go-php/gateway/internal/diagnostics/doctor.go:63.33,65.17 2 1
github.com/go-php/gateway/internal/diagnostics/doctor.go:65.17,71.12 2 1
github.com/go-php/gateway/internal/diagnostics/doctor.go:75.3,79.5 1 1
github.com/go-php/gateway/internal/diagnostics/doctor.go:83.46,84.31 1 1
github.com/go-php/gateway/internal/diagnostics/doctor.go:84.31,87.17 3 1
github.com/go-php/gateway/internal/diagnostics/doctor.go:87.17,93.12 2 1
github.com/go-php/gateway/internal/diagnostics/doctor.go:95.3,100.5 2 1
github.com/go-php/gateway/internal/diagnostics/doctor.go:104.49,106.29 1 1
github.com/go-php/gateway/internal/diagnostics/doctor.go:106.29,108.3 1 0
github.com/go-php/gateway/internal/diagnostics/doctor.go:110.2,111.16 2 1
github.com/go-php/gateway/internal/diagnostics/doctor.go:111.16,113.3 1 0
github.com/go-php/gateway/internal/diagnostics/doctor.go:115.2,120.4 2 1
github.com/go-php/gateway/internal/diagnostics/doctor.go:123.50,124.29 1 1
github.com/go-php/gateway/internal/diagnostics/doctor.go:124.29,126.3 1 0
github.com/go-php/gateway/internal/diagnostics/doctor.go:129.2,130.16 2 1
github.com/go-php/gateway/internal/diagnostics/doctor.go:130.16,132.3 1 0
github.com/go-php/gateway/internal/diagnostics/doctor.go:134.2,134.57 1 1
github.com/go-php/gateway/internal/diagnostics/doctor.go:134.57,135.47 1 1
github.com/go-php/gateway/internal/diagnostics/doctor.go:135.47,142.4 2 1
github.com/go-php/gateway/internal/diagnostics/doctor.go:146.50,150.69 3 1
github.com/go-php/gateway/internal/diagnostics/doctor.go:150.69,157.3 2 0
github.com/go-php/gateway/internal/diagnostics/doctor.go:158.2,164.4 2 1
github.com/go-php/gateway/internal/diagnostics/doctor.go:168.41,174.29 5 1
github.com/go-php/gateway/internal/diagnostics/doctor.go:174.29,176.19 2 1
github.com/go-php/gateway/internal/diagnostics/doctor.go:177.15,178.21 1 1
github.com/go-php/gateway/internal/diagnostics/doctor.go:179.15,180.21 1 0
github.com/go-php/gateway/internal/diagnostics/doctor.go:182.3,182.81 1 1
github.com/go-php/gateway/internal/diagnostics/doctor.go:185.2,185.34 1 1
github.com/go-php/gateway/internal/diagnostics/doctor.go:189.43,190.29 1 1
github.com/go-php/gateway/internal/diagnostics/doctor.go:190.29,191.25 1 1
github.com/go-php/gateway/internal/diagnostics/doctor.go:191.25,193.4 1 1
github.com/go-php/gateway/internal/diagnostics/doctor.go:195.2,195.14 1 1
github.com/go-php/gateway/internal/diagnostics/doctor.go:198.24,200.16 2 1
github.com/go-php/gateway/internal/diagnostics/doctor.go:200.16,202.3 1 0
github.com/go-php/gateway/internal/diagnostics/doctor.go:203.2,203.10 1 1
github.com/go-php/gateway/internal/diagnostics/explain.go:24.143,31.2 1 1
github.com/go-php/gateway/internal/diagnostics/explain.go:34.59,35.28 1 1
github.com/go-php/gateway/internal/diagnostics/explain.go:35.28,37.3 1 1
github.com/go-php/gateway/internal/diagnostics/explain.go:38.2,38.24 1 1
github.com/go-php/gateway/internal/diagnostics/explain.go:105.67,120.96 3 1
github.com/go-php/gateway/internal/diagnostics/explain.go:120.96,121.36 1 1
github.com/go-php/gateway/internal/diagnostics/explain.go:121.36,123.4 1 0
github.com/go-php/gateway/internal/diagnostics/explain.go:127.2,128.16 2 1
github.com/go-php/gateway/internal/diagnostics/explain.go:128.16,137.3 4 1
github.com/go-php/gateway/internal/diagnostics/explain.go:139.2,164.37 6 1
github.com/go-php/gateway/internal/diagnostics/explain.go:164.37,168.3 3 1
github.com/go-php/gateway/internal/diagnostics/explain.go:171.2,171.22 1 1
github.com/go-php/gateway/internal/diagnostics/explain.go:171.22,172.48 1 1
github.com/go-php/gateway/internal/diagnostics/explain.go:172.48,181.4 3 1
github.com/go-php/gateway/internal/diagnostics/explain.go:185.2,186.16 2 1
github.com/go-php/gateway/internal/diagnostics/explain.go:186.16,193.3 2 1
github.com/go-php/gateway/internal/diagnostics/explain.go:193.8,198.3 1 1
github.com/go-php/gateway/internal/diagnostics/explain.go:201.2,204.57 2 1
github.com/go-php/gateway/internal/diagnostics/explain.go:204.57,206.23 2 1
github.com/go-php/gateway/internal/diagnostics/explain.go:206.23,212.4 1 1
github.com/go-php/gateway/internal/diagnostics/explain.go:212.9,217.4 1 0
github.com/go-php/gateway/internal/diagnostics/explain.go:221.2,223.16 3 1
github.com/go-php/gateway/internal/diagnostics/explain.go:226.65,229.41 2 1
github.com/go-php/gateway/internal/diagnostics/explain.go:229.41,231.3 1 0
github.com/go-php/gateway/internal/diagnostics/explain.go:233.2,233.26 1 1
github.com/go-php/gateway/internal/diagnostics/explain.go:233.26,235.3 1 1
github.com/go-php/gateway/internal/diagnostics/explain.go:237.2,237.23 1 1
github.com/go-php/gateway/internal/diagnostics/explain.go:237.23,239.3 1 1
github.com/go-php/gateway/internal/diagnostics/explain.go:239.8,239.32 1 1
github.com/go-php/gateway/internal/diagnostics/explain.go:239.32,241.3 1 1
github.com/go-php/gateway/internal/diagnostics/explain.go:241.8,243.3 1 0
github.com/go-php/gateway/internal/diagnostics/explain.go:245.2,245.21 1 1
github.com/go-php/gateway/internal/diagnostics/explain.go:245.21,247.3 1 0
github.com/go-php/gateway/internal/diagnostics/explain.go:248.2,248.33 1 1
github.com/go-php/gateway/internal/diagnostics/explain.go:251.75,253.43 1 1
github.com/go-php/gateway/internal/diagnostics/explain.go:253.43,255.3 1 1
github.com/go-php/gateway/internal/diagnostics/explain.go:256.2,256.66 1 1
github.com/go-php/gateway/internal/diagnostics/explain.go:256.66,258.3 1 1
github.com/go-php/gateway/internal/diagnostics/explain.go:259.2,259.15 1 0
github.com/go-php/gateway/internal/diagnostics/explain.go:262.40,264.16 2 1
github.com/go-php/gateway/internal/diagnostics/explain.go:264.16,266.3 1 1
github.com/go-php/gateway/internal/diagnostics/explain.go:267.2,267.26 1 0
github.com/go-php/gateway/internal/diagnostics/htaccess.go:15.50,17.2 1 1
github.com/go-php/gateway/internal/diagnostics/htaccess.go:35.86,42.29 5 1
github.com/go-php/gateway/internal/diagnostics/htaccess.go:42.29,44.49 2 1
github.com/go-php/gateway/internal/diagnostics/htaccess.go:44.49,45.12 1 1
github.com/go-php/gateway/internal/diagnostics/htaccess.go:49.3,49.50 1 1
github.com/go-php/gateway/internal/diagnostics/htaccess.go:49.50,51.12 2 1
github.com/go-php/gateway/internal/diagnostics/htaccess.go:55.3,55.80 1 1
github.com/go-php/gateway/internal/diagnostics/htaccess.go:55.80,56.12 1 0
github.com/go-php/gateway/internal/diagnostics/htaccess.go:60.3,60.62 1 1
github.com/go-php/gateway/internal/diagnostics/htaccess.go:60.62,63.12 2 1
github.com/go-php/gateway/internal/diagnostics/htaccess.go:67.3,67.62 1 1
github.com/go-php/gateway/internal/diagnostics/htaccess.go:67.62,69.18 2 1
github.com/go-php/gateway/internal/diagnostics/htaccess.go:69.18,71.13 2 0
github.com/go-php/gateway/internal/diagnostics/htaccess.go:73.4,74.12 2 1
github.com/go-php/gateway/internal/diagnostics/htaccess.go:78.3,78.59 1 1
github.com/go-php/gateway/internal/diagnostics/htaccess.go:78.59,80.18 2 1
github.com/go-php/gateway/internal/diagnostics/htaccess.go:80.18,82.13 2 0
github.com/go-php/gateway/internal/diagnostics/htaccess.go:84.4,85.12 2 1
github.com/go-php/gateway/internal/diagnostics/htaccess.go:89.3,90.51 1 0
github.com/go-php/gateway/internal/diagnostics/htaccess.go:93.2,93.27 1 1
github.com/go-php/gateway/internal/diagnostics/htaccess.go:98.86,105.20 4 1
github.com/go-php/gateway/internal/diagnostics/htaccess.go:105.20,107.3 1 0
github.com/go-php/gateway/internal/diagnostics/htaccess.go:109.2,112.22 4 1
github.com/go-php/gateway/internal/diagnostics/htaccess.go:112.22,114.3 1 1
github.com/go-php/gateway/internal/diagnostics/htaccess.go:117.2,129.34 4 1
github.com/go-php/gateway/internal/diagnostics/htaccess.go:129.34,132.35 2 1
github.com/go-php/gateway/internal/diagnostics/htaccess.go:132.35,135.4 1 1
github.com/go-php/gateway/internal/diagnostics/htaccess.go:136.3,137.24 2 1
github.com/go-php/gateway/internal/diagnostics/htaccess.go:138.8,138.41 1 1
github.com/go-php/gateway/internal/diagnostics/htaccess.go:138.41,141.3 1 1
github.com/go-php/gateway/internal/diagnostics/htaccess.go:143.2,143.19 1 1
github.com/go-php/gateway/internal/diagnostics/htaccess.go:148.83,152.20 3 1
github.com/go-php/gateway/internal/diagnostics/htaccess.go:152.20,154.3 1 0
github.com/go-php/gateway/internal/diagnostics/htaccess.go:156.2,160.21 3 1
github.com/go-php/gateway/internal/diagnostics/htaccess.go:160.21,163.3 2 1
github.com/go-php/gateway/internal/diagnostics/htaccess.go:165.2,169.8 1 1
github.com/go-php/gateway/internal/diagnostics/htaccess.go:173.45,182.26 2 1
github.com/go-php/gateway/internal/diagnostics/htaccess.go:182.26,184.3 1 1
github.com/go-php/gateway/internal/diagnostics/htaccess.go:186.2,186.15 1 1
github.com/go-php/gateway/internal/diagnostics/htaccess.go:189.47,191.46 2 1
github.com/go-php/gateway/internal/diagnostics/htaccess.go:191.46,193.14 2 1
github.com/go-php/gateway/internal/diagnostics/htaccess.go:193.14,196.50 2 1
github.com/go-php/gateway/internal/diagnostics/htaccess.go:196.50,198.5 1 1
github.com/go-php/gateway/internal/diagnostics/htaccess.go:199.4,200.20 2 1
github.com/go-php/gateway/internal/diagnostics/htaccess.go:203.2,203.15 1 1
github.com/go-php/gateway/internal/diagnostics/htaccess.go:207.50,209.2 1 0
github.com/go-php/gateway/internal/diagnostics/shadow.go:40.68,47.2 1 1
github.com/go-php/gateway/internal/diagnostics/shadow.go:50.125,61.16 5 1
github.com/go-php/gateway/internal/diagnostics/shadow.go:61.16,63.3 1 0
github.com/go-php/gateway/internal/diagnostics/shadow.go:63.8,66.3 2 1
github.com/go-php/gateway/internal/diagnostics/shadow.go:69.2,72.16 4 1
github.com/go-php/gateway/internal/diagnostics/shadow.go:72.16,74.3 1 0
github.com/go-php/gateway/internal/diagnostics/shadow.go:74.8,77.3 2 1
github.com/go-php/gateway/internal/diagnostics/shadow.go:80.2,86.37 5 1
github.com/go-php/gateway/internal/diagnostics/shadow.go:86.37,88.3 1 0
github.com/go-php/gateway/internal/diagnostics/shadow.go:89.2,91.20 2 1
github.com/go-php/gateway/internal/diagnostics/shadow.go:94.126,96.16 2 1
github.com/go-php/gateway/internal/diagnostics/shadow.go:96.16,98.3 1 0
github.com/go-php/gateway/internal/diagnostics/shadow.go:100.2,100.28 1 1
github.com/go-php/gateway/internal/diagnostics/shadow.go:100.28,102.3 1 0
github.com/go-php/gateway/internal/diagnostics/shadow.go:105.2,108.16 3 1
github.com/go-php/gateway/internal/diagnostics/shadow.go:108.16,110.3 1 0
github.com/go-php/gateway/internal/diagnostics/shadow.go:111.2,115.16 3 1
github.com/go-php/gateway/internal/diagnostics/shadow.go:115.16,117.3 1 0
github.com/go-php/gateway/internal/diagnostics/shadow.go:119.2,120.54 2 1
github.com/go-php/gateway/internal/diagnostics/shadow.go:124.50,131.2 5 0
github.com/go-php/gateway/internal/diagnostics/shadow.go:134.49,142.31 4 1
github.com/go-php/gateway/internal/diagnostics/shadow.go:142.31,143.20 1 1
github.com/go-php/gateway/internal/diagnostics/shadow.go:143.20,145.12 2 0
github.com/go-php/gateway/internal/diagnostics/shadow.go:148.3,148.20 1 1
github.com/go-php/gateway/internal/diagnostics/shadow.go:148.20,150.4 1 1
github.com/go-php/gateway/internal/diagnostics/shadow.go:150.9,152.4 1 0
github.com/go-php/gateway/internal/diagnostics/shadow.go:154.3,154.18 1 1
github.com/go-php/gateway/internal/diagnostics/shadow.go:154.18,156.4 1 1
github.com/go-php/gateway/internal/diagnostics/shadow.go:156.9,158.4 1 0
github.com/go-php/gateway/internal/diagnostics/shadow.go:160.3,161.46 2 1
github.com/go-php/gateway/internal/diagnostics/shadow.go:164.2,164.23 1 1
github.com/go-php/gateway/internal/diagnostics/shadow.go:164.23,166.12 2 1
github.com/go-php/gateway/internal/diagnostics/shadow.go:166.12,169.4 2 1
github.com/go-php/gateway/internal/diagnostics/shadow.go:172.2,172.16 1 1
github.com/go-php/gateway/internal/diagnostics/shadow.go:188.40,194.2 1 1
github.com/go-php/gateway/internal/diagnostics/shadow.go:197.38,199.2 1 1
github.com/go-php/gateway/internal/diagnostics/snapshot.go:61.39,86.2 4 1
github.com/go-php/gateway/internal/diagnostics/snapshot.go:89.63,96.2 1 1
github.com/go-php/gateway/internal/diagnostics/snapshot.go:99.56,101.2 1 1
github.com/go-php/gateway/internal/diagnostics/snapshot.go:104.58,106.2 1 1
github.com/go-php/gateway/internal/diagnostics/snapshot.go:109.53,110.47 1 1
github.com/go-php/gateway/internal/diagnostics/snapshot.go:110.47,112.3 1 0
github.com/go-php/gateway/internal/diagnostics/snapshot.go:114.2,117.16 3 1
github.com/go-php/gateway/internal/diagnostics/snapshot.go:117.16,119.3 1 0
github.com/go-php/gateway/internal/diagnostics/snapshot.go:121.2,121.55 1 1
github.com/go-php/gateway/internal/diagnostics/snapshot.go:121.55,123.3 1 0
github.com/go-php/gateway/internal/diagnostics/snapshot.go:125.2,125.18 1 1
github.com/go-php/gateway/internal/diagnostics/snapshot.go:129.51,131.16 2 1
github.com/go-php/gateway/internal/diagnostics/snapshot.go:131.16,133.3 1 1
github.com/go-php/gateway/internal/diagnostics/snapshot.go:135.2,136.52 2 1
github.com/go-php/gateway/internal/diagnostics/snapshot.go:136.52,138.3 1 1
github.com/go-php/gateway/internal/diagnostics/snapshot.go:140.2,140.19 1 1
github.com/go-php/gateway/internal/diagnostics/snapshot.go:144.53,146.16 2 1
github.com/go-php/gateway/internal/diagnostics/snapshot.go:146.16,148.3 1 0
github.com/go-php/gateway/internal/diagnostics/snapshot.go:150.2,151.28 2 1
github.com/go-php/gateway/internal/diagnostics/snapshot.go:151.28,152.53 1 1
github.com/go-php/gateway/internal/diagnostics/snapshot.go:152.53,153.12 1 1
github.com/go-php/gateway/internal/diagnostics/snapshot.go:155.3,156.17 2 1
github.com/go-php/gateway/internal/diagnostics/snapshot.go:156.17,157.12 1 0
github.com/go-php/gateway/internal/diagnostics/snapshot.go:159.3,159.30 1 1
github.com/go-php/gateway/internal/diagnostics/snapshot.go:162.2,162.19 1 1
github.com/go-php/gateway/internal/diagnostics/snapshot.go:166.70,176.24 3 1
github.com/go-php/gateway/internal/diagnostics/snapshot.go:176.24,177.19 1 1
github.com/go-php/gateway/internal/diagnostics/snapshot.go:177.19,179.12 2 1
github.com/go-php/gateway/internal/diagnostics/snapshot.go:183.3,183.51 1 1
github.com/go-php/gateway/internal/diagnostics/snapshot.go:183.51,185.4 1 1
github.com/go-php/gateway/internal/diagnostics/snapshot.go:185.9,187.4 1 1
github.com/go-php/gateway/internal/diagnostics/snapshot.go:190.2,190.17 1 1
github.com/go-php/gateway/internal/deploy/canary.go:30.113,36.2 1 1
github.com/go-php/gateway/internal/deploy/canary.go:39.124,43.54 3 1
github.com/go-php/gateway/internal/deploy/canary.go:43.54,45.3 1 0
github.com/go-php/gateway/internal/deploy/canary.go:47.2,61.12 3 1
github.com/go-php/gateway/internal/deploy/canary.go:65.59,69.54 3 1
github.com/go-php/gateway/internal/deploy/canary.go:69.54,71.3 1 0
github.com/go-php/gateway/internal/deploy/canary.go:73.2,74.28 2 1
github.com/go-php/gateway/internal/deploy/canary.go:74.28,76.3 1 1
github.com/go-php/gateway/internal/deploy/canary.go:78.2,79.12 2 1
github.com/go-php/gateway/internal/deploy/canary.go:83.62,87.54 3 0
github.com/go-php/gateway/internal/deploy/canary.go:87.54,89.3 1 0
github.com/go-php/gateway/internal/deploy/canary.go:91.2,95.68 3 0
github.com/go-php/gateway/internal/deploy/canary.go:95.68,98.3 2 0
github.com/go-php/gateway/internal/deploy/canary.go:100.2,103.12 3 0
github.com/go-php/gateway/internal/deploy/canary.go:107.63,111.22 3 1
github.com/go-php/gateway/internal/deploy/canary.go:111.22,113.3 1 1
github.com/go-php/gateway/internal/deploy/canary.go:115.2,119.12 4 1
github.com/go-php/gateway/internal/deploy/canary.go:123.47,127.22 3 1
github.com/go-php/gateway/internal/deploy/canary.go:127.22,129.3 1 1
github.com/go-php/gateway/internal/deploy/canary.go:130.2,130.25 1 1
github.com/go-php/gateway/internal/deploy/canary.go:134.54,138.54 3 1
github.com/go-php/gateway/internal/deploy/canary.go:138.54,140.3 1 1
github.com/go-php/gateway/internal/deploy/canary.go:144.2,144.42 1 0
github.com/go-php/gateway/internal/deploy/canary.go:148.58,152.22 3 1
github.com/go-php/gateway/internal/deploy/canary.go:152.22,154.3 1 0
github.com/go-php/gateway/internal/deploy/canary.go:156.2,157.14 2 1
github.com/go-php/gateway/internal/deploy/canary.go:160.29,162.2 1 0
github.com/go-php/gateway/internal/deploy/canary.go:172.109,175.2 2 0
github.com/go-php/gateway/internal/deploy/canary.go:178.76,181.2 2 0
github.com/go-php/gateway/internal/deploy/canary.go:184.48,186.2 1 0
github.com/go-php/gateway/internal/deploy/hooks.go:49.51,55.2 1 1
github.com/go-php/gateway/internal/deploy/hooks.go:58.79,60.2 1 1
github.com/go-php/gateway/internal/deploy/hooks.go:63.80,65.2 1 1
github.com/go-php/gateway/internal/deploy/hooks.go:68.81,70.2 1 0
github.com/go-php/gateway/internal/deploy/hooks.go:73.82,75.2 1 0
github.com/go-php/gateway/internal/deploy/hooks.go:77.106,78.29 1 1
github.com/go-php/gateway/internal/deploy/hooks.go:78.29,79.68 1 1
github.com/go-php/gateway/internal/deploy/hooks.go:79.68,81.4 1 1
github.com/go-php/gateway/internal/deploy/hooks.go:83.2,83.12 1 1
github.com/go-php/gateway/internal/deploy/hooks.go:86.108,88.18 2 1
github.com/go-php/gateway/internal/deploy/hooks.go:88.18,90.3 1 1
github.com/go-php/gateway/internal/deploy/hooks.go:92.2,96.19 4 1
github.com/go-php/gateway/internal/deploy/hooks.go:96.19,98.3 1 1
github.com/go-php/gateway/internal/deploy/hooks.go:101.2,101.48 1 1
github.com/go-php/gateway/internal/deploy/hooks.go:101.48,103.3 1 1
github.com/go-php/gateway/internal/deploy/hooks.go:106.2,117.20 5 1
github.com/go-php/gateway/internal/deploy/hooks.go:117.20,119.22 2 1
github.com/go-php/gateway/internal/deploy/hooks.go:119.22,121.4 1 1
github.com/go-php/gateway/internal/deploy/hooks.go:122.3,123.21 2 1
github.com/go-php/gateway/internal/deploy/hooks.go:123.21,125.4 1 0
github.com/go-php/gateway/internal/deploy/hooks.go:128.2,154.16 11 1
github.com/go-php/gateway/internal/deploy/hooks.go:154.16,156.3 1 1
github.com/go-php/gateway/internal/deploy/hooks.go:158.2,158.12 1 1
github.com/go-php/gateway/internal/deploy/hooks.go:182.38,184.2 1 1
github.com/go-php/gateway/internal/deploy/hooks.go:187.52,189.36 2 1
github.com/go-php/gateway/internal/deploy/hooks.go:189.36,191.3 1 0
github.com/go-php/gateway/internal/deploy/hooks.go:195.57,196.26 1 1
github.com/go-php/gateway/internal/deploy/hooks.go:196.26,198.3 1 1
github.com/go-php/gateway/internal/deploy/hooks.go:199.2,201.15 3 1
github.com/go-php/gateway/internal/deploy/hooks.go:204.30,205.16 1 1
github.com/go-php/gateway/internal/deploy/hooks.go:205.16,207.3 1 1
github.com/go-php/gateway/internal/deploy/hooks.go:208.2,208.46 1 1
github.com/go-php/gateway/internal/deploy/hooks.go:208.46,210.3 1 1
github.com/go-php/gateway/internal/deploy/hooks.go:211.2,211.11 1 0
github.com/go-php/gateway/internal/deploy/hooks.go:214.31,215.16 1 1
github.com/go-php/gateway/internal/deploy/hooks.go:215.16,217.3 1 1
github.com/go-php/gateway/internal/deploy/hooks.go:218.2,218.20 1 1
github.com/go-php/gateway/internal/deploy/hooks.go:221.41,222.18 1 1
github.com/go-php/gateway/internal/deploy/hooks.go:222.18,224.3 1 0
github.com/go-php/gateway/internal/deploy/hooks.go:225.2,225.10 1 1
github.com/go-php/gateway/internal/deploy/hooks.go:229.48,234.26 4 1
github.com/go-php/gateway/internal/deploy/hooks.go:234.26,235.22 1 1
github.com/go-php/gateway/internal/deploy/hooks.go:235.22,237.4 1 1
github.com/go-php/gateway/internal/deploy/hooks.go:238.3,238.46 1 1
github.com/go-php/gateway/internal/deploy/hooks.go:238.46,240.4 1 1
github.com/go-php/gateway/internal/deploy/hooks.go:241.3,241.32 1 1
github.com/go-php/gateway/internal/deploy/hooks.go:241.32,243.4 1 1
github.com/go-php/gateway/internal/deploy/hooks.go:246.2,246.12 1 1
github.com/go-php/gateway/internal/deploy/lock.go:33.51,35.16 2 1
github.com/go-php/gateway/internal/deploy/lock.go:35.16,37.3 1 1
github.com/go-php/gateway/internal/deploy/lock.go:38.2,39.50 2 1
github.com/go-php/gateway/internal/deploy/lock.go:39.50,41.3 1 0
github.com/go-php/gateway/internal/deploy/lock.go:42.2,42.21 1 1
github.com/go-php/gateway/internal/deploy/lock.go:42.21,44.3 1 1
github.com/go-php/gateway/internal/deploy/lock.go:45.2,45.17 1 1
github.com/go-php/gateway/internal/deploy/lock.go:49.52,55.16 4 1
github.com/go-php/gateway/internal/deploy/lock.go:55.16,57.3 1 0
github.com/go-php/gateway/internal/deploy/lock.go:58.2,63.16 4 1
github.com/go-php/gateway/internal/deploy/lock.go:63.16,65.3 1 0
github.com/go-php/gateway/internal/deploy/lock.go:67.2,68.54 2 1
github.com/go-php/gateway/internal/deploy/lock.go:68.54,70.3 1 0
github.com/go-php/gateway/internal/deploy/lock.go:71.2,71.29 1 1
github.com/go-php/gateway/internal/deploy/lock.go:75.36,79.16 4 1
github.com/go-php/gateway/internal/deploy/lock.go:79.16,81.3 1 0
github.com/go-php/gateway/internal/deploy/lock.go:82.2,85.35 3 1
github.com/go-php/gateway/internal/deploy/lock.go:85.35,87.3 1 1
github.com/go-php/gateway/internal/deploy/lock.go:88.2,88.12 1 1
github.com/go-php/gateway/internal/deploy/lock.go:92.120,102.2 1 1
github.com/go-php/gateway/internal/deploy/release.go:54.60,59.2 1 1
github.com/go-php/gateway/internal/deploy/release.go:62.40,68.25 2 1
github.com/go-php/gateway/internal/deploy/release.go:68.25,69.46 1 1
github.com/go-php/gateway/internal/deploy/release.go:69.46,71.4 1 0
github.com/go-php/gateway/internal/deploy/release.go:75.2,76.12 2 1
github.com/go-php/gateway/internal/deploy/release.go:80.122,88.55 5 1
github.com/go-php/gateway/internal/deploy/release.go:88.55,90.3 1 0
github.com/go-php/gateway/internal/deploy/release.go:92.2,104.44 3 1
github.com/go-php/gateway/internal/deploy/release.go:104.44,107.3 2 0
github.com/go-php/gateway/internal/deploy/release.go:109.2,110.17 2 1
github.com/go-php/gateway/internal/deploy/release.go:114.53,119.9 4 1
github.com/go-php/gateway/internal/deploy/release.go:119.9,121.3 1 0
github.com/go-php/gateway/internal/deploy/release.go:123.2,123.30 1 1
github.com/go-php/gateway/internal/deploy/release.go:123.30,125.3 1 0
github.com/go-php/gateway/internal/deploy/release.go:128.2,128.23 1 1
github.com/go-php/gateway/internal/deploy/release.go:128.23,129.46 1 1
github.com/go-php/gateway/internal/deploy/release.go:129.46,134.4 4 1
github.com/go-php/gateway/internal/deploy/release.go:138.2,151.53 9 1
github.com/go-php/gateway/internal/deploy/release.go:151.53,154.3 2 0
github.com/go-php/gateway/internal/deploy/release.go:156.2,156.55 1 1
github.com/go-php/gateway/internal/deploy/release.go:156.55,160.3 3 0
github.com/go-php/gateway/internal/deploy/release.go:162.2,164.12 3 1
github.com/go-php/gateway/internal/deploy/release.go:168.46,172.23 3 1
github.com/go-php/gateway/internal/deploy/release.go:172.23,174.3 1 0
github.com/go-php/gateway/internal/deploy/release.go:176.2,177.9 2 1
github.com/go-php/gateway/internal/deploy/release.go:177.9,179.3 1 0
github.com/go-php/gateway/internal/deploy/release.go:181.2,190.12 7 1
github.com/go-php/gateway/internal/deploy/release.go:194.56,198.23 3 1
github.com/go-php/gateway/internal/deploy/release.go:198.23,200.3 1 0
github.com/go-php/gateway/internal/deploy/release.go:203.2,204.34 2 1
github.com/go-php/gateway/internal/deploy/release.go:204.34,205.28 1 1
github.com/go-php/gateway/internal/deploy/release.go:205.28,206.12 1 1
github.com/go-php/gateway/internal/deploy/release.go:208.3,208.31 1 1
github.com/go-php/gateway/internal/deploy/release.go:208.31,209.67 1 1
github.com/go-php/gateway/internal/deploy/release.go:209.67,212.5 2 1
github.com/go-php/gateway/internal/deploy/release.go:216.2,216.17 1 1
github.com/go-php/gateway/internal/deploy/release.go:216.17,218.3 1 1
github.com/go-php/gateway/internal/deploy/release.go:221.2,222.45 2 1
github.com/go-php/gateway/internal/deploy/release.go:222.45,224.3 1 0
github.com/go-php/gateway/internal/deploy/release.go:225.2,227.34 2 1
github.com/go-php/gateway/internal/deploy/release.go:231.45,235.23 3 1
github.com/go-php/gateway/internal/deploy/release.go:235.23,237.3 1 1
github.com/go-php/gateway/internal/deploy/release.go:238.2,239.12 2 1
github.com/go-php/gateway/internal/deploy/release.go:243.45,248.34 4 1
github.com/go-php/gateway/internal/deploy/release.go:248.34,250.3 1 1
github.com/go-php/gateway/internal/deploy/release.go:252.2,252.41 1 1
github.com/go-php/gateway/internal/deploy/release.go:252.41,254.3 1 1
github.com/go-php/gateway/internal/deploy/release.go:256.2,256.15 1 1
github.com/go-php/gateway/internal/deploy/release.go:260.60,265.9 4 1
github.com/go-php/gateway/internal/deploy/release.go:265.9,267.3 1 1
github.com/go-php/gateway/internal/deploy/release.go:268.2,268.17 1 1
github.com/go-php/gateway/internal/deploy/release.go:272.58,277.34 4 1
github.com/go-php/gateway/internal/deploy/release.go:277.34,278.60 1 1
github.com/go-php/gateway/internal/deploy/release.go:278.60,280.4 1 1
github.com/go-php/gateway/internal/deploy/release.go:283.2,283.42 1 1
github.com/go-php/gateway/internal/deploy/release.go:283.42,285.3 1 1
github.com/go-php/gateway/internal/deploy/release.go:287.2,288.41 2 1
github.com/go-php/gateway/internal/deploy/release.go:288.41,294.3 5 1
github.com/go-php/gateway/internal/deploy/release.go:296.2,296.21 1 1
github.com/go-php/gateway/internal/deploy/release.go:299.59,301.16 2 1
github.com/go-php/gateway/internal/deploy/release.go:301.16,303.3 1 0
github.com/go-php/gateway/internal/deploy/release.go:304.2,305.39 2 1
github.com/go-php/gateway/internal/deploy/release.go:308.42,311.16 3 1
github.com/go-php/gateway/internal/deploy/release.go:311.16,313.3 1 0
github.com/go-php/gateway/internal/deploy/release.go:315.2,315.28 1 1
github.com/go-php/gateway/internal/deploy/release.go:315.28,316.53 1 0
github.com/go-php/gateway/internal/deploy/release.go:316.53,317.12 1 0
github.com/go-php/gateway/internal/deploy/release.go:320.3,322.17 3 0
github.com/go-php/gateway/internal/deploy/release.go:322.17,323.12 1 0
github.com/go-php/gateway/internal/deploy/release.go:326.3,327.52 2 0
github.com/go-php/gateway/internal/deploy/release.go:327.52,328.12 1 0
github.com/go-php/gateway/internal/deploy/release.go:331.3,332.31 2 0
github.com/go-php/gateway/internal/deploy/release.go:332.31,334.4 1 0
github.com/go-php/gateway/internal/deploy/release.go:338.44,339.81 1 1
github.com/go-php/gateway/internal/deploy/release.go:339.81,340.17 1 1
github.com/go-php/gateway/internal/deploy/release.go:340.17,342.4 1 0
github.com/go-php/gateway/internal/deploy/release.go:344.3,345.17 2 1
github.com/go-php/gateway/internal/deploy/release.go:345.17,347.4 1 0
github.com/go-php/gateway/internal/deploy/release.go:349.3,351.19 2 1
github.com/go-php/gateway/internal/deploy/release.go:351.19,353.4 1 1
github.com/go-php/gateway/internal/deploy/release.go:355.3,356.17 2 1
github.com/go-php/gateway/internal/deploy/release.go:356.17,358.4 1 0
github.com/go-php/gateway/internal/deploy/release.go:360.3,360.49 1 1
github.com/go-php/gateway/internal/deploy/switcher.go:31.128,39.2 1 1
github.com/go-php/gateway/internal/deploy/switcher.go:59.159,66.16 5 1
github.com/go-php/gateway/internal/deploy/switcher.go:66.16,68.3 1 0
github.com/go-php/gateway/internal/deploy/switcher.go:69.2,75.62 5 1
github.com/go-php/gateway/internal/deploy/switcher.go:75.62,80.3 4 0
github.com/go-php/gateway/internal/deploy/switcher.go:81.2,84.40 2 1
github.com/go-php/gateway/internal/deploy/switcher.go:84.40,86.73 2 0
github.com/go-php/gateway/internal/deploy/switcher.go:86.73,91.4 4 0
github.com/go-php/gateway/internal/deploy/switcher.go:92.3,92.31 1 0
github.com/go-php/gateway/internal/deploy/switcher.go:96.2,98.28 3 1
github.com/go-php/gateway/internal/deploy/switcher.go:98.28,103.3 4 0
github.com/go-php/gateway/internal/deploy/switcher.go:104.2,108.54 3 1
github.com/go-php/gateway/internal/deploy/switcher.go:108.54,110.3 1 0
github.com/go-php/gateway/internal/deploy/switcher.go:111.2,115.63 3 1
github.com/go-php/gateway/internal/deploy/switcher.go:115.63,117.3 1 0
github.com/go-php/gateway/internal/deploy/switcher.go:118.2,122.20 4 1
github.com/go-php/gateway/internal/deploy/switcher.go:126.73,131.16 4 1
github.com/go-php/gateway/internal/deploy/switcher.go:131.16,133.3 1 0
github.com/go-php/gateway/internal/deploy/switcher.go:135.2,138.20 4 1
github.com/go-php/gateway/internal/deploy/switcher.go:141.55,144.2 2 1
github.com/go-php/gateway/internal/deploy/switcher.go:146.73,149.2 2 1
github.com/go-php/gateway/internal/deploy/switcher.go:151.99,157.2 5 0
github.com/go-php/gateway/internal/deploy/switcher.go:182.73,183.25 1 1
github.com/go-php/gateway/internal/deploy/switcher.go:183.25,185.3 1 1
github.com/go-php/gateway/internal/deploy/switcher.go:187.2,187.33 1 1
github.com/go-php/gateway/internal/deploy/switcher.go:187.33,189.3 1 1
github.com/go-php/gateway/internal/deploy/switcher.go:191.2,192.16 2 1
github.com/go-php/gateway/internal/deploy/switcher.go:192.16,194.3 1 1
github.com/go-php/gateway/internal/deploy/switcher.go:195.2,195.19 1 1
github.com/go-php/gateway/internal/deploy/switcher.go:195.19,197.3 1 0
github.com/go-php/gateway/internal/deploy/switcher.go:199.2,200.27 2 1
github.com/go-php/gateway/internal/deploy/switcher.go:200.27,202.3 1 1
github.com/go-php/gateway/internal/deploy/switcher.go:206.2,207.36 2 1
github.com/go-php/gateway/internal/deploy/switcher.go:207.36,211.5 1 1
github.com/go-php/gateway/internal/deploy/switcher.go:211.5,212.82 1 1
github.com/go-php/gateway/internal/deploy/switcher.go:212.82,214.10 2 1
github.com/go-php/gateway/internal/deploy/switcher.go:217.3,217.12 1 1
github.com/go-php/gateway/internal/deploy/switcher.go:217.12,218.9 1 1
github.com/go-php/gateway/internal/deploy/switcher.go:221.2,221.12 1 1
github.com/go-php/gateway/internal/deploy/switcher.go:221.12,224.3 1 1
github.com/go-php/gateway/internal/deploy/switcher.go:226.2,226.23 1 1
github.com/go-php/gateway/internal/deploy/switcher.go:226.23,228.3 1 1
github.com/go-php/gateway/internal/deploy/switcher.go:230.2,234.16 4 1
github.com/go-php/gateway/internal/deploy/switcher.go:234.16,236.3 1 0
github.com/go-php/gateway/internal/deploy/switcher.go:238.2,239.16 2 1
github.com/go-php/gateway/internal/deploy/switcher.go:239.16,241.3 1 0
github.com/go-php/gateway/internal/deploy/switcher.go:242.2,246.53 3 1
github.com/go-php/gateway/internal/deploy/switcher.go:246.53,248.3 1 1
github.com/go-php/gateway/internal/deploy/switcher.go:250.2,250.18 1 1
github.com/go-php/gateway/internal/deploy/switcher.go:261.42,263.2 1 0
github.com/go-php/gateway/internal/deploy/switcher.go:266.51,270.25 4 0
github.com/go-php/gateway/internal/deploy/switcher.go:270.25,272.3 1 0
github.com/go-php/gateway/internal/filesystem/cache.go:20.40,31.2 1 1
github.com/go-php/gateway/internal/filesystem/cache.go:40.102,41.18 1 1
github.com/go-php/gateway/internal/filesystem/cache.go:41.18,43.3 1 1
github.com/go-php/gateway/internal/filesystem/cache.go:44.2,50.3 1 1
github.com/go-php/gateway/internal/filesystem/cache.go:58.56,59.35 1 1
github.com/go-php/gateway/internal/filesystem/cache.go:59.35,60.33 1 1
github.com/go-php/gateway/internal/filesystem/cache.go:60.33,62.4 1 1
github.com/go-php/gateway/internal/filesystem/cache.go:64.2,64.37 1 1
github.com/go-php/gateway/internal/filesystem/cache.go:64.37,65.33 1 1
github.com/go-php/gateway/internal/filesystem/cache.go:65.33,67.4 1 1
github.com/go-php/gateway/internal/filesystem/cache.go:69.2,69.66 1 1
github.com/go-php/gateway/internal/filesystem/cache.go:72.87,78.18 3 1
github.com/go-php/gateway/internal/filesystem/cache.go:78.18,80.3 1 1
github.com/go-php/gateway/internal/filesystem/cache.go:82.2,82.43 1 1
github.com/go-php/gateway/internal/filesystem/cache.go:85.98,88.32 3 1
github.com/go-php/gateway/internal/filesystem/cache.go:88.32,90.3 1 0
github.com/go-php/gateway/internal/filesystem/cache.go:93.2,97.59 3 1
github.com/go-php/gateway/internal/filesystem/cache.go:97.59,100.3 2 1
github.com/go-php/gateway/internal/filesystem/cache.go:104.25,105.12 1 1
github.com/go-php/gateway/internal/filesystem/cache.go:105.12,107.3 1 1
github.com/go-php/gateway/internal/filesystem/cache.go:108.2,111.11 4 1
github.com/go-php/gateway/internal/filesystem/cache.go:111.11,114.3 2 1
github.com/go-php/gateway/internal/filesystem/cache.go:115.2,115.12 1 1
github.com/go-php/gateway/internal/filesystem/cache.go:115.12,119.3 3 1
github.com/go-php/gateway/internal/filesystem/cache.go:120.2,120.9 1 1
github.com/go-php/gateway/internal/filesystem/cache.go:120.9,123.3 2 1
github.com/go-php/gateway/internal/filesystem/cache.go:124.2,124.24 1 1
github.com/go-php/gateway/internal/filesystem/path.go:39.55,42.56 2 1
github.com/go-php/gateway/internal/filesystem/path.go:42.56,44.3 1 1
github.com/go-php/gateway/internal/filesystem/path.go:46.2,52.38 2 1
github.com/go-php/gateway/internal/filesystem/path.go:52.38,54.3 1 1
github.com/go-php/gateway/internal/filesystem/path.go:57.2,57.28 1 1
github.com/go-php/gateway/internal/filesystem/path.go:57.28,58.16 1 1
github.com/go-php/gateway/internal/filesystem/path.go:58.16,60.4 1 1
github.com/go-php/gateway/internal/filesystem/path.go:61.3,61.37 1 1
github.com/go-php/gateway/internal/filesystem/path.go:61.37,63.4 1 1
github.com/go-php/gateway/internal/filesystem/path.go:67.2,67.41 1 1
github.com/go-php/gateway/internal/filesystem/path.go:67.41,70.3 2 1
github.com/go-php/gateway/internal/filesystem/path.go:73.2,73.74 1 1
github.com/go-php/gateway/internal/filesystem/path.go:73.74,76.3 2 1
github.com/go-php/gateway/internal/filesystem/path.go:79.2,79.74 1 1
github.com/go-php/gateway/internal/filesystem/path.go:79.74,82.3 2 1
github.com/go-php/gateway/internal/filesystem/path.go:85.2,86.16 2 1
github.com/go-php/gateway/internal/filesystem/path.go:86.16,88.3 1 1
github.com/go-php/gateway/internal/filesystem/path.go:92.2,92.38 1 1
github.com/go-php/gateway/internal/filesystem/path.go:92.38,94.3 1 1
github.com/go-php/gateway/internal/filesystem/path.go:98.2,98.28 1 1
github.com/go-php/gateway/internal/filesystem/path.go:98.28,99.13 1 1
github.com/go-php/gateway/internal/filesystem/path.go:99.13,101.4 1 1
github.com/go-php/gateway/internal/filesystem/path.go:102.3,102.27 1 1
github.com/go-php/gateway/internal/filesystem/path.go:102.27,104.4 1 1
github.com/go-php/gateway/internal/filesystem/path.go:108.2,114.16 5 1
github.com/go-php/gateway/internal/filesystem/path.go:119.46,124.17 4 1
github.com/go-php/gateway/internal/filesystem/path.go:124.17,125.15 1 1
github.com/go-php/gateway/internal/filesystem/path.go:126.12,127.21 1 1
github.com/go-php/gateway/internal/filesystem/path.go:127.21,129.5 1 1
github.com/go-php/gateway/internal/filesystem/path.go:130.4,132.24 3 1
github.com/go-php/gateway/internal/filesystem/path.go:132.24,134.5 1 1
github.com/go-php/gateway/internal/filesystem/path.go:135.4,136.10 2 1
github.com/go-php/gateway/internal/filesystem/path.go:137.12,139.7 2 1
github.com/go-php/gateway/internal/filesystem/path.go:140.11,142.7 2 1
github.com/go-php/gateway/internal/filesystem/path.go:145.2,145.24 1 1
github.com/go-php/gateway/internal/filesystem/path.go:148.27,149.9 1 1
github.com/go-php/gateway/internal/filesystem/path.go:150.28,151.22 1 1
github.com/go-php/gateway/internal/filesystem/path.go:152.28,153.25 1 1
github.com/go-php/gateway/internal/filesystem/path.go:154.28,155.25 1 1
github.com/go-php/gateway/internal/filesystem/path.go:156.10,157.12 1 1
github.com/go-php/gateway/internal/filesystem/path.go:162.45,163.31 1 1
github.com/go-php/gateway/internal/filesystem/path.go:163.31,165.3 1 1
github.com/go-php/gateway/internal/filesystem/path.go:167.2,170.31 3 1
github.com/go-php/gateway/internal/filesystem/path.go:170.31,171.14 1 1
github.com/go-php/gateway/internal/filesystem/path.go:172.16,172.16 0 1
github.com/go-php/gateway/internal/filesystem/path.go:174.13,175.23 1 1
github.com/go-php/gateway/internal/filesystem/path.go:175.23,177.5 1 1
github.com/go-php/gateway/internal/filesystem/path.go:178.11,179.32 1 1
github.com/go-php/gateway/internal/filesystem/path.go:183.2,185.12 3 1
github.com/go-php/gateway/internal/filesystem/path.go:190.45,191.32 1 1
github.com/go-php/gateway/internal/filesystem/path.go:191.32,192.68 1 1
github.com/go-php/gateway/internal/filesystem/path.go:192.68,194.4 1 1
github.com/go-php/gateway/internal/filesystem/path.go:196.2,196.14 1 1
github.com/go-php/gateway/internal/filesystem/resolver.go:31.86,37.2 1 1
github.com/go-php/gateway/internal/filesystem/resolver.go:58.74,59.45 1 1
github.com/go-php/gateway/internal/filesystem/resolver.go:59.45,61.3 1 0
github.com/go-php/gateway/internal/filesystem/resolver.go:64.2,64.35 1 1
github.com/go-php/gateway/internal/filesystem/resolver.go:64.35,66.3 1 1
github.com/go-php/gateway/internal/filesystem/resolver.go:70.2,74.16 3 1
github.com/go-php/gateway/internal/filesystem/resolver.go:74.16,76.3 1 0
github.com/go-php/gateway/internal/filesystem/resolver.go:77.2,77.35 1 1
github.com/go-php/gateway/internal/filesystem/resolver.go:77.35,79.3 1 1
github.com/go-php/gateway/internal/filesystem/resolver.go:82.2,83.16 2 1
github.com/go-php/gateway/internal/filesystem/resolver.go:83.16,84.37 1 1
github.com/go-php/gateway/internal/filesystem/resolver.go:84.37,86.4 1 1
github.com/go-php/gateway/internal/filesystem/resolver.go:87.3,87.55 1 0
github.com/go-php/gateway/internal/filesystem/resolver.go:91.2,91.37 1 1
github.com/go-php/gateway/internal/filesystem/resolver.go:91.37,92.21 1 1
github.com/go-php/gateway/internal/filesystem/resolver.go:93.20,94.32 1 1
github.com/go-php/gateway/internal/filesystem/resolver.go:95.26,98.18 2 1
github.com/go-php/gateway/internal/filesystem/resolver.go:98.18,100.5 1 0
github.com/go-php/gateway/internal/filesystem/resolver.go:101.4,101.38 1 1
github.com/go-php/gateway/internal/filesystem/resolver.go:101.38,103.5 1 1
github.com/go-php/gateway/internal/filesystem/resolver.go:105.4,106.18 2 1
github.com/go-php/gateway/internal/filesystem/resolver.go:106.18,107.39 1 0
github.com/go-php/gateway/internal/filesystem/resolver.go:107.39,109.6 1 0
github.com/go-php/gateway/internal/filesystem/resolver.go:110.5,110.61 1 0
github.com/go-php/gateway/internal/filesystem/resolver.go:112.4,112.36 1 1
github.com/go-php/gateway/internal/filesystem/resolver.go:112.36,114.5 1 0
github.com/go-php/gateway/internal/filesystem/resolver.go:116.4,117.18 2 1
github.com/go-php/gateway/internal/filesystem/resolver.go:117.18,119.5 1 0
github.com/go-php/gateway/internal/filesystem/resolver.go:120.4,124.10 1 1
github.com/go-php/gateway/internal/filesystem/resolver.go:125.11,126.32 1 0
github.com/go-php/gateway/internal/filesystem/resolver.go:131.2,131.30 1 1
github.com/go-php/gateway/internal/filesystem/resolver.go:131.30,133.3 1 0
github.com/go-php/gateway/internal/filesystem/resolver.go:136.2,137.86 2 1
github.com/go-php/gateway/internal/filesystem/resolver.go:137.86,139.3 1 0
github.com/go-php/gateway/internal/filesystem/resolver.go:142.2,143.16 2 1
github.com/go-php/gateway/internal/filesystem/resolver.go:143.16,144.37 1 0
github.com/go-php/gateway/internal/filesystem/resolver.go:144.37,146.4 1 0
github.com/go-php/gateway/internal/filesystem/resolver.go:147.3,147.54 1 0
github.com/go-php/gateway/internal/filesystem/resolver.go:150.2,154.8 1 1
github.com/go-php/gateway/internal/filesystem/resolver.go:158.76,159.45 1 1
github.com/go-php/gateway/internal/filesystem/resolver.go:159.45,161.3 1 0
github.com/go-php/gateway/internal/filesystem/resolver.go:163.2,163.35 1 1
github.com/go-php/gateway/internal/filesystem/resolver.go:163.35,165.3 1 0
github.com/go-php/gateway/internal/filesystem/resolver.go:167.2,169.16 3 1
github.com/go-php/gateway/internal/filesystem/resolver.go:169.16,171.3 1 0
github.com/go-php/gateway/internal/filesystem/resolver.go:172.2,172.35 1 1
github.com/go-php/gateway/internal/filesystem/resolver.go:172.35,174.3 1 0
github.com/go-php/gateway/internal/filesystem/resolver.go:176.2,177.16 2 1
github.com/go-php/gateway/internal/filesystem/resolver.go:177.16,178.37 1 0
github.com/go-php/gateway/internal/filesystem/resolver.go:178.37,180.4 1 0
github.com/go-php/gateway/internal/filesystem/resolver.go:181.3,181.54 1 0
github.com/go-php/gateway/internal/filesystem/resolver.go:184.2,184.18 1 1
github.com/go-php/gateway/internal/filesystem/resolver.go:188.60,189.34 1 1
github.com/go-php/gateway/internal/filesystem/resolver.go:189.34,193.32 2 1
github.com/go-php/gateway/internal/filesystem/resolver.go:193.32,194.55 1 1
github.com/go-php/gateway/internal/filesystem/resolver.go:194.55,196.5 1 1
github.com/go-php/gateway/internal/filesystem/resolver.go:199.3,200.55 2 1
github.com/go-php/gateway/internal/filesystem/resolver.go:200.55,202.4 1 0
github.com/go-php/gateway/internal/filesystem/resolver.go:204.3,204.65 1 1
github.com/go-php/gateway/internal/filesystem/resolver.go:204.65,206.4 1 0
github.com/go-php/gateway/internal/filesystem/resolver.go:208.2,208.14 1 1
github.com/go-php/gateway/internal/filesystem/resolver.go:212.43,213.37 1 1
github.com/go-php/gateway/internal/filesystem/resolver.go:213.37,215.3 1 1
github.com/go-php/gateway/internal/filesystem/resolver.go:217.2,217.55 1 1
github.com/go-php/gateway/internal/filesystem/resolver.go:217.55,219.3 1 0
github.com/go-php/gateway/internal/filesystem/resolver.go:220.2,220.13 1 1
github.com/go-php/gateway/internal/filesystem/resolver.go:224.42,239.2 1 1
github.com/go-php/gateway/internal/filesystem/resolver.go:242.33,243.17 1 1
github.com/go-php/gateway/internal/filesystem/resolver.go:243.17,245.3 1 1
github.com/go-php/gateway/internal/filesystem/resolver.go:249.64,250.30 1 1
github.com/go-php/gateway/internal/filesystem/resolver.go:250.30,252.3 1 1
github.com/go-php/gateway/internal/filesystem/resolver.go:253.2,253.50 1 1
github.com/go-php/gateway/internal/filesystem/static.go:18.85,20.17 2 1
github.com/go-php/gateway/internal/filesystem/static.go:20.17,22.3 1 1
github.com/go-php/gateway/internal/filesystem/static.go:25.2,25.34 1 1
github.com/go-php/gateway/internal/filesystem/static.go:25.34,28.3 2 1
github.com/go-php/gateway/internal/filesystem/static.go:30.2,35.67 3 1
github.com/go-php/gateway/internal/filesystem/static.go:35.67,36.54 1 1
github.com/go-php/gateway/internal/filesystem/static.go:36.54,37.56 1 1
github.com/go-php/gateway/internal/filesystem/static.go:37.56,39.80 2 1
github.com/go-php/gateway/internal/filesystem/static.go:39.80,41.20 2 1
github.com/go-php/gateway/internal/filesystem/static.go:41.20,44.7 2 0
github.com/go-php/gateway/internal/filesystem/static.go:45.6,49.12 5 1
github.com/go-php/gateway/internal/filesystem/static.go:56.2,57.24 2 1
github.com/go-php/gateway/internal/filesystem/static.go:57.24,60.3 2 1
github.com/go-php/gateway/internal/filesystem/static.go:61.2,61.16 1 1
github.com/go-php/gateway/internal/filesystem/static.go:61.16,64.3 2 0
github.com/go-php/gateway/internal/filesystem/static.go:65.2,65.18 1 1
github.com/go-php/gateway/internal/filesystem/static.go:65.18,69.25 3 1
github.com/go-php/gateway/internal/filesystem/static.go:69.25,72.4 2 0
github.com/go-php/gateway/internal/filesystem/static.go:73.3,73.17 1 1
github.com/go-php/gateway/internal/filesystem/static.go:73.17,76.4 2 0
github.com/go-php/gateway/internal/filesystem/static.go:79.2,80.16 2 1
github.com/go-php/gateway/internal/filesystem/static.go:80.16,83.3 2 0
github.com/go-php/gateway/internal/filesystem/static.go:84.2,86.57 2 1
github.com/go-php/gateway/internal/filesystem/static.go:89.40,90.13 1 1
github.com/go-php/gateway/internal/filesystem/static.go:91.13,92.16 1 1
github.com/go-php/gateway/internal/filesystem/static.go:93.13,94.14 1 1
github.com/go-php/gateway/internal/filesystem/static.go:95.14,96.16 1 0
github.com/go-php/gateway/internal/filesystem/static.go:97.10,98.12 1 0
github.com/go-php/gateway/internal/filesystem/writable.go:26.51,31.2 1 0
github.com/go-php/gateway/internal/filesystem/writable.go:34.81,44.2 3 0
github.com/go-php/gateway/internal/filesystem/writable.go:47.55,58.2 8 0
github.com/go-php/gateway/internal/filesystem/writable.go:61.41,65.34 3 0
github.com/go-php/gateway/internal/filesystem/writable.go:65.34,70.53 3 0
github.com/go-php/gateway/internal/filesystem/writable.go:70.53,72.4 1 0
github.com/go-php/gateway/internal/filesystem/writable.go:75.3,75.50 1 0
github.com/go-php/gateway/internal/filesystem/writable.go:75.50,77.4 1 0
github.com/go-php/gateway/internal/filesystem/writable.go:80.2,80.12 1 0
github.com/go-php/gateway/internal/filesystem/writable.go:84.43,88.34 3 0
github.com/go-php/gateway/internal/filesystem/writable.go:88.34,92.17 3 0
github.com/go-php/gateway/internal/filesystem/writable.go:92.17,94.4 1 0
github.com/go-php/gateway/internal/filesystem/writable.go:96.3,96.20 1 0
github.com/go-php/gateway/internal/filesystem/writable.go:96.20,98.4 1 0
github.com/go-php/gateway/internal/filesystem/writable.go:101.2,101.12 1 0
github.com/go-php/gateway/internal/filesystem/writable.go:105.63,110.9 4 0
github.com/go-php/gateway/internal/filesystem/writable.go:110.9,112.3 1 0
github.com/go-php/gateway/internal/filesystem/writable.go:114.2,114.46 1 0
github.com/go-php/gateway/internal/filesystem/writable.go:118.50,123.29 4 0
github.com/go-php/gateway/internal/filesystem/writable.go:123.29,125.3 1 0
github.com/go-php/gateway/internal/filesystem/writable.go:126.2,126.15 1 0
github.com/go-php/gateway/internal/filesystem/writable.go:129.38,131.22 2 0
github.com/go-php/gateway/internal/filesystem/writable.go:131.22,132.27 1 0
github.com/go-php/gateway/internal/filesystem/writable.go:132.27,134.4 1 0
github.com/go-php/gateway/internal/filesystem/writable.go:136.2,136.13 1 0
github.com/go-php/gateway/internal/observability/access.go:18.63,20.2 1 1
github.com/go-php/gateway/internal/observability/access.go:22.49,23.21 1 1
github.com/go-php/gateway/internal/observability/access.go:23.21,26.3 2 1
github.com/go-php/gateway/internal/observability/access.go:27.2,27.37 1 1
github.com/go-php/gateway/internal/observability/access.go:30.56,31.21 1 1
github.com/go-php/gateway/internal/observability/access.go:31.21,34.3 2 1
github.com/go-php/gateway/internal/observability/access.go:35.2,37.15 3 1
github.com/go-php/gateway/internal/observability/access.go:41.40,43.2 1 1
github.com/go-php/gateway/internal/observability/access.go:46.48,48.2 1 1
github.com/go-php/gateway/internal/observability/access.go:51.91,63.2 1 0
github.com/go-php/gateway/internal/observability/access.go:66.70,67.46 1 0
github.com/go-php/gateway/internal/observability/access.go:67.46,68.72 1 0
github.com/go-php/gateway/internal/observability/access.go:68.72,73.4 4 0
github.com/go-php/gateway/internal/observability/metrics.go:54.28,59.2 1 1
github.com/go-php/gateway/internal/observability/metrics.go:66.87,68.19 2 1
github.com/go-php/gateway/internal/observability/metrics.go:68.19,70.3 1 1
github.com/go-php/gateway/internal/observability/metrics.go:72.2,75.17 3 1
github.com/go-php/gateway/internal/observability/metrics.go:75.17,77.3 1 0
github.com/go-php/gateway/internal/observability/metrics.go:78.2,84.9 5 1
github.com/go-php/gateway/internal/observability/metrics.go:84.9,85.43 1 1
github.com/go-php/gateway/internal/observability/metrics.go:85.43,88.4 2 1
github.com/go-php/gateway/internal/observability/metrics.go:89.3,89.10 1 1
github.com/go-php/gateway/internal/observability/metrics.go:89.10,95.4 2 1
github.com/go-php/gateway/internal/observability/metrics.go:98.2,98.22 1 1
github.com/go-php/gateway/internal/observability/metrics.go:102.38,104.2 1 1
github.com/go-php/gateway/internal/observability/metrics.go:107.38,109.2 1 1
github.com/go-php/gateway/internal/observability/metrics.go:112.32,116.2 3 1
github.com/go-php/gateway/internal/observability/metrics.go:119.43,122.35 3 1
github.com/go-php/gateway/internal/observability/metrics.go:122.35,123.22 1 1
github.com/go-php/gateway/internal/observability/metrics.go:123.22,126.4 2 1
github.com/go-php/gateway/internal/observability/metrics.go:128.2,128.28 1 1
github.com/go-php/gateway/internal/observability/metrics.go:134.40,135.40 1 1
github.com/go-php/gateway/internal/observability/metrics.go:135.40,137.3 1 1
github.com/go-php/gateway/internal/observability/metrics.go:138.2,140.22 3 1
github.com/go-php/gateway/internal/observability/metrics.go:140.22,141.12 1 1
github.com/go-php/gateway/internal/observability/metrics.go:142.13,143.23 1 1
github.com/go-php/gateway/internal/observability/metrics.go:144.12,145.23 1 1
github.com/go-php/gateway/internal/observability/metrics.go:146.13,147.23 1 0
github.com/go-php/gateway/internal/observability/metrics.go:148.11,149.18 1 1
github.com/go-php/gateway/internal/observability/metrics.go:152.2,152.19 1 1
github.com/go-php/gateway/internal/observability/metrics.go:156.52,157.71 1 1
github.com/go-php/gateway/internal/observability/metrics.go:157.71,176.49 14 1
github.com/go-php/gateway/internal/observability/metrics.go:176.49,181.4 4 1
github.com/go-php/gateway/internal/observability/metrics.go:186.3,196.36 4 1
github.com/go-php/gateway/internal/observability/metrics.go:196.36,205.4 4 1
github.com/go-php/gateway/internal/observability/metrics.go:206.3,208.25 2 1
github.com/go-php/gateway/internal/observability/metrics.go:208.25,210.4 1 0
github.com/go-php/gateway/internal/observability/metrics.go:213.3,213.44 1 1
github.com/go-php/gateway/internal/observability/metrics.go:213.44,214.48 1 1
github.com/go-php/gateway/internal/observability/metrics.go:214.48,216.5 1 1
github.com/go-php/gateway/internal/observability/metrics.go:217.4,217.48 1 1
github.com/go-php/gateway/internal/observability/metrics.go:220.3,223.30 3 1
github.com/go-php/gateway/internal/observability/metrics.go:223.30,228.37 4 1
github.com/go-php/gateway/internal/observability/metrics.go:228.37,232.5 2 1
github.com/go-php/gateway/internal/observability/metrics.go:233.4,239.28 4 1
github.com/go-php/gateway/internal/observability/metrics.go:248.62,249.71 1 1
github.com/go-php/gateway/internal/observability/metrics.go:249.71,264.3 9 1
github.com/go-php/gateway/internal/observability/metrics.go:278.47,282.2 3 1
github.com/go-php/gateway/internal/observability/metrics.go:285.42,288.19 3 1
github.com/go-php/gateway/internal/observability/metrics.go:288.19,290.3 1 1
github.com/go-php/gateway/internal/observability/metrics.go:291.2,291.16 1 1
github.com/go-php/gateway/internal/observability/metrics.go:297.51,298.76 1 1
github.com/go-php/gateway/internal/observability/metrics.go:298.76,300.3 1 1
github.com/go-php/gateway/internal/observability/redact.go:22.78,33.31 3 1
github.com/go-php/gateway/internal/observability/redact.go:33.31,35.3 1 1
github.com/go-php/gateway/internal/observability/redact.go:38.2,38.29 1 1
github.com/go-php/gateway/internal/observability/redact.go:38.29,39.47 1 0
github.com/go-php/gateway/internal/observability/redact.go:39.47,41.4 1 0
github.com/go-php/gateway/internal/observability/redact.go:44.2,44.10 1 1
github.com/go-php/gateway/internal/observability/redact.go:47.78,49.2 1 1
github.com/go-php/gateway/internal/observability/redact.go:51.80,54.38 2 0
github.com/go-php/gateway/internal/observability/redact.go:54.38,58.3 3 0
github.com/go-php/gateway/internal/observability/redact.go:61.2,62.26 2 0
github.com/go-php/gateway/internal/observability/redact.go:62.26,64.3 1 0
github.com/go-php/gateway/internal/observability/redact.go:66.2,66.38 1 0
github.com/go-php/gateway/internal/observability/redact.go:69.68,71.26 2 0
github.com/go-php/gateway/internal/observability/redact.go:71.26,73.3 1 0
github.com/go-php/gateway/internal/observability/redact.go:74.2,78.3 1 0
github.com/go-php/gateway/internal/observability/redact.go:81.62,87.2 1 0
github.com/go-php/gateway/internal/observability/redact.go:89.60,97.14 5 0
github.com/go-php/gateway/internal/observability/redact.go:97.14,100.3 2 0
github.com/go-php/gateway/internal/observability/redact.go:103.2,103.39 1 0
github.com/go-php/gateway/internal/observability/redact.go:103.39,105.33 2 0
github.com/go-php/gateway/internal/observability/redact.go:105.33,106.27 1 0
github.com/go-php/gateway/internal/observability/redact.go:106.27,109.5 2 0
[...]
github.com/go-php/gateway/internal/ui/siteManager.go:37.47,38.52 1 1
github.com/go-php/gateway/internal/ui/siteManager.go:38.52,41.4 2 1
github.com/go-php/gateway/internal/ui/siteManager.go:43.2,47.3 1 1
github.com/go-php/gateway/internal/ui/siteManager.go:50.37,53.2 2 1
github.com/go-php/gateway/internal/ui/siteManager.go:55.31,65.31 2 1
github.com/go-php/gateway/internal/ui/siteManager.go:65.31,66.22 1 1
github.com/go-php/gateway/internal/ui/siteManager.go:66.22,68.4 1 1
github.com/go-php/gateway/internal/ui/siteManager.go:70.2,70.11 1 0
github.com/go-php/gateway/internal/ui/siteManager.go:74.56,78.45 3 1
github.com/go-php/gateway/internal/ui/siteManager.go:78.45,80.3 1 0
github.com/go-php/gateway/internal/ui/siteManager.go:82.2,82.23 1 1
github.com/go-php/gateway/internal/ui/siteManager.go:82.23,84.3 1 0
github.com/go-php/gateway/internal/ui/siteManager.go:86.2,87.16 2 1
github.com/go-php/gateway/internal/ui/siteManager.go:87.16,89.3 1 0
github.com/go-php/gateway/internal/ui/siteManager.go:90.2,90.19 1 1
github.com/go-php/gateway/internal/ui/siteManager.go:90.19,92.3 1 0
github.com/go-php/gateway/internal/ui/siteManager.go:94.2,107.12 5 1
github.com/go-php/gateway/internal/ui/siteManager.go:107.12,109.77 2 1
github.com/go-php/gateway/internal/ui/siteManager.go:109.77,112.4 2 0
github.com/go-php/gateway/internal/ui/siteManager.go:116.2,116.9 1 1
github.com/go-php/gateway/internal/ui/siteManager.go:117.22,118.54 1 0
github.com/go-php/gateway/internal/ui/siteManager.go:119.44,119.44 0 1
github.com/go-php/gateway/internal/ui/siteManager.go:122.2,124.12 3 1
github.com/go-php/gateway/internal/ui/siteManager.go:128.54,133.13 4 1
github.com/go-php/gateway/internal/ui/siteManager.go:133.13,135.3 1 1
github.com/go-php/gateway/internal/ui/siteManager.go:137.2,140.48 3 0
github.com/go-php/gateway/internal/ui/siteManager.go:140.48,142.3 1 0
github.com/go-php/gateway/internal/ui/siteManager.go:144.2,146.12 3 0
github.com/go-php/gateway/internal/ui/siteManager.go:150.34,154.33 3 1
github.com/go-php/gateway/internal/ui/siteManager.go:154.33,156.49 2 1
github.com/go-php/gateway/internal/ui/siteManager.go:156.49,158.4 1 0
github.com/go-php/gateway/internal/ui/siteManager.go:159.3,159.11 1 1
github.com/go-php/gateway/internal/ui/siteManager.go:161.2,161.44 1 1
github.com/go-php/gateway/internal/ui/siteManager.go:165.54,170.2 4 1
github.com/go-php/gateway/internal/ui/siteManager.go:189.89,198.2 1 1
github.com/go-php/gateway/internal/ui/siteManager.go:200.73,207.16 3 1
github.com/go-php/gateway/internal/ui/siteManager.go:207.16,211.3 3 1
github.com/go-php/gateway/internal/ui/siteManager.go:212.2,214.40 2 1
github.com/go-php/gateway/internal/ui/siteManager.go:214.40,217.3 2 1
github.com/go-php/gateway/internal/ui/siteManager.go:220.2,221.40 2 1
github.com/go-php/gateway/internal/ui/siteManager.go:221.40,223.3 1 1
github.com/go-php/gateway/internal/ui/siteManager.go:223.8,226.3 1 1
github.com/go-php/gateway/internal/ui/siteManager.go:228.2,228.39 1 1
github.com/go-php/gateway/internal/ui/siteManager.go:228.39,230.71 2 1
github.com/go-php/gateway/internal/ui/siteManager.go:230.71,231.12 1 1
github.com/go-php/gateway/internal/ui/siteManager.go:233.3,233.40 1 1
github.com/go-php/gateway/internal/ui/siteManager.go:233.40,236.4 2 0
github.com/go-php/gateway/internal/ui/siteManager.go:238.3,240.63 2 1
github.com/go-php/gateway/internal/ui/siteManager.go:240.63,243.4 2 0
github.com/go-php/gateway/internal/ui/siteManager.go:245.3,246.21 2 1
github.com/go-php/gateway/internal/ui/siteManager.go:246.21,247.12 1 0
github.com/go-php/gateway/internal/ui/siteManager.go:249.3,252.37 3 1
github.com/go-php/gateway/internal/ui/siteManager.go:252.37,253.12 1 0
github.com/go-php/gateway/internal/ui/siteManager.go:256.3,262.9 5 1
github.com/go-php/gateway/internal/ui/siteManager.go:265.2,267.51 2 1
github.com/go-php/gateway/internal/ui/siteManager.go:270.105,274.51 3 0
github.com/go-php/gateway/internal/ui/siteManager.go:274.51,278.3 3 0
github.com/go-php/gateway/internal/ui/siteManager.go:281.2,288.16 6 0
github.com/go-php/gateway/internal/ui/siteManager.go:288.16,292.3 3 0
github.com/go-php/gateway/internal/ui/siteManager.go:293.2,296.19 3 0
github.com/go-php/gateway/internal/ui/siteManager.go:296.19,299.3 2 0
github.com/go-php/gateway/internal/ui/siteManager.go:301.2,312.12 5 0
github.com/go-php/gateway/internal/ui/siteManager.go:312.12,315.3 2 0
github.com/go-php/gateway/internal/ui/siteManager.go:317.2,317.9 1 0
github.com/go-php/gateway/internal/ui/siteManager.go:318.20,321.9 3 0
github.com/go-php/gateway/internal/ui/siteManager.go:322.21,323.21 1 0
github.com/go-php/gateway/internal/ui/siteManager.go:323.21,327.4 3 0
github.com/go-php/gateway/internal/ui/siteManager.go:329.3,330.17 2 0
github.com/go-php/gateway/internal/ui/siteManager.go:330.17,334.4 3 0
github.com/go-php/gateway/internal/ui/siteManager.go:336.3,336.88 1 0
github.com/go-php/gateway/internal/ui/siteManager.go:336.88,340.4 1 0
github.com/go-php/gateway/internal/ui/siteManager.go:342.3,342.35 1 0
github.com/go-php/gateway/internal/ui/siteManager.go:342.35,343.25 1 0
github.com/go-php/gateway/internal/ui/siteManager.go:343.25,345.5 1 0
github.com/go-php/gateway/internal/ui/siteManager.go:347.3,351.98 3 0
github.com/go-php/gateway/internal/ui/siteManager.go:355.41,357.47 2 1
github.com/go-php/gateway/internal/ui/siteManager.go:357.47,359.3 1 1
github.com/go-php/gateway/internal/ui/siteManager.go:361.2,361.13 1 0
github.com/go-php/gateway/internal/ui/siteManager.go:362.14,363.36 1 0
github.com/go-php/gateway/internal/ui/siteManager.go:364.13,365.49 1 0
github.com/go-php/gateway/internal/ui/siteManager.go:366.15,367.43 1 0
github.com/go-php/gateway/internal/ui/siteManager.go:368.14,369.25 1 0
github.com/go-php/gateway/internal/ui/siteManager.go:370.14,371.21 1 0
github.com/go-php/gateway/internal/ui/siteManager.go:372.23,373.22 1 0
github.com/go-php/gateway/internal/ui/siteManager.go:374.14,375.35 1 0
github.com/go-php/gateway/internal/ui/siteManager.go:376.23,377.36 1 0
github.com/go-php/gateway/internal/ui/siteManager.go:378.14,379.37 1 0
github.com/go-php/gateway/internal/ui/siteManager.go:380.14,381.42 1 0
github.com/go-php/gateway/internal/ui/siteManager.go:382.14,383.27 1 0
github.com/go-php/gateway/internal/ui/siteManager.go:384.15,385.21 1 0
github.com/go-php/gateway/internal/ui/siteManager.go:386.16,387.22 1 0
github.com/go-php/gateway/internal/ui/siteManager.go:388.14,389.20 1 0
github.com/go-php/gateway/internal/ui/siteManager.go:390.14,391.24 1 0
github.com/go-php/gateway/internal/ui/siteManager.go:392.14,393.21 1 0
github.com/go-php/gateway/internal/ui/siteManager.go:394.10,395.36 1 0
github.com/go-php/gateway/internal/supervisor/isolation.go:28.48,35.2 1 1
github.com/go-php/gateway/internal/supervisor/isolation.go:44.53,45.19 1 1
github.com/go-php/gateway/internal/supervisor/isolation.go:45.19,47.3 1 1
github.com/go-php/gateway/internal/supervisor/isolation.go:48.2,48.34 1 1
github.com/go-php/gateway/internal/supervisor/isolation.go:52.58,53.25 1 1
github.com/go-php/gateway/internal/supervisor/isolation.go:53.25,55.3 1 1
github.com/go-php/gateway/internal/supervisor/isolation.go:57.2,60.25 3 1
github.com/go-php/gateway/internal/supervisor/isolation.go:61.17,62.40 1 1
github.com/go-php/gateway/internal/supervisor/isolation.go:63.19,64.42 1 0
github.com/go-php/gateway/internal/supervisor/isolation.go:65.16,66.39 1 0
github.com/go-php/gateway/internal/supervisor/isolation.go:67.10,68.13 1 0
github.com/go-php/gateway/internal/supervisor/isolation.go:72.65,84.29 3 1
github.com/go-php/gateway/internal/supervisor/isolation.go:84.29,86.3 1 1
github.com/go-php/gateway/internal/supervisor/isolation.go:88.2,88.12 1 1
github.com/go-php/gateway/internal/supervisor/isolation.go:91.67,92.29 1 0
github.com/go-php/gateway/internal/supervisor/isolation.go:92.29,94.3 1 0
github.com/go-php/gateway/internal/supervisor/isolation.go:96.2,106.12 3 0
github.com/go-php/gateway/internal/supervisor/isolation.go:109.64,110.29 1 0
github.com/go-php/gateway/internal/supervisor/isolation.go:110.29,112.3 1 0
github.com/go-php/gateway/internal/supervisor/isolation.go:115.2,115.33 1 0
github.com/go-php/gateway/internal/supervisor/isolation.go:115.33,120.35 3 0
github.com/go-php/gateway/internal/supervisor/isolation.go:120.35,122.17 2 0
github.com/go-php/gateway/internal/supervisor/isolation.go:122.17,124.5 1 0
github.com/go-php/gateway/internal/supervisor/isolation.go:128.3,128.30 1 0
github.com/go-php/gateway/internal/supervisor/isolation.go:128.30,131.4 1 0
github.com/go-php/gateway/internal/supervisor/isolation.go:135.2,135.39 1 0
github.com/go-php/gateway/internal/supervisor/isolation.go:138.55,139.56 1 1
github.com/go-php/gateway/internal/supervisor/isolation.go:139.56,141.3 1 1
github.com/go-php/gateway/internal/supervisor/isolation.go:145.2,149.3 1 0
github.com/go-php/gateway/internal/supervisor/isolation.go:153.32,154.60 1 1
github.com/go-php/gateway/internal/supervisor/isolation.go:154.60,157.3 2 1
github.com/go-php/gateway/internal/supervisor/isolation.go:161.33,163.17 2 1
github.com/go-php/gateway/internal/supervisor/isolation.go:163.17,165.3 1 1
github.com/go-php/gateway/internal/supervisor/isolation.go:167.2,170.14 3 1
github.com/go-php/gateway/internal/supervisor/isolation.go:171.16,173.19 2 1
github.com/go-php/gateway/internal/supervisor/isolation.go:174.16,176.19 2 1
github.com/go-php/gateway/internal/supervisor/isolation.go:177.16,179.19 2 1
github.com/go-php/gateway/internal/supervisor/isolation.go:182.2,183.22 2 1
github.com/go-php/gateway/internal/supervisor/isolation.go:183.22,184.27 1 1
github.com/go-php/gateway/internal/supervisor/isolation.go:184.27,186.4 1 1
github.com/go-php/gateway/internal/supervisor/isolation.go:189.2,189.23 1 1
github.com/go-php/gateway/internal/supervisor/supervisor.go:87.34,89.2 1 1
github.com/go-php/gateway/internal/supervisor/supervisor.go:96.49,100.2 3 0
github.com/go-php/gateway/internal/supervisor/supervisor.go:103.42,107.2 3 1
github.com/go-php/gateway/internal/supervisor/supervisor.go:110.57,115.2 4 1
github.com/go-php/gateway/internal/supervisor/supervisor.go:118.36,122.2 3 1
github.com/go-php/gateway/internal/supervisor/supervisor.go:125.55,127.55 2 1
github.com/go-php/gateway/internal/supervisor/supervisor.go:127.55,130.3 2 0
github.com/go-php/gateway/internal/supervisor/supervisor.go:131.2,134.75 3 1
github.com/go-php/gateway/internal/supervisor/supervisor.go:134.75,137.3 2 0
github.com/go-php/gateway/internal/supervisor/supervisor.go:139.2,139.72 1 1
github.com/go-php/gateway/internal/supervisor/supervisor.go:139.72,142.3 2 0
github.com/go-php/gateway/internal/supervisor/supervisor.go:144.2,145.16 2 1
github.com/go-php/gateway/internal/supervisor/supervisor.go:145.16,148.3 2 0
github.com/go-php/gateway/internal/supervisor/supervisor.go:155.2,169.16 9 1
github.com/go-php/gateway/internal/supervisor/supervisor.go:169.16,170.49 1 0
github.com/go-php/gateway/internal/supervisor/supervisor.go:170.49,174.4 3 0
github.com/go-php/gateway/internal/supervisor/supervisor.go:177.2,184.36 7 1
github.com/go-php/gateway/internal/supervisor/supervisor.go:184.36,188.3 3 1
github.com/go-php/gateway/internal/supervisor/supervisor.go:192.2,192.12 1 1
github.com/go-php/gateway/internal/supervisor/supervisor.go:192.12,198.3 5 1
github.com/go-php/gateway/internal/supervisor/supervisor.go:201.2,201.61 1 1
github.com/go-php/gateway/internal/supervisor/supervisor.go:201.61,205.3 3 1
github.com/go-php/gateway/internal/supervisor/supervisor.go:207.2,211.12 5 1
github.com/go-php/gateway/internal/supervisor/supervisor.go:215.54,217.55 2 1
github.com/go-php/gateway/internal/supervisor/supervisor.go:217.55,220.3 2 0
github.com/go-php/gateway/internal/supervisor/supervisor.go:221.2,228.55 6 1
github.com/go-php/gateway/internal/supervisor/supervisor.go:228.55,237.10 2 1
github.com/go-php/gateway/internal/supervisor/supervisor.go:238.17,238.17 0 1
github.com/go-php/gateway/internal/supervisor/supervisor.go:239.21,241.23 1 0
github.com/go-php/gateway/internal/supervisor/supervisor.go:241.23,243.5 1 0
github.com/go-php/gateway/internal/supervisor/supervisor.go:244.4,245.12 2 0
github.com/go-php/gateway/internal/supervisor/supervisor.go:250.2,250.21 1 1
github.com/go-php/gateway/internal/supervisor/supervisor.go:250.21,252.3 1 1
github.com/go-php/gateway/internal/supervisor/supervisor.go:255.2,259.12 4 1
github.com/go-php/gateway/internal/supervisor/supervisor.go:268.61,274.25 5 1
github.com/go-php/gateway/internal/supervisor/supervisor.go:274.25,276.3 1 1
github.com/go-php/gateway/internal/supervisor/supervisor.go:280.2,280.19 1 1
github.com/go-php/gateway/internal/supervisor/supervisor.go:280.19,281.10 1 0
github.com/go-php/gateway/internal/supervisor/supervisor.go:282.17,288.22 4 0
github.com/go-php/gateway/internal/supervisor/supervisor.go:288.22,290.5 1 0
github.com/go-php/gateway/internal/supervisor/supervisor.go:291.4,291.51 1 0
github.com/go-php/gateway/internal/supervisor/supervisor.go:292.11,292.11 0 0
github.com/go-php/gateway/internal/supervisor/supervisor.go:297.2,298.16 2 1
github.com/go-php/gateway/internal/supervisor/supervisor.go:298.16,300.3 1 1
github.com/go-php/gateway/internal/supervisor/supervisor.go:301.2,301.17 1 0
github.com/go-php/gateway/internal/supervisor/supervisor.go:301.17,303.3 1 0
github.com/go-php/gateway/internal/supervisor/supervisor.go:307.2,309.16 3 0
github.com/go-php/gateway/internal/supervisor/supervisor.go:309.16,311.3 1 0
github.com/go-php/gateway/internal/supervisor/supervisor.go:312.2,314.12 2 0
github.com/go-php/gateway/internal/supervisor/supervisor.go:317.44,321.2 3 1
github.com/go-php/gateway/internal/supervisor/supervisor.go:323.86,325.34 2 1
github.com/go-php/gateway/internal/supervisor/supervisor.go:325.34,326.10 1 1
github.com/go-php/gateway/internal/supervisor/supervisor.go:327.21,328.20 1 0
github.com/go-php/gateway/internal/supervisor/supervisor.go:329.11,329.11 0 1
github.com/go-php/gateway/internal/supervisor/supervisor.go:331.3,332.32 2 1
github.com/go-php/gateway/internal/supervisor/supervisor.go:332.32,334.4 1 1
github.com/go-php/gateway/internal/supervisor/supervisor.go:335.3,335.36 1 1
github.com/go-php/gateway/internal/supervisor/supervisor.go:337.2,337.49 1 1
github.com/go-php/gateway/internal/supervisor/supervisor.go:362.69,365.47 3 1
github.com/go-php/gateway/internal/supervisor/supervisor.go:365.47,368.25 3 1
github.com/go-php/gateway/internal/supervisor/supervisor.go:368.25,369.15 1 0
github.com/go-php/gateway/internal/supervisor/supervisor.go:369.15,371.5 1 0
github.com/go-php/gateway/internal/supervisor/supervisor.go:372.4,372.15 1 0
github.com/go-php/gateway/internal/supervisor/supervisor.go:372.15,374.5 1 0
github.com/go-php/gateway/internal/supervisor/supervisor.go:375.4,375.18 1 0
github.com/go-php/gateway/internal/supervisor/supervisor.go:377.3,377.41 1 1
github.com/go-php/gateway/internal/supervisor/supervisor.go:379.2,379.15 1 1
github.com/go-php/gateway/internal/supervisor/supervisor.go:383.55,385.48 2 1
github.com/go-php/gateway/internal/supervisor/supervisor.go:385.48,387.3 1 0
github.com/go-php/gateway/internal/supervisor/supervisor.go:389.2,392.22 3 1
github.com/go-php/gateway/internal/supervisor/supervisor.go:392.22,394.3 1 1
github.com/go-php/gateway/internal/supervisor/supervisor.go:395.2,396.23 2 1
github.com/go-php/gateway/internal/supervisor/supervisor.go:396.23,398.3 1 1
github.com/go-php/gateway/internal/supervisor/supervisor.go:399.2,400.19 2 1
github.com/go-php/gateway/internal/supervisor/supervisor.go:400.19,402.3 1 1
github.com/go-php/gateway/internal/supervisor/supervisor.go:403.2,404.19 2 1
github.com/go-php/gateway/internal/supervisor/supervisor.go:404.19,406.3 1 1
github.com/go-php/gateway/internal/supervisor/supervisor.go:407.2,408.22 2 1
github.com/go-php/gateway/internal/supervisor/supervisor.go:408.22,410.3 1 1
github.com/go-php/gateway/internal/supervisor/supervisor.go:412.2,450.35 4 1
github.com/go-php/gateway/internal/supervisor/supervisor.go:450.35,451.39 1 1
github.com/go-php/gateway/internal/supervisor/supervisor.go:451.39,452.12 1 1
github.com/go-php/gateway/internal/supervisor/supervisor.go:454.3,455.83 2 1
github.com/go-php/gateway/internal/supervisor/supervisor.go:458.2,458.58 1 1
github.com/go-php/gateway/internal/supervisor/supervisor.go:458.58,460.68 2 1
github.com/go-php/gateway/internal/supervisor/supervisor.go:460.68,461.40 1 1
github.com/go-php/gateway/internal/supervisor/supervisor.go:461.40,462.13 1 0
github.com/go-php/gateway/internal/supervisor/supervisor.go:464.4,464.20 1 1
github.com/go-php/gateway/internal/supervisor/supervisor.go:465.26,466.89 1 1
github.com/go-php/gateway/internal/supervisor/supervisor.go:467.12,468.84 1 1
github.com/go-php/gateway/internal/supervisor/supervisor.go:473.2,473.56 1 1
github.com/go-php/gateway/internal/supervisor/supervisor.go:473.56,475.3 1 0
github.com/go-php/gateway/internal/supervisor/supervisor.go:477.2,477.21 1 1
github.com/go-php/gateway/internal/supervisor/watchdog.go:32.45,41.2 1 0
github.com/go-php/gateway/internal/supervisor/watchdog.go:57.86,58.23 1 1
github.com/go-php/gateway/internal/supervisor/watchdog.go:58.23,60.3 1 0
github.com/go-php/gateway/internal/supervisor/watchdog.go:61.2,61.54 1 1
github.com/go-php/gateway/internal/supervisor/watchdog.go:69.39,73.2 3 1
github.com/go-php/gateway/internal/supervisor/watchdog.go:76.35,80.2 3 1
github.com/go-php/gateway/internal/supervisor/watchdog.go:84.61,87.12 2 1
github.com/go-php/gateway/internal/supervisor/watchdog.go:87.12,93.7 4 1
github.com/go-php/gateway/internal/supervisor/watchdog.go:93.7,94.11 1 1
github.com/go-php/gateway/internal/supervisor/watchdog.go:95.22,96.11 1 1
github.com/go-php/gateway/internal/supervisor/watchdog.go:97.20,98.17 1 1
github.com/go-php/gateway/internal/supervisor/watchdog.go:103.2,103.13 1 1
github.com/go-php/gateway/internal/supervisor/watchdog.go:106.47,109.23 1 1
github.com/go-php/gateway/internal/supervisor/watchdog.go:110.78,111.9 1 1
github.com/go-php/gateway/internal/supervisor/watchdog.go:114.2,117.16 4 1
github.com/go-php/gateway/internal/supervisor/watchdog.go:117.16,120.3 2 0
github.com/go-php/gateway/internal/supervisor/watchdog.go:122.2,122.21 1 1
github.com/go-php/gateway/internal/supervisor/watchdog.go:122.21,124.3 1 1
github.com/go-php/gateway/internal/supervisor/watchdog.go:126.2,127.16 2 1
github.com/go-php/gateway/internal/supervisor/watchdog.go:131.36,134.55 3 0
github.com/go-php/gateway/internal/supervisor/watchdog.go:134.55,138.3 3 0
github.com/go-php/gateway/internal/supervisor/watchdog.go:143.49,149.31 4 1
github.com/go-php/gateway/internal/supervisor/watchdog.go:149.31,150.22 1 1
github.com/go-php/gateway/internal/supervisor/watchdog.go:150.22,152.4 1 1
github.com/go-php/gateway/internal/supervisor/watchdog.go:154.2,156.42 2 1
github.com/go-php/gateway/internal/supervisor/watchdog.go:156.42,165.3 6 1
github.com/go-php/gateway/internal/supervisor/watchdog.go:167.2,175.9 7 1
github.com/go-php/gateway/internal/supervisor/watchdog.go:176.20,177.9 1 0
github.com/go-php/gateway/internal/supervisor/watchdog.go:178.27,178.27 0 1
github.com/go-php/gateway/internal/supervisor/watchdog.go:181.2,187.46 6 1
github.com/go-php/gateway/internal/supervisor/watchdog.go:187.46,190.3 2 1
github.com/go-php/gateway/internal/supervisor/watchdog.go:191.2,191.36 1 0
github.com/go-php/gateway/internal/supervisor/watchdog.go:198.55,200.59 2 1
github.com/go-php/gateway/internal/supervisor/watchdog.go:200.59,202.3 1 1
github.com/go-php/gateway/internal/supervisor/watchdog.go:203.2,203.30 1 1
github.com/go-php/gateway/internal/supervisor/watchdog.go:203.30,205.3 1 1
github.com/go-php/gateway/internal/supervisor/watchdog.go:208.2,209.15 2 1
github.com/go-php/gateway/internal/supervisor/watchdog.go:209.15,211.3 1 0
github.com/go-php/gateway/internal/supervisor/watchdog.go:212.2,213.16 2 1
github.com/go-php/gateway/internal/supervisor/watchdog.go:213.16,215.3 1 0
github.com/go-php/gateway/internal/supervisor/watchdog.go:216.2,216.40 1 1
